<?xml version="1.0" encoding="UTF-8"?>
<coverage generated="1757742547411" clover="3.2.0">
  <project timestamp="1757742547411" name="All files">
    <metrics statements="374" coveredstatements="302" conditionals="170" coveredconditionals="127" methods="52" coveredmethods="41" elements="596" coveredelements="470" complexity="0" loc="374" ncloc="374" packages="3" files="3" classes="3"/>
    <package name="server.services">
      <metrics statements="192" coveredstatements="148" conditionals="75" coveredconditionals="46" methods="18" coveredmethods="14"/>
      <file name="dateParsingService.ts" path="C:\Users\Jimmy\Documents\KiroHackathon\taskoro\server\services\dateParsingService.ts">
        <metrics statements="192" coveredstatements="148" conditionals="75" coveredconditionals="46" methods="18" coveredmethods="14"/>
        <line num="1" count="2" type="stmt"/>
        <line num="5" count="2" type="stmt"/>
        <line num="20" count="2" type="stmt"/>
        <line num="128" count="2" type="stmt"/>
        <line num="147" count="2" type="stmt"/>
        <line num="156" count="2" type="stmt"/>
        <line num="166" count="2" type="stmt"/>
        <line num="171" count="2" type="stmt"/>
        <line num="177" count="0" type="stmt"/>
        <line num="180" count="0" type="stmt"/>
        <line num="187" count="0" type="stmt"/>
        <line num="189" count="0" type="stmt"/>
        <line num="200" count="8" type="stmt"/>
        <line num="206" count="8" type="stmt"/>
        <line num="209" count="8" type="stmt"/>
        <line num="210" count="8" type="cond" truecount="1" falsecount="0"/>
        <line num="211" count="1" type="stmt"/>
        <line num="212" count="1" type="stmt"/>
        <line num="215" count="1" type="stmt"/>
        <line num="219" count="8" type="stmt"/>
        <line num="220" count="8" type="cond" truecount="1" falsecount="0"/>
        <line num="221" count="8" type="stmt"/>
        <line num="222" count="8" type="stmt"/>
        <line num="226" count="8" type="stmt"/>
        <line num="231" count="8" type="cond" truecount="2" falsecount="0"/>
        <line num="232" count="2" type="stmt"/>
        <line num="234" count="2" type="stmt"/>
        <line num="238" count="2" type="stmt"/>
        <line num="243" count="6" type="stmt"/>
        <line num="244" count="6" type="cond" truecount="0" falsecount="1"/>
        <line num="246" count="0" type="stmt"/>
        <line num="249" count="6" type="stmt"/>
        <line num="251" count="6" type="cond" truecount="1" falsecount="0"/>
        <line num="252" count="4" type="stmt"/>
        <line num="253" count="4" type="stmt"/>
        <line num="256" count="4" type="cond" truecount="1" falsecount="1"/>
        <line num="260" count="0" type="cond" truecount="0" falsecount="2"/>
        <line num="263" count="0" type="cond" truecount="0" falsecount="2"/>
        <line num="265" count="0" type="stmt"/>
        <line num="270" count="0" type="stmt"/>
        <line num="273" count="0" type="stmt"/>
        <line num="279" count="0" type="stmt"/>
        <line num="280" count="0" type="stmt"/>
        <line num="283" count="0" type="stmt"/>
        <line num="290" count="4" type="stmt"/>
        <line num="294" count="4" type="cond" truecount="1" falsecount="0"/>
        <line num="298" count="2" type="stmt"/>
        <line num="299" count="2" type="stmt"/>
        <line num="300" count="2" type="cond" truecount="3" falsecount="0"/>
        <line num="301" count="2" type="stmt"/>
        <line num="306" count="4" type="stmt"/>
        <line num="309" count="4" type="stmt"/>
        <line num="315" count="4" type="stmt"/>
        <line num="320" count="4" type="cond" truecount="0" falsecount="1"/>
        <line num="321" count="0" type="stmt"/>
        <line num="327" count="8" type="stmt"/>
        <line num="330" count="8" type="cond" truecount="1" falsecount="0"/>
        <line num="336" count="8" type="stmt"/>
        <line num="342" count="8" type="stmt"/>
        <line num="349" count="4" type="stmt"/>
        <line num="352" count="4" type="cond" truecount="1" falsecount="0"/>
        <line num="353" count="2" type="stmt"/>
        <line num="354" count="4" type="cond" truecount="1" falsecount="0"/>
        <line num="355" count="2" type="stmt"/>
        <line num="356" count="4" type="cond" truecount="1" falsecount="0"/>
        <line num="357" count="2" type="stmt"/>
        <line num="358" count="4" type="cond" truecount="1" falsecount="0"/>
        <line num="359" count="2" type="stmt"/>
        <line num="360" count="4" type="cond" truecount="1" falsecount="0"/>
        <line num="361" count="2" type="stmt"/>
        <line num="363" count="4" type="stmt"/>
        <line num="375" count="8" type="stmt"/>
        <line num="378" count="8" type="cond" truecount="1" falsecount="0"/>
        <line num="379" count="2" type="stmt"/>
        <line num="380" count="2" type="cond" truecount="1" falsecount="0"/>
        <line num="381" count="2" type="stmt"/>
        <line num="393" count="6" type="cond" truecount="0" falsecount="1"/>
        <line num="397" count="0" type="stmt"/>
        <line num="398" count="0" type="cond" truecount="0" falsecount="1"/>
        <line num="399" count="0" type="stmt"/>
        <line num="410" count="6" type="stmt"/>
        <line num="422" count="4" type="cond" truecount="0" falsecount="1"/>
        <line num="423" count="0" type="stmt"/>
        <line num="430" count="4" type="stmt"/>
        <line num="441" count="5" type="stmt"/>
        <line num="444" count="5" type="stmt"/>
        <line num="445" count="5" type="cond" truecount="0" falsecount="1"/>
        <line num="446" count="0" type="stmt"/>
        <line num="450" count="5" type="stmt"/>
        <line num="451" count="40" type="stmt"/>
        <line num="452" count="40" type="stmt"/>
        <line num="457" count="40" type="stmt"/>
        <line num="460" count="5" type="stmt"/>
        <line num="467" count="40" type="stmt"/>
        <line num="468" count="40" type="stmt"/>
        <line num="469" count="40" type="stmt"/>
        <line num="480" count="55" type="stmt"/>
        <line num="481" count="55" type="stmt"/>
        <line num="484" count="55" type="cond" truecount="1" falsecount="1"/>
        <line num="491" count="55" type="stmt"/>
        <line num="506" count="3" type="stmt"/>
        <line num="509" count="3" type="stmt"/>
        <line num="510" count="3" type="cond" truecount="0" falsecount="1"/>
        <line num="511" count="0" type="stmt"/>
        <line num="514" count="3" type="stmt"/>
        <line num="515" count="3" type="stmt"/>
        <line num="518" count="3" type="stmt"/>
        <line num="519" count="3" type="stmt"/>
        <line num="523" count="3" type="stmt"/>
        <line num="525" count="3" type="stmt"/>
        <line num="526" count="15" type="stmt"/>
        <line num="527" count="15" type="stmt"/>
        <line num="532" count="15" type="stmt"/>
        <line num="535" count="3" type="stmt"/>
        <line num="547" count="8" type="stmt"/>
        <line num="548" count="50" type="stmt"/>
        <line num="549" count="50" type="cond" truecount="1" falsecount="0"/>
        <line num="550" count="1" type="stmt"/>
        <line num="559" count="7" type="stmt"/>
        <line num="560" count="35" type="stmt"/>
        <line num="561" count="35" type="cond" truecount="0" falsecount="1"/>
        <line num="562" count="0" type="stmt"/>
        <line num="571" count="7" type="stmt"/>
        <line num="572" count="21" type="stmt"/>
        <line num="573" count="21" type="cond" truecount="0" falsecount="1"/>
        <line num="574" count="0" type="stmt"/>
        <line num="582" count="7" type="stmt"/>
        <line num="594" count="43" type="stmt"/>
        <line num="598" count="43" type="stmt"/>
        <line num="605" count="43" type="stmt"/>
        <line num="637" count="43" type="stmt"/>
        <line num="638" count="129" type="stmt"/>
        <line num="639" count="4257" type="stmt"/>
        <line num="640" count="4257" type="cond" truecount="1" falsecount="0"/>
        <line num="642" count="76" type="stmt"/>
        <line num="645" count="76" type="cond" truecount="2" falsecount="0"/>
        <line num="650" count="51" type="stmt"/>
        <line num="651" count="25" type="cond" truecount="1" falsecount="0"/>
        <line num="652" count="8" type="stmt"/>
        <line num="655" count="76" type="cond" truecount="0" falsecount="1"/>
        <line num="657" count="76" type="stmt"/>
        <line num="658" count="76" type="stmt"/>
        <line num="664" count="43" type="stmt"/>
        <line num="665" count="43" type="stmt"/>
        <line num="666" count="43" type="stmt"/>
        <line num="668" count="43" type="stmt"/>
        <line num="669" count="129" type="cond" truecount="1" falsecount="0"/>
        <line num="670" count="42" type="stmt"/>
        <line num="671" count="42" type="stmt"/>
        <line num="672" count="42" type="stmt"/>
        <line num="677" count="43" type="stmt"/>
        <line num="678" count="43" type="cond" truecount="1" falsecount="0"/>
        <line num="679" count="39" type="cond" truecount="2" falsecount="0"/>
        <line num="680" count="22" type="stmt"/>
        <line num="681" count="17" type="cond" truecount="2" falsecount="0"/>
        <line num="682" count="12" type="stmt"/>
        <line num="684" count="5" type="stmt"/>
        <line num="688" count="43" type="stmt"/>
        <line num="699" count="8" type="stmt"/>
        <line num="715" count="0" type="stmt"/>
        <line num="716" count="0" type="cond" truecount="0" falsecount="1"/>
        <line num="717" count="0" type="stmt"/>
        <line num="720" count="0" type="stmt"/>
        <line num="721" count="0" type="cond" truecount="0" falsecount="1"/>
        <line num="722" count="0" type="stmt"/>
        <line num="725" count="0" type="cond" truecount="0" falsecount="1"/>
        <line num="729" count="0" type="stmt"/>
        <line num="732" count="0" type="stmt"/>
        <line num="738" count="0" type="stmt"/>
        <line num="739" count="0" type="stmt"/>
        <line num="742" count="0" type="stmt"/>
        <line num="749" count="0" type="stmt"/>
        <line num="752" count="0" type="stmt"/>
        <line num="760" count="0" type="stmt"/>
        <line num="762" count="0" type="cond" truecount="0" falsecount="1"/>
        <line num="763" count="0" type="stmt"/>
        <line num="764" count="0" type="stmt"/>
        <line num="766" count="0" type="cond" truecount="0" falsecount="5"/>
        <line num="767" count="0" type="stmt"/>
        <line num="771" count="0" type="stmt"/>
        <line num="778" count="0" type="stmt"/>
        <line num="790" count="8" type="stmt"/>
        <line num="791" count="8" type="stmt"/>
        <line num="794" count="8" type="cond" truecount="1" falsecount="0"/>
        <line num="795" count="3" type="stmt"/>
        <line num="803" count="8" type="cond" truecount="1" falsecount="0"/>
        <line num="807" count="3" type="cond" truecount="2" falsecount="0"/>
        <line num="810" count="3" type="stmt"/>
        <line num="820" count="8" type="stmt"/>
        <line num="832" count="35" type="stmt"/>
        <line num="839" count="1" type="stmt"/>
        <line num="844" count="2" type="stmt"/>
      </file>
    </package>
    <package name="src.services">
      <metrics statements="45" coveredstatements="38" conditionals="3" coveredconditionals="2" methods="17" coveredmethods="12"/>
      <file name="networkStatus.ts" path="C:\Users\Jimmy\Documents\KiroHackathon\taskoro\src\services\networkStatus.ts">
        <metrics statements="45" coveredstatements="38" conditionals="3" coveredconditionals="2" methods="17" coveredmethods="12"/>
        <line num="4" count="1" type="stmt"/>
        <line num="5" count="1" type="stmt"/>
        <line num="6" count="1" type="stmt"/>
        <line num="7" count="1" type="stmt"/>
        <line num="8" count="1" type="stmt"/>
        <line num="11" count="1" type="stmt"/>
        <line num="16" count="1" type="stmt"/>
        <line num="17" count="1" type="stmt"/>
        <line num="20" count="1" type="stmt"/>
        <line num="23" count="1" type="stmt"/>
        <line num="24" count="0" type="stmt"/>
        <line num="27" count="1" type="stmt"/>
        <line num="28" count="0" type="stmt"/>
        <line num="32" count="2" type="cond" truecount="1" falsecount="0"/>
        <line num="33" count="1" type="stmt"/>
        <line num="34" count="1" type="stmt"/>
        <line num="39" count="1" type="stmt"/>
        <line num="40" count="0" type="stmt"/>
        <line num="41" count="0" type="stmt"/>
        <line num="43" count="0" type="stmt"/>
        <line num="49" count="1" type="cond" truecount="0" falsecount="1"/>
        <line num="50" count="0" type="stmt"/>
        <line num="53" count="1" type="stmt"/>
        <line num="54" count="0" type="stmt"/>
        <line num="59" count="2" type="stmt"/>
        <line num="61" count="2" type="stmt"/>
        <line num="62" count="2" type="stmt"/>
        <line num="64" count="2" type="stmt"/>
        <line num="70" count="1" type="stmt"/>
        <line num="73" count="1" type="stmt"/>
        <line num="76" count="1" type="stmt"/>
        <line num="82" count="2" type="stmt"/>
        <line num="86" count="1" type="stmt"/>
        <line num="89" count="1" type="stmt"/>
        <line num="90" count="1" type="stmt"/>
        <line num="95" count="1" type="stmt"/>
        <line num="100" count="2" type="stmt"/>
        <line num="101" count="2" type="stmt"/>
        <line num="106" count="1" type="stmt"/>
        <line num="107" count="1" type="stmt"/>
        <line num="109" count="1" type="cond" truecount="1" falsecount="0"/>
        <line num="110" count="1" type="stmt"/>
        <line num="111" count="1" type="stmt"/>
        <line num="114" count="1" type="stmt"/>
        <line num="118" count="1" type="stmt"/>
      </file>
    </package>
    <package name="src.utils">
      <metrics statements="137" coveredstatements="116" conditionals="92" coveredconditionals="79" methods="17" coveredmethods="15"/>
      <file name="timeParser.ts" path="C:\Users\Jimmy\Documents\KiroHackathon\taskoro\src\utils\timeParser.ts">
        <metrics statements="137" coveredstatements="116" conditionals="92" coveredconditionals="79" methods="17" coveredmethods="15"/>
        <line num="20" count="1" type="stmt"/>
        <line num="22" count="1" type="stmt"/>
        <line num="65" count="46" type="cond" truecount="3" falsecount="0"/>
        <line num="66" count="3" type="stmt"/>
        <line num="73" count="43" type="stmt"/>
        <line num="76" count="43" type="cond" truecount="1" falsecount="0"/>
        <line num="77" count="3" type="stmt"/>
        <line num="84" count="40" type="cond" truecount="1" falsecount="0"/>
        <line num="85" count="2" type="stmt"/>
        <line num="93" count="38" type="stmt"/>
        <line num="94" count="164" type="stmt"/>
        <line num="95" count="164" type="cond" truecount="1" falsecount="0"/>
        <line num="96" count="28" type="stmt"/>
        <line num="97" count="28" type="stmt"/>
        <line num="98" count="28" type="cond" truecount="1" falsecount="0"/>
        <line num="99" count="28" type="stmt"/>
        <line num="102" count="0" type="stmt"/>
        <line num="108" count="10" type="stmt"/>
        <line num="122" count="28" type="cond" truecount="4" falsecount="2"/>
        <line num="124" count="11" type="stmt"/>
        <line num="126" count="13" type="stmt"/>
        <line num="128" count="3" type="stmt"/>
        <line num="130" count="0" type="stmt"/>
        <line num="132" count="1" type="stmt"/>
        <line num="134" count="0" type="stmt"/>
        <line num="142" count="11" type="stmt"/>
        <line num="143" count="11" type="stmt"/>
        <line num="145" count="11" type="cond" truecount="2" falsecount="1"/>
        <line num="146" count="0" type="stmt"/>
        <line num="149" count="11" type="stmt"/>
        <line num="150" count="11" type="stmt"/>
        <line num="152" count="11" type="stmt"/>
        <line num="163" count="14" type="stmt"/>
        <line num="164" count="14" type="stmt"/>
        <line num="165" count="14" type="stmt"/>
        <line num="167" count="14" type="cond" truecount="3" falsecount="1"/>
        <line num="168" count="0" type="stmt"/>
        <line num="171" count="14" type="stmt"/>
        <line num="172" count="14" type="cond" truecount="4" falsecount="0"/>
        <line num="173" count="2" type="stmt"/>
        <line num="174" count="12" type="cond" truecount="3" falsecount="0"/>
        <line num="175" count="4" type="stmt"/>
        <line num="178" count="14" type="stmt"/>
        <line num="179" count="14" type="stmt"/>
        <line num="181" count="14" type="stmt"/>
        <line num="192" count="3" type="stmt"/>
        <line num="193" count="3" type="stmt"/>
        <line num="195" count="3" type="cond" truecount="2" falsecount="1"/>
        <line num="196" count="0" type="stmt"/>
        <line num="199" count="3" type="stmt"/>
        <line num="200" count="3" type="cond" truecount="3" falsecount="1"/>
        <line num="201" count="0" type="stmt"/>
        <line num="202" count="3" type="cond" truecount="3" falsecount="0"/>
        <line num="203" count="1" type="stmt"/>
        <line num="206" count="3" type="stmt"/>
        <line num="207" count="3" type="stmt"/>
        <line num="209" count="3" type="stmt"/>
        <line num="222" count="0" type="stmt"/>
        <line num="223" count="0" type="cond" truecount="0" falsecount="2"/>
        <line num="225" count="0" type="stmt"/>
        <line num="226" count="0" type="stmt"/>
        <line num="227" count="0" type="stmt"/>
        <line num="232" count="0" type="cond" truecount="0" falsecount="1"/>
        <line num="234" count="0" type="stmt"/>
        <line num="235" count="0" type="stmt"/>
        <line num="236" count="0" type="stmt"/>
        <line num="243" count="0" type="stmt"/>
        <line num="252" count="1" type="stmt"/>
        <line num="253" count="1" type="stmt"/>
        <line num="254" count="1" type="stmt"/>
        <line num="256" count="1" type="stmt"/>
        <line num="268" count="15" type="cond" truecount="2" falsecount="0"/>
        <line num="269" count="15" type="cond" truecount="4" falsecount="0"/>
        <line num="270" count="15" type="stmt"/>
        <line num="277" count="10" type="stmt"/>
        <line num="280" count="10" type="stmt"/>
        <line num="281" count="10" type="cond" truecount="3" falsecount="0"/>
        <line num="282" count="10" type="stmt"/>
        <line num="285" count="10" type="cond" truecount="3" falsecount="0"/>
        <line num="286" count="4" type="stmt"/>
        <line num="287" count="4" type="cond" truecount="1" falsecount="0"/>
        <line num="288" count="3" type="stmt"/>
        <line num="289" count="3" type="cond" truecount="1" falsecount="0"/>
        <line num="290" count="1" type="stmt"/>
        <line num="293" count="1" type="stmt"/>
        <line num="300" count="10" type="cond" truecount="3" falsecount="0"/>
        <line num="301" count="6" type="stmt"/>
        <line num="302" count="6" type="cond" truecount="1" falsecount="0"/>
        <line num="303" count="5" type="stmt"/>
        <line num="304" count="5" type="cond" truecount="1" falsecount="0"/>
        <line num="305" count="3" type="stmt"/>
        <line num="314" count="10" type="cond" truecount="1" falsecount="0"/>
        <line num="315" count="4" type="stmt"/>
        <line num="318" count="10" type="stmt"/>
        <line num="325" count="4" type="cond" truecount="2" falsecount="1"/>
        <line num="326" count="0" type="stmt"/>
        <line num="333" count="4" type="stmt"/>
        <line num="334" count="4" type="stmt"/>
        <line num="345" count="6" type="cond" truecount="3" falsecount="0"/>
        <line num="346" count="2" type="stmt"/>
        <line num="349" count="4" type="stmt"/>
        <line num="350" count="4" type="stmt"/>
        <line num="351" count="4" type="stmt"/>
        <line num="353" count="4" type="cond" truecount="2" falsecount="1"/>
        <line num="354" count="0" type="stmt"/>
        <line num="357" count="4" type="stmt"/>
        <line num="364" count="0" type="stmt"/>
        <line num="365" count="0" type="cond" truecount="0" falsecount="2"/>
        <line num="372" count="5" type="cond" truecount="1" falsecount="0"/>
        <line num="373" count="1" type="stmt"/>
        <line num="376" count="4" type="stmt"/>
        <line num="377" count="4" type="stmt"/>
        <line num="380" count="4" type="cond" truecount="1" falsecount="0"/>
        <line num="381" count="1" type="stmt"/>
        <line num="382" count="1" type="cond" truecount="3" falsecount="0"/>
        <line num="383" count="1" type="stmt"/>
        <line num="390" count="1" type="cond" truecount="3" falsecount="0"/>
        <line num="391" count="1" type="stmt"/>
        <line num="399" count="4" type="cond" truecount="1" falsecount="0"/>
        <line num="400" count="1" type="stmt"/>
        <line num="401" count="1" type="cond" truecount="3" falsecount="0"/>
        <line num="402" count="1" type="stmt"/>
        <line num="410" count="1" type="cond" truecount="3" falsecount="0"/>
        <line num="411" count="1" type="stmt"/>
        <line num="421" count="4" type="cond" truecount="1" falsecount="0"/>
        <line num="422" count="1" type="stmt"/>
        <line num="424" count="4" type="cond" truecount="1" falsecount="0"/>
        <line num="425" count="1" type="stmt"/>
        <line num="428" count="4" type="stmt"/>
        <line num="436" count="1" type="stmt"/>
        <line num="437" count="42" type="stmt"/>
        <line num="438" count="1" type="stmt"/>
        <line num="439" count="4" type="stmt"/>
        <line num="440" count="1" type="stmt"/>
        <line num="441" count="6" type="stmt"/>
        <line num="442" count="1" type="stmt"/>
        <line num="443" count="5" type="stmt"/>
      </file>
    </package>
  </project>
</coverage>
