{"C:\\Users\\Jimmy\\Documents\\KiroHackathon\\taskoro\\server\\services\\dateParsingService.ts": {"path":"C:\\Users\\Jimmy\\Documents\\KiroHackathon\\taskoro\\server\\services\\dateParsingService.ts","statementMap":{"0":{"start":{"line":1,"column":0},"end":{"line":1,"column":38}},"1":{"start":{"line":5,"column":26},"end":{"line":17,"column":11}},"2":{"start":{"line":20,"column":26},"end":{"line":126,"column":11}},"3":{"start":{"line":128,"column":26},"end":{"line":145,"column":11}},"4":{"start":{"line":147,"column":22},"end":{"line":154,"column":11}},"5":{"start":{"line":156,"column":18},"end":{"line":164,"column":11}},"6":{"start":{"line":166,"column":28},"end":{"line":169,"column":11}},"7":{"start":{"line":177,"column":16},"end":{"line":177,"column":26}},"8":{"start":{"line":180,"column":27},"end":{"line":182,"column":6}},"9":{"start":{"line":187,"column":26},"end":{"line":187,"column":50}},"10":{"start":{"line":189,"column":4},"end":{"line":189,"column":25}},"11":{"start":{"line":200,"column":32},"end":{"line":204,"column":6}},"12":{"start":{"line":206,"column":23},"end":{"line":206,"column":28}},"13":{"start":{"line":209,"column":21},"end":{"line":209,"column":48}},"14":{"start":{"line":210,"column":4},"end":{"line":216,"column":5}},"15":{"start":{"line":211,"column":6},"end":{"line":211,"column":42}},"16":{"start":{"line":212,"column":6},"end":{"line":214,"column":16}},"17":{"start":{"line":215,"column":6},"end":{"line":215,"column":75}},"18":{"start":{"line":219,"column":21},"end":{"line":219,"column":58}},"19":{"start":{"line":220,"column":4},"end":{"line":223,"column":5}},"20":{"start":{"line":221,"column":6},"end":{"line":221,"column":42}},"21":{"start":{"line":222,"column":6},"end":{"line":222,"column":75}},"22":{"start":{"line":226,"column":26},"end":{"line":229,"column":null}},"23":{"start":{"line":231,"column":4},"end":{"line":324,"column":5}},"24":{"start":{"line":232,"column":6},"end":{"line":232,"column":52}},"25":{"start":{"line":234,"column":6},"end":{"line":237,"column":8}},"26":{"start":{"line":238,"column":6},"end":{"line":240,"column":16}},"27":{"start":{"line":243,"column":32},"end":{"line":243,"column":45}},"28":{"start":{"line":244,"column":6},"end":{"line":247,"column":7}},"29":{"start":{"line":246,"column":8},"end":{"line":246,"column":78}},"30":{"start":{"line":249,"column":26},"end":{"line":249,"column":73}},"31":{"start":{"line":251,"column":6},"end":{"line":323,"column":7}},"32":{"start":{"line":252,"column":27},"end":{"line":252,"column":41}},"33":{"start":{"line":253,"column":27},"end":{"line":253,"column":50}},"34":{"start":{"line":256,"column":8},"end":{"line":291,"column":9}},"35":{"start":{"line":260,"column":12},"end":{"line":261,"column":48}},"36":{"start":{"line":263,"column":10},"end":{"line":288,"column":11}},"37":{"start":{"line":265,"column":12},"end":{"line":265,"column":40}},"38":{"start":{"line":270,"column":14},"end":{"line":270,"column":61}},"39":{"start":{"line":273,"column":29},"end":{"line":275,"column":null}},"40":{"start":{"line":279,"column":31},"end":{"line":279,"column":57}},"41":{"start":{"line":280,"column":12},"end":{"line":280,"column":64}},"42":{"start":{"line":283,"column":12},"end":{"line":287,"column":14}},"43":{"start":{"line":290,"column":10},"end":{"line":290,"column":38}},"44":{"start":{"line":294,"column":8},"end":{"line":303,"column":9}},"45":{"start":{"line":298,"column":24},"end":{"line":298,"column":52}},"46":{"start":{"line":299,"column":26},"end":{"line":299,"column":56}},"47":{"start":{"line":300,"column":10},"end":{"line":302,"column":11}},"48":{"start":{"line":301,"column":12},"end":{"line":301,"column":107}},"49":{"start":{"line":306,"column":8},"end":{"line":306,"column":72}},"50":{"start":{"line":309,"column":8},"end":{"line":312,"column":10}},"51":{"start":{"line":315,"column":40},"end":{"line":318,"column":null}},"52":{"start":{"line":320,"column":8},"end":{"line":322,"column":9}},"53":{"start":{"line":321,"column":10},"end":{"line":321,"column":66}},"54":{"start":{"line":327,"column":4},"end":{"line":327,"column":49}},"55":{"start":{"line":330,"column":4},"end":{"line":340,"column":5}},"56":{"start":{"line":336,"column":6},"end":{"line":339,"column":8}},"57":{"start":{"line":342,"column":4},"end":{"line":342,"column":18}},"58":{"start":{"line":349,"column":21},"end":{"line":349,"column":43}},"59":{"start":{"line":352,"column":4},"end":{"line":353,"column":49}},"60":{"start":{"line":353,"column":6},"end":{"line":353,"column":49}},"61":{"start":{"line":354,"column":4},"end":{"line":355,"column":50}},"62":{"start":{"line":355,"column":6},"end":{"line":355,"column":50}},"63":{"start":{"line":356,"column":4},"end":{"line":357,"column":48}},"64":{"start":{"line":357,"column":6},"end":{"line":357,"column":48}},"65":{"start":{"line":358,"column":4},"end":{"line":359,"column":49}},"66":{"start":{"line":359,"column":6},"end":{"line":359,"column":49}},"67":{"start":{"line":360,"column":4},"end":{"line":361,"column":51}},"68":{"start":{"line":361,"column":6},"end":{"line":361,"column":51}},"69":{"start":{"line":363,"column":4},"end":{"line":363,"column":37}},"70":{"start":{"line":375,"column":22},"end":{"line":375,"column":40}},"71":{"start":{"line":378,"column":4},"end":{"line":390,"column":5}},"72":{"start":{"line":379,"column":20},"end":{"line":379,"column":44}},"73":{"start":{"line":380,"column":6},"end":{"line":389,"column":7}},"74":{"start":{"line":381,"column":8},"end":{"line":388,"column":10}},"75":{"start":{"line":393,"column":4},"end":{"line":408,"column":5}},"76":{"start":{"line":397,"column":20},"end":{"line":397,"column":58}},"77":{"start":{"line":398,"column":6},"end":{"line":407,"column":7}},"78":{"start":{"line":399,"column":8},"end":{"line":406,"column":10}},"79":{"start":{"line":410,"column":4},"end":{"line":410,"column":16}},"80":{"start":{"line":422,"column":4},"end":{"line":428,"column":5}},"81":{"start":{"line":423,"column":6},"end":{"line":427,"column":8}},"82":{"start":{"line":430,"column":4},"end":{"line":430,"column":16}},"83":{"start":{"line":441,"column":38},"end":{"line":441,"column":40}},"84":{"start":{"line":444,"column":19},"end":{"line":444,"column":32}},"85":{"start":{"line":445,"column":4},"end":{"line":447,"column":5}},"86":{"start":{"line":446,"column":6},"end":{"line":446,"column":65}},"87":{"start":{"line":450,"column":4},"end":{"line":458,"column":5}},"88":{"start":{"line":450,"column":25},"end":{"line":450,"column":26}},"89":{"start":{"line":451,"column":19},"end":{"line":451,"column":58}},"90":{"start":{"line":452,"column":25},"end":{"line":455,"column":null}},"91":{"start":{"line":457,"column":6},"end":{"line":457,"column":35}},"92":{"start":{"line":460,"column":4},"end":{"line":460,"column":23}},"93":{"start":{"line":467,"column":19},"end":{"line":467,"column":33}},"94":{"start":{"line":468,"column":4},"end":{"line":468,"column":44}},"95":{"start":{"line":469,"column":4},"end":{"line":469,"column":18}},"96":{"start":{"line":480,"column":22},"end":{"line":480,"column":35}},"97":{"start":{"line":481,"column":20},"end":{"line":481,"column":40}},"98":{"start":{"line":484,"column":24},"end":{"line":489,"column":72}},"99":{"start":{"line":491,"column":4},"end":{"line":495,"column":6}},"100":{"start":{"line":506,"column":38},"end":{"line":506,"column":40}},"101":{"start":{"line":509,"column":19},"end":{"line":509,"column":32}},"102":{"start":{"line":510,"column":4},"end":{"line":512,"column":5}},"103":{"start":{"line":511,"column":6},"end":{"line":511,"column":65}},"104":{"start":{"line":514,"column":17},"end":{"line":514,"column":39}},"105":{"start":{"line":515,"column":18},"end":{"line":515,"column":37}},"106":{"start":{"line":518,"column":20},"end":{"line":518,"column":58}},"107":{"start":{"line":519,"column":18},"end":{"line":519,"column":36}},"108":{"start":{"line":523,"column":21},"end":{"line":523,"column":49}},"109":{"start":{"line":525,"column":4},"end":{"line":533,"column":5}},"110":{"start":{"line":525,"column":19},"end":{"line":525,"column":27}},"111":{"start":{"line":526,"column":19},"end":{"line":526,"column":45}},"112":{"start":{"line":527,"column":25},"end":{"line":530,"column":null}},"113":{"start":{"line":532,"column":6},"end":{"line":532,"column":35}},"114":{"start":{"line":535,"column":4},"end":{"line":535,"column":23}},"115":{"start":{"line":547,"column":4},"end":{"line":556,"column":5}},"116":{"start":{"line":548,"column":20},"end":{"line":548,"column":55}},"117":{"start":{"line":549,"column":6},"end":{"line":555,"column":7}},"118":{"start":{"line":550,"column":8},"end":{"line":554,"column":10}},"119":{"start":{"line":559,"column":4},"end":{"line":568,"column":5}},"120":{"start":{"line":560,"column":20},"end":{"line":560,"column":55}},"121":{"start":{"line":561,"column":6},"end":{"line":567,"column":7}},"122":{"start":{"line":562,"column":8},"end":{"line":566,"column":10}},"123":{"start":{"line":571,"column":4},"end":{"line":580,"column":5}},"124":{"start":{"line":572,"column":20},"end":{"line":572,"column":55}},"125":{"start":{"line":573,"column":6},"end":{"line":579,"column":7}},"126":{"start":{"line":574,"column":8},"end":{"line":578,"column":10}},"127":{"start":{"line":582,"column":4},"end":{"line":582,"column":46}},"128":{"start":{"line":594,"column":22},"end":{"line":594,"column":40}},"129":{"start":{"line":598,"column":8},"end":{"line":602,"column":6}},"130":{"start":{"line":605,"column":33},"end":{"line":634,"column":6}},"131":{"start":{"line":637,"column":4},"end":{"line":661,"column":5}},"132":{"start":{"line":638,"column":6},"end":{"line":660,"column":7}},"133":{"start":{"line":639,"column":22},"end":{"line":639,"column":57}},"134":{"start":{"line":640,"column":8},"end":{"line":659,"column":9}},"135":{"start":{"line":642,"column":23},"end":{"line":642,"column":24}},"136":{"start":{"line":645,"column":10},"end":{"line":653,"column":11}},"137":{"start":{"line":650,"column":12},"end":{"line":650,"column":25}},"138":{"start":{"line":651,"column":17},"end":{"line":653,"column":11}},"139":{"start":{"line":652,"column":12},"end":{"line":652,"column":25}},"140":{"start":{"line":655,"column":10},"end":{"line":655,"column":51}},"141":{"start":{"line":655,"column":37},"end":{"line":655,"column":51}},"142":{"start":{"line":657,"column":10},"end":{"line":657,"column":55}},"143":{"start":{"line":658,"column":10},"end":{"line":658,"column":62}},"144":{"start":{"line":664,"column":23},"end":{"line":664,"column":25}},"145":{"start":{"line":665,"column":20},"end":{"line":665,"column":21}},"146":{"start":{"line":666,"column":33},"end":{"line":666,"column":35}},"147":{"start":{"line":668,"column":4},"end":{"line":674,"column":5}},"148":{"start":{"line":669,"column":6},"end":{"line":673,"column":7}},"149":{"start":{"line":670,"column":8},"end":{"line":670,"column":36}},"150":{"start":{"line":671,"column":8},"end":{"line":671,"column":31}},"151":{"start":{"line":672,"column":8},"end":{"line":672,"column":37}},"152":{"start":{"line":677,"column":21},"end":{"line":677,"column":22}},"153":{"start":{"line":678,"column":4},"end":{"line":686,"column":5}},"154":{"start":{"line":679,"column":6},"end":{"line":685,"column":7}},"155":{"start":{"line":680,"column":8},"end":{"line":680,"column":53}},"156":{"start":{"line":681,"column":13},"end":{"line":685,"column":7}},"157":{"start":{"line":682,"column":8},"end":{"line":682,"column":55}},"158":{"start":{"line":684,"column":8},"end":{"line":684,"column":52}},"159":{"start":{"line":688,"column":4},"end":{"line":692,"column":6}},"160":{"start":{"line":699,"column":4},"end":{"line":703,"column":14}},"161":{"start":{"line":715,"column":30},"end":{"line":715,"column":43}},"162":{"start":{"line":716,"column":4},"end":{"line":718,"column":5}},"163":{"start":{"line":717,"column":6},"end":{"line":717,"column":76}},"164":{"start":{"line":720,"column":20},"end":{"line":720,"column":63}},"165":{"start":{"line":721,"column":4},"end":{"line":750,"column":5}},"166":{"start":{"line":722,"column":25},"end":{"line":722,"column":48}},"167":{"start":{"line":725,"column":6},"end":{"line":747,"column":7}},"168":{"start":{"line":729,"column":10},"end":{"line":729,"column":57}},"169":{"start":{"line":732,"column":25},"end":{"line":734,"column":null}},"170":{"start":{"line":738,"column":27},"end":{"line":738,"column":53}},"171":{"start":{"line":739,"column":8},"end":{"line":739,"column":60}},"172":{"start":{"line":742,"column":8},"end":{"line":746,"column":10}},"173":{"start":{"line":749,"column":6},"end":{"line":749,"column":24}},"174":{"start":{"line":752,"column":4},"end":{"line":752,"column":16}},"175":{"start":{"line":760,"column":18},"end":{"line":760,"column":55}},"176":{"start":{"line":762,"column":4},"end":{"line":769,"column":5}},"177":{"start":{"line":763,"column":20},"end":{"line":763,"column":42}},"178":{"start":{"line":764,"column":22},"end":{"line":764,"column":44}},"179":{"start":{"line":766,"column":6},"end":{"line":768,"column":7}},"180":{"start":{"line":767,"column":8},"end":{"line":767,"column":93}},"181":{"start":{"line":771,"column":4},"end":{"line":771,"column":16}},"182":{"start":{"line":778,"column":4},"end":{"line":778,"column":29}},"183":{"start":{"line":790,"column":50},"end":{"line":790,"column":52}},"184":{"start":{"line":791,"column":22},"end":{"line":791,"column":51}},"185":{"start":{"line":794,"column":4},"end":{"line":800,"column":5}},"186":{"start":{"line":795,"column":6},"end":{"line":799,"column":9}},"187":{"start":{"line":803,"column":4},"end":{"line":818,"column":5}},"188":{"start":{"line":807,"column":27},"end":{"line":809,"column":24}},"189":{"start":{"line":810,"column":6},"end":{"line":817,"column":9}},"190":{"start":{"line":820,"column":4},"end":{"line":820,"column":29}},"191":{"start":{"line":832,"column":4},"end":{"line":832,"column":48}},"192":{"start":{"line":839,"column":4},"end":{"line":839,"column":29}},"193":{"start":{"line":171,"column":0},"end":{"line":171,"column":13}},"194":{"start":{"line":844,"column":13},"end":{"line":844,"column":59}}},"fnMap":{"0":{"name":"(anonymous_9)","decl":{"start":{"line":175,"column":10},"end":{"line":175,"column":42}},"loc":{"start":{"line":175,"column":59},"end":{"line":190,"column":3}}},"1":{"name":"(anonymous_10)","decl":{"start":{"line":195,"column":9},"end":{"line":195,"column":19}},"loc":{"start":{"line":198,"column":21},"end":{"line":343,"column":3}}},"2":{"name":"(anonymous_11)","decl":{"start":{"line":348,"column":10},"end":{"line":348,"column":33}},"loc":{"start":{"line":348,"column":65},"end":{"line":364,"column":3}}},"3":{"name":"(anonymous_12)","decl":{"start":{"line":370,"column":10},"end":{"line":370,"column":39}},"loc":{"start":{"line":373,"column":21},"end":{"line":411,"column":3}}},"4":{"name":"(anonymous_13)","decl":{"start":{"line":416,"column":10},"end":{"line":416,"column":31}},"loc":{"start":{"line":419,"column":21},"end":{"line":431,"column":3}}},"5":{"name":"(anonymous_14)","decl":{"start":{"line":437,"column":10},"end":{"line":437,"column":37}},"loc":{"start":{"line":439,"column":21},"end":{"line":461,"column":3}}},"6":{"name":"(anonymous_15)","decl":{"start":{"line":466,"column":10},"end":{"line":466,"column":23}},"loc":{"start":{"line":466,"column":48},"end":{"line":470,"column":3}}},"7":{"name":"(anonymous_16)","decl":{"start":{"line":475,"column":10},"end":{"line":475,"column":30}},"loc":{"start":{"line":478,"column":21},"end":{"line":496,"column":3}}},"8":{"name":"(anonymous_17)","decl":{"start":{"line":502,"column":10},"end":{"line":502,"column":39}},"loc":{"start":{"line":504,"column":21},"end":{"line":536,"column":3}}},"9":{"name":"(anonymous_18)","decl":{"start":{"line":541,"column":10},"end":{"line":541,"column":25}},"loc":{"start":{"line":541,"column":38},"end":{"line":583,"column":3}}},"10":{"name":"(anonymous_19)","decl":{"start":{"line":589,"column":10},"end":{"line":589,"column":35}},"loc":{"start":{"line":589,"column":48},"end":{"line":693,"column":3}}},"11":{"name":"(anonymous_20)","decl":{"start":{"line":698,"column":10},"end":{"line":698,"column":20}},"loc":{"start":{"line":698,"column":34},"end":{"line":704,"column":3}}},"12":{"name":"(anonymous_21)","decl":{"start":{"line":709,"column":9},"end":{"line":709,"column":26}},"loc":{"start":{"line":712,"column":21},"end":{"line":753,"column":3}}},"13":{"name":"(anonymous_22)","decl":{"start":{"line":758,"column":9},"end":{"line":758,"column":30}},"loc":{"start":{"line":758,"column":43},"end":{"line":772,"column":3}}},"14":{"name":"(anonymous_23)","decl":{"start":{"line":777,"column":9},"end":{"line":777,"column":27}},"loc":{"start":{"line":777,"column":47},"end":{"line":779,"column":3}}},"15":{"name":"(anonymous_24)","decl":{"start":{"line":785,"column":9},"end":{"line":785,"column":42}},"loc":{"start":{"line":788,"column":21},"end":{"line":821,"column":3}}},"16":{"name":"(anonymous_25)","decl":{"start":{"line":827,"column":9},"end":{"line":827,"column":30}},"loc":{"start":{"line":827,"column":43},"end":{"line":833,"column":3}}},"17":{"name":"(anonymous_26)","decl":{"start":{"line":838,"column":9},"end":{"line":838,"column":28}},"loc":{"start":{"line":838,"column":28},"end":{"line":840,"column":3}}}},"branchMap":{"0":{"loc":{"start":{"line":197,"column":4},"end":{"line":197,"column":36}},"type":"default-arg","locations":[{"start":{"line":197,"column":26},"end":{"line":197,"column":36}}]},"1":{"loc":{"start":{"line":210,"column":4},"end":{"line":216,"column":5}},"type":"if","locations":[{"start":{"line":210,"column":4},"end":{"line":216,"column":5}}]},"2":{"loc":{"start":{"line":220,"column":4},"end":{"line":223,"column":5}},"type":"if","locations":[{"start":{"line":220,"column":4},"end":{"line":223,"column":5}}]},"3":{"loc":{"start":{"line":231,"column":4},"end":{"line":324,"column":5}},"type":"if","locations":[{"start":{"line":231,"column":4},"end":{"line":324,"column":5}},{"start":{"line":241,"column":11},"end":{"line":324,"column":5}}]},"4":{"loc":{"start":{"line":244,"column":6},"end":{"line":247,"column":7}},"type":"if","locations":[{"start":{"line":244,"column":6},"end":{"line":247,"column":7}}]},"5":{"loc":{"start":{"line":251,"column":6},"end":{"line":323,"column":7}},"type":"if","locations":[{"start":{"line":251,"column":6},"end":{"line":323,"column":7}}]},"6":{"loc":{"start":{"line":256,"column":8},"end":{"line":291,"column":9}},"type":"if","locations":[{"start":{"line":256,"column":8},"end":{"line":291,"column":9}},{"start":{"line":289,"column":15},"end":{"line":291,"column":9}}]},"7":{"loc":{"start":{"line":260,"column":12},"end":{"line":261,"column":48}},"type":"binary-expr","locations":[{"start":{"line":260,"column":12},"end":{"line":260,"column":46}},{"start":{"line":261,"column":12},"end":{"line":261,"column":48}}]},"8":{"loc":{"start":{"line":263,"column":10},"end":{"line":288,"column":11}},"type":"if","locations":[{"start":{"line":263,"column":10},"end":{"line":288,"column":11}},{"start":{"line":266,"column":17},"end":{"line":288,"column":11}}]},"9":{"loc":{"start":{"line":294,"column":8},"end":{"line":303,"column":9}},"type":"if","locations":[{"start":{"line":294,"column":8},"end":{"line":303,"column":9}}]},"10":{"loc":{"start":{"line":295,"column":10},"end":{"line":296,"column":46}},"type":"binary-expr","locations":[{"start":{"line":295,"column":10},"end":{"line":295,"column":44}},{"start":{"line":296,"column":10},"end":{"line":296,"column":46}}]},"11":{"loc":{"start":{"line":300,"column":10},"end":{"line":302,"column":11}},"type":"if","locations":[{"start":{"line":300,"column":10},"end":{"line":302,"column":11}}]},"12":{"loc":{"start":{"line":300,"column":14},"end":{"line":300,"column":48}},"type":"binary-expr","locations":[{"start":{"line":300,"column":14},"end":{"line":300,"column":28}},{"start":{"line":300,"column":32},"end":{"line":300,"column":48}}]},"13":{"loc":{"start":{"line":320,"column":8},"end":{"line":322,"column":9}},"type":"if","locations":[{"start":{"line":320,"column":8},"end":{"line":322,"column":9}}]},"14":{"loc":{"start":{"line":330,"column":4},"end":{"line":340,"column":5}},"type":"if","locations":[{"start":{"line":330,"column":4},"end":{"line":340,"column":5}}]},"15":{"loc":{"start":{"line":331,"column":6},"end":{"line":334,"column":71}},"type":"binary-expr","locations":[{"start":{"line":331,"column":6},"end":{"line":331,"column":20}},{"start":{"line":332,"column":6},"end":{"line":332,"column":21}},{"start":{"line":333,"column":6},"end":{"line":333,"column":21}},{"start":{"line":334,"column":7},"end":{"line":334,"column":31}},{"start":{"line":334,"column":35},"end":{"line":334,"column":70}}]},"16":{"loc":{"start":{"line":352,"column":4},"end":{"line":353,"column":49}},"type":"if","locations":[{"start":{"line":352,"column":4},"end":{"line":353,"column":49}}]},"17":{"loc":{"start":{"line":354,"column":4},"end":{"line":355,"column":50}},"type":"if","locations":[{"start":{"line":354,"column":4},"end":{"line":355,"column":50}}]},"18":{"loc":{"start":{"line":356,"column":4},"end":{"line":357,"column":48}},"type":"if","locations":[{"start":{"line":356,"column":4},"end":{"line":357,"column":48}}]},"19":{"loc":{"start":{"line":358,"column":4},"end":{"line":359,"column":49}},"type":"if","locations":[{"start":{"line":358,"column":4},"end":{"line":359,"column":49}}]},"20":{"loc":{"start":{"line":360,"column":4},"end":{"line":361,"column":51}},"type":"if","locations":[{"start":{"line":360,"column":4},"end":{"line":361,"column":51}}]},"21":{"loc":{"start":{"line":378,"column":4},"end":{"line":390,"column":5}},"type":"if","locations":[{"start":{"line":378,"column":4},"end":{"line":390,"column":5}}]},"22":{"loc":{"start":{"line":380,"column":6},"end":{"line":389,"column":7}},"type":"if","locations":[{"start":{"line":380,"column":6},"end":{"line":389,"column":7}}]},"23":{"loc":{"start":{"line":393,"column":4},"end":{"line":408,"column":5}},"type":"if","locations":[{"start":{"line":393,"column":4},"end":{"line":408,"column":5}}]},"24":{"loc":{"start":{"line":394,"column":6},"end":{"line":395,"column":44}},"type":"binary-expr","locations":[{"start":{"line":394,"column":6},"end":{"line":394,"column":40}},{"start":{"line":395,"column":6},"end":{"line":395,"column":44}}]},"25":{"loc":{"start":{"line":398,"column":6},"end":{"line":407,"column":7}},"type":"if","locations":[{"start":{"line":398,"column":6},"end":{"line":407,"column":7}}]},"26":{"loc":{"start":{"line":422,"column":4},"end":{"line":428,"column":5}},"type":"if","locations":[{"start":{"line":422,"column":4},"end":{"line":428,"column":5}}]},"27":{"loc":{"start":{"line":445,"column":4},"end":{"line":447,"column":5}},"type":"if","locations":[{"start":{"line":445,"column":4},"end":{"line":447,"column":5}}]},"28":{"loc":{"start":{"line":484,"column":24},"end":{"line":489,"column":72}},"type":"cond-expr","locations":[{"start":{"line":485,"column":8},"end":{"line":488,"column":10}},{"start":{"line":489,"column":8},"end":{"line":489,"column":72}}]},"29":{"loc":{"start":{"line":510,"column":4},"end":{"line":512,"column":5}},"type":"if","locations":[{"start":{"line":510,"column":4},"end":{"line":512,"column":5}}]},"30":{"loc":{"start":{"line":549,"column":6},"end":{"line":555,"column":7}},"type":"if","locations":[{"start":{"line":549,"column":6},"end":{"line":555,"column":7}}]},"31":{"loc":{"start":{"line":561,"column":6},"end":{"line":567,"column":7}},"type":"if","locations":[{"start":{"line":561,"column":6},"end":{"line":567,"column":7}}]},"32":{"loc":{"start":{"line":573,"column":6},"end":{"line":579,"column":7}},"type":"if","locations":[{"start":{"line":573,"column":6},"end":{"line":579,"column":7}}]},"33":{"loc":{"start":{"line":640,"column":8},"end":{"line":659,"column":9}},"type":"if","locations":[{"start":{"line":640,"column":8},"end":{"line":659,"column":9}}]},"34":{"loc":{"start":{"line":645,"column":10},"end":{"line":653,"column":11}},"type":"if","locations":[{"start":{"line":645,"column":10},"end":{"line":653,"column":11}},{"start":{"line":651,"column":17},"end":{"line":653,"column":11}}]},"35":{"loc":{"start":{"line":651,"column":17},"end":{"line":653,"column":11}},"type":"if","locations":[{"start":{"line":651,"column":17},"end":{"line":653,"column":11}}]},"36":{"loc":{"start":{"line":655,"column":10},"end":{"line":655,"column":51}},"type":"if","locations":[{"start":{"line":655,"column":10},"end":{"line":655,"column":51}}]},"37":{"loc":{"start":{"line":669,"column":6},"end":{"line":673,"column":7}},"type":"if","locations":[{"start":{"line":669,"column":6},"end":{"line":673,"column":7}}]},"38":{"loc":{"start":{"line":678,"column":4},"end":{"line":686,"column":5}},"type":"if","locations":[{"start":{"line":678,"column":4},"end":{"line":686,"column":5}}]},"39":{"loc":{"start":{"line":679,"column":6},"end":{"line":685,"column":7}},"type":"if","locations":[{"start":{"line":679,"column":6},"end":{"line":685,"column":7}},{"start":{"line":681,"column":13},"end":{"line":685,"column":7}}]},"40":{"loc":{"start":{"line":681,"column":13},"end":{"line":685,"column":7}},"type":"if","locations":[{"start":{"line":681,"column":13},"end":{"line":685,"column":7}},{"start":{"line":683,"column":13},"end":{"line":685,"column":7}}]},"41":{"loc":{"start":{"line":689,"column":16},"end":{"line":689,"column":56}},"type":"cond-expr","locations":[{"start":{"line":689,"column":32},"end":{"line":689,"column":44}},{"start":{"line":689,"column":47},"end":{"line":689,"column":56}}]},"42":{"loc":{"start":{"line":711,"column":4},"end":{"line":711,"column":36}},"type":"default-arg","locations":[{"start":{"line":711,"column":26},"end":{"line":711,"column":36}}]},"43":{"loc":{"start":{"line":716,"column":4},"end":{"line":718,"column":5}},"type":"if","locations":[{"start":{"line":716,"column":4},"end":{"line":718,"column":5}}]},"44":{"loc":{"start":{"line":721,"column":4},"end":{"line":750,"column":5}},"type":"if","locations":[{"start":{"line":721,"column":4},"end":{"line":750,"column":5}}]},"45":{"loc":{"start":{"line":725,"column":6},"end":{"line":747,"column":7}},"type":"if","locations":[{"start":{"line":725,"column":6},"end":{"line":747,"column":7}}]},"46":{"loc":{"start":{"line":762,"column":4},"end":{"line":769,"column":5}},"type":"if","locations":[{"start":{"line":762,"column":4},"end":{"line":769,"column":5}}]},"47":{"loc":{"start":{"line":766,"column":6},"end":{"line":768,"column":7}},"type":"if","locations":[{"start":{"line":766,"column":6},"end":{"line":768,"column":7}}]},"48":{"loc":{"start":{"line":766,"column":10},"end":{"line":766,"column":68}},"type":"binary-expr","locations":[{"start":{"line":766,"column":10},"end":{"line":766,"column":20}},{"start":{"line":766,"column":24},"end":{"line":766,"column":35}},{"start":{"line":766,"column":39},"end":{"line":766,"column":51}},{"start":{"line":766,"column":55},"end":{"line":766,"column":68}}]},"49":{"loc":{"start":{"line":787,"column":4},"end":{"line":787,"column":36}},"type":"default-arg","locations":[{"start":{"line":787,"column":26},"end":{"line":787,"column":36}}]},"50":{"loc":{"start":{"line":794,"column":4},"end":{"line":800,"column":5}},"type":"if","locations":[{"start":{"line":794,"column":4},"end":{"line":800,"column":5}}]},"51":{"loc":{"start":{"line":803,"column":4},"end":{"line":818,"column":5}},"type":"if","locations":[{"start":{"line":803,"column":4},"end":{"line":818,"column":5}}]},"52":{"loc":{"start":{"line":804,"column":6},"end":{"line":805,"column":44}},"type":"binary-expr","locations":[{"start":{"line":804,"column":6},"end":{"line":804,"column":40}},{"start":{"line":805,"column":6},"end":{"line":805,"column":44}}]},"53":{"loc":{"start":{"line":807,"column":27},"end":{"line":809,"column":24}},"type":"cond-expr","locations":[{"start":{"line":808,"column":10},"end":{"line":808,"column":28}},{"start":{"line":809,"column":10},"end":{"line":809,"column":24}}]}},"s":{"0":2,"1":2,"2":2,"3":2,"4":2,"5":2,"6":2,"7":0,"8":0,"9":0,"10":0,"11":8,"12":8,"13":8,"14":8,"15":1,"16":1,"17":1,"18":8,"19":8,"20":8,"21":8,"22":8,"23":8,"24":2,"25":2,"26":2,"27":6,"28":6,"29":0,"30":6,"31":6,"32":4,"33":4,"34":4,"35":0,"36":0,"37":0,"38":0,"39":0,"40":0,"41":0,"42":0,"43":4,"44":4,"45":2,"46":2,"47":2,"48":2,"49":4,"50":4,"51":4,"52":4,"53":0,"54":8,"55":8,"56":8,"57":8,"58":4,"59":4,"60":2,"61":4,"62":2,"63":4,"64":2,"65":4,"66":2,"67":4,"68":2,"69":4,"70":8,"71":8,"72":2,"73":2,"74":2,"75":6,"76":0,"77":0,"78":0,"79":6,"80":4,"81":0,"82":4,"83":5,"84":5,"85":5,"86":0,"87":5,"88":5,"89":40,"90":40,"91":40,"92":5,"93":40,"94":40,"95":40,"96":55,"97":55,"98":55,"99":55,"100":3,"101":3,"102":3,"103":0,"104":3,"105":3,"106":3,"107":3,"108":3,"109":3,"110":3,"111":15,"112":15,"113":15,"114":3,"115":8,"116":50,"117":50,"118":1,"119":7,"120":35,"121":35,"122":0,"123":7,"124":21,"125":21,"126":0,"127":7,"128":43,"129":43,"130":43,"131":43,"132":129,"133":4257,"134":4257,"135":76,"136":76,"137":51,"138":25,"139":8,"140":76,"141":0,"142":76,"143":76,"144":43,"145":43,"146":43,"147":43,"148":129,"149":42,"150":42,"151":42,"152":43,"153":43,"154":39,"155":22,"156":17,"157":12,"158":5,"159":43,"160":8,"161":0,"162":0,"163":0,"164":0,"165":0,"166":0,"167":0,"168":0,"169":0,"170":0,"171":0,"172":0,"173":0,"174":0,"175":0,"176":0,"177":0,"178":0,"179":0,"180":0,"181":0,"182":0,"183":8,"184":8,"185":8,"186":3,"187":8,"188":3,"189":3,"190":8,"191":35,"192":1,"193":2,"194":2},"f":{"0":0,"1":8,"2":4,"3":8,"4":4,"5":5,"6":40,"7":55,"8":3,"9":8,"10":43,"11":8,"12":0,"13":0,"14":0,"15":8,"16":35,"17":1},"b":{"0":[6],"1":[1],"2":[8],"3":[2,6],"4":[0],"5":[4],"6":[0,4],"7":[0,0],"8":[0,0],"9":[2],"10":[4,2],"11":[2],"12":[2,2],"13":[0],"14":[8],"15":[8,4,3,0,0],"16":[2],"17":[2],"18":[2],"19":[2],"20":[2],"21":[2],"22":[2],"23":[0],"24":[6,6],"25":[0],"26":[0],"27":[0],"28":[0,55],"29":[0],"30":[1],"31":[0],"32":[0],"33":[76],"34":[51,25],"35":[8],"36":[0],"37":[42],"38":[39],"39":[22,17],"40":[12,5],"41":[39,4],"42":[0],"43":[0],"44":[0],"45":[0],"46":[0],"47":[0],"48":[0,0,0,0],"49":[0],"50":[3],"51":[3],"52":[8,6],"53":[1,2]}}
,"C:\\Users\\Jimmy\\Documents\\KiroHackathon\\taskoro\\src\\services\\networkStatus.ts": {"path":"C:\\Users\\Jimmy\\Documents\\KiroHackathon\\taskoro\\src\\services\\networkStatus.ts","statementMap":{"0":{"start":{"line":4,"column":10},"end":{"line":4,"column":60}},"1":{"start":{"line":5,"column":10},"end":{"line":5,"column":48}},"2":{"start":{"line":6,"column":10},"end":{"line":6,"column":45}},"3":{"start":{"line":7,"column":19},"end":{"line":7,"column":41}},"4":{"start":{"line":8,"column":19},"end":{"line":8,"column":39}},"5":{"start":{"line":23,"column":10},"end":{"line":25,"column":4}},"6":{"start":{"line":24,"column":4},"end":{"line":24,"column":28}},"7":{"start":{"line":27,"column":10},"end":{"line":29,"column":4}},"8":{"start":{"line":28,"column":4},"end":{"line":28,"column":29}},"9":{"start":{"line":11,"column":4},"end":{"line":11,"column":16}},"10":{"start":{"line":16,"column":4},"end":{"line":16,"column":57}},"11":{"start":{"line":17,"column":4},"end":{"line":17,"column":59}},"12":{"start":{"line":20,"column":4},"end":{"line":20,"column":26}},"13":{"start":{"line":32,"column":4},"end":{"line":35,"column":5}},"14":{"start":{"line":33,"column":6},"end":{"line":33,"column":32}},"15":{"start":{"line":34,"column":6},"end":{"line":34,"column":37}},"16":{"start":{"line":39,"column":4},"end":{"line":45,"column":7}},"17":{"start":{"line":40,"column":6},"end":{"line":44,"column":7}},"18":{"start":{"line":41,"column":8},"end":{"line":41,"column":27}},"19":{"start":{"line":43,"column":8},"end":{"line":43,"column":66}},"20":{"start":{"line":49,"column":4},"end":{"line":51,"column":5}},"21":{"start":{"line":50,"column":6},"end":{"line":50,"column":39}},"22":{"start":{"line":53,"column":4},"end":{"line":55,"column":27}},"23":{"start":{"line":54,"column":6},"end":{"line":54,"column":31}},"24":{"start":{"line":59,"column":4},"end":{"line":77,"column":5}},"25":{"start":{"line":61,"column":25},"end":{"line":61,"column":46}},"26":{"start":{"line":62,"column":24},"end":{"line":62,"column":79}},"27":{"start":{"line":62,"column":41},"end":{"line":62,"column":59}},"28":{"start":{"line":64,"column":6},"end":{"line":68,"column":9}},"29":{"start":{"line":70,"column":6},"end":{"line":70,"column":30}},"30":{"start":{"line":73,"column":6},"end":{"line":73,"column":30}},"31":{"start":{"line":76,"column":6},"end":{"line":76,"column":31}},"32":{"start":{"line":82,"column":4},"end":{"line":82,"column":26}},"33":{"start":{"line":86,"column":4},"end":{"line":86,"column":33}},"34":{"start":{"line":89,"column":4},"end":{"line":91,"column":6}},"35":{"start":{"line":90,"column":6},"end":{"line":90,"column":38}},"36":{"start":{"line":95,"column":4},"end":{"line":95,"column":36}},"37":{"start":{"line":100,"column":4},"end":{"line":100,"column":35}},"38":{"start":{"line":101,"column":4},"end":{"line":101,"column":26}},"39":{"start":{"line":106,"column":4},"end":{"line":106,"column":60}},"40":{"start":{"line":107,"column":4},"end":{"line":107,"column":62}},"41":{"start":{"line":109,"column":4},"end":{"line":112,"column":5}},"42":{"start":{"line":110,"column":6},"end":{"line":110,"column":39}},"43":{"start":{"line":111,"column":6},"end":{"line":111,"column":31}},"44":{"start":{"line":114,"column":4},"end":{"line":114,"column":27}},"45":{"start":{"line":118,"column":13},"end":{"line":118,"column":56}}},"fnMap":{"0":{"name":"(anonymous_7)","decl":{"start":{"line":10,"column":2},"end":{"line":10,"column":null}},"loc":{"start":{"line":10,"column":2},"end":{"line":12,"column":3}}},"1":{"name":"(anonymous_8)","decl":{"start":{"line":23,"column":25},"end":{"line":23,"column":34}},"loc":{"start":{"line":23,"column":36},"end":{"line":25,"column":3}}},"2":{"name":"(anonymous_9)","decl":{"start":{"line":27,"column":26},"end":{"line":27,"column":35}},"loc":{"start":{"line":27,"column":37},"end":{"line":29,"column":3}}},"3":{"name":"(anonymous_10)","decl":{"start":{"line":14,"column":10},"end":{"line":14,"column":14}},"loc":{"start":{"line":14,"column":14},"end":{"line":21,"column":3}}},"4":{"name":"(anonymous_11)","decl":{"start":{"line":31,"column":10},"end":{"line":31,"column":22}},"loc":{"start":{"line":31,"column":40},"end":{"line":36,"column":3}}},"5":{"name":"(anonymous_12)","decl":{"start":{"line":38,"column":10},"end":{"line":38,"column":25}},"loc":{"start":{"line":38,"column":43},"end":{"line":46,"column":3}}},"6":{"name":"(anonymous_13)","decl":{"start":{"line":39,"column":27},"end":{"line":39,"column":28}},"loc":{"start":{"line":39,"column":40},"end":{"line":45,"column":5}}},"7":{"name":"(anonymous_14)","decl":{"start":{"line":48,"column":10},"end":{"line":48,"column":24}},"loc":{"start":{"line":48,"column":24},"end":{"line":56,"column":3}}},"8":{"name":"(anonymous_15)","decl":{"start":{"line":53,"column":43},"end":{"line":53,"column":46}},"loc":{"start":{"line":53,"column":48},"end":{"line":55,"column":5}}},"9":{"name":"(anonymous_16)","decl":{"start":{"line":58,"column":16},"end":{"line":58,"column":33}},"loc":{"start":{"line":58,"column":33},"end":{"line":78,"column":null}}},"10":{"name":"(anonymous_18)","decl":{"start":{"line":62,"column":35},"end":{"line":62,"column":38}},"loc":{"start":{"line":62,"column":41},"end":{"line":62,"column":59}}},"11":{"name":"(anonymous_19)","decl":{"start":{"line":81,"column":2},"end":{"line":81,"column":6}},"loc":{"start":{"line":81,"column":14},"end":{"line":83,"column":3}}},"12":{"name":"(anonymous_20)","decl":{"start":{"line":85,"column":2},"end":{"line":85,"column":13}},"loc":{"start":{"line":85,"column":45},"end":{"line":92,"column":3}}},"13":{"name":"(anonymous_21)","decl":{"start":{"line":89,"column":11},"end":{"line":89,"column":14}},"loc":{"start":{"line":89,"column":16},"end":{"line":91,"column":5}}},"14":{"name":"(anonymous_22)","decl":{"start":{"line":94,"column":2},"end":{"line":94,"column":16}},"loc":{"start":{"line":94,"column":48},"end":{"line":96,"column":3}}},"15":{"name":"(anonymous_23)","decl":{"start":{"line":99,"column":8},"end":{"line":99,"column":16}},"loc":{"start":{"line":99,"column":16},"end":{"line":102,"column":null}}},"16":{"name":"(anonymous_25)","decl":{"start":{"line":105,"column":2},"end":{"line":105,"column":9}},"loc":{"start":{"line":105,"column":9},"end":{"line":115,"column":3}}}},"branchMap":{"0":{"loc":{"start":{"line":32,"column":4},"end":{"line":35,"column":5}},"type":"if","locations":[{"start":{"line":32,"column":4},"end":{"line":35,"column":5}}]},"1":{"loc":{"start":{"line":49,"column":4},"end":{"line":51,"column":5}},"type":"if","locations":[{"start":{"line":49,"column":4},"end":{"line":51,"column":5}}]},"2":{"loc":{"start":{"line":109,"column":4},"end":{"line":112,"column":5}},"type":"if","locations":[{"start":{"line":109,"column":4},"end":{"line":112,"column":5}}]}},"s":{"0":1,"1":1,"2":1,"3":1,"4":1,"5":1,"6":0,"7":1,"8":0,"9":1,"10":1,"11":1,"12":1,"13":2,"14":1,"15":1,"16":1,"17":0,"18":0,"19":0,"20":1,"21":0,"22":1,"23":0,"24":2,"25":2,"26":2,"27":0,"28":2,"29":1,"30":1,"31":1,"32":2,"33":1,"34":1,"35":1,"36":1,"37":2,"38":2,"39":1,"40":1,"41":1,"42":1,"43":1,"44":1,"45":1},"f":{"0":1,"1":0,"2":0,"3":1,"4":2,"5":1,"6":0,"7":1,"8":0,"9":2,"10":0,"11":2,"12":1,"13":1,"14":1,"15":2,"16":1},"b":{"0":[1],"1":[0],"2":[1]}}
,"C:\\Users\\Jimmy\\Documents\\KiroHackathon\\taskoro\\src\\utils\\timeParser.ts": {"path":"C:\\Users\\Jimmy\\Documents\\KiroHackathon\\taskoro\\src\\utils\\timeParser.ts","statementMap":{"0":{"start":{"line":65,"column":4},"end":{"line":71,"column":5}},"1":{"start":{"line":66,"column":6},"end":{"line":70,"column":8}},"2":{"start":{"line":73,"column":25},"end":{"line":73,"column":37}},"3":{"start":{"line":76,"column":4},"end":{"line":82,"column":5}},"4":{"start":{"line":77,"column":6},"end":{"line":81,"column":8}},"5":{"start":{"line":84,"column":4},"end":{"line":90,"column":5}},"6":{"start":{"line":85,"column":6},"end":{"line":89,"column":8}},"7":{"start":{"line":93,"column":4},"end":{"line":105,"column":5}},"8":{"start":{"line":94,"column":20},"end":{"line":94,"column":47}},"9":{"start":{"line":95,"column":6},"end":{"line":104,"column":7}},"10":{"start":{"line":96,"column":8},"end":{"line":103,"column":9}},"11":{"start":{"line":97,"column":25},"end":{"line":97,"column":57}},"12":{"start":{"line":98,"column":10},"end":{"line":100,"column":11}},"13":{"start":{"line":99,"column":12},"end":{"line":99,"column":26}},"14":{"start":{"line":102,"column":10},"end":{"line":102,"column":19}},"15":{"start":{"line":108,"column":4},"end":{"line":112,"column":6}},"16":{"start":{"line":122,"column":4},"end":{"line":135,"column":5}},"17":{"start":{"line":124,"column":8},"end":{"line":124,"column":41}},"18":{"start":{"line":126,"column":8},"end":{"line":126,"column":41}},"19":{"start":{"line":128,"column":8},"end":{"line":128,"column":45}},"20":{"start":{"line":130,"column":8},"end":{"line":130,"column":48}},"21":{"start":{"line":132,"column":8},"end":{"line":132,"column":48}},"22":{"start":{"line":134,"column":8},"end":{"line":134,"column":59}},"23":{"start":{"line":142,"column":18},"end":{"line":142,"column":40}},"24":{"start":{"line":143,"column":20},"end":{"line":143,"column":42}},"25":{"start":{"line":145,"column":4},"end":{"line":147,"column":5}},"26":{"start":{"line":146,"column":6},"end":{"line":146,"column":62}},"27":{"start":{"line":149,"column":17},"end":{"line":149,"column":94}},"28":{"start":{"line":150,"column":24},"end":{"line":150,"column":62}},"29":{"start":{"line":152,"column":4},"end":{"line":156,"column":6}},"30":{"start":{"line":163,"column":18},"end":{"line":163,"column":40}},"31":{"start":{"line":164,"column":20},"end":{"line":164,"column":42}},"32":{"start":{"line":165,"column":19},"end":{"line":165,"column":41}},"33":{"start":{"line":167,"column":4},"end":{"line":169,"column":5}},"34":{"start":{"line":168,"column":6},"end":{"line":168,"column":62}},"35":{"start":{"line":171,"column":17},"end":{"line":171,"column":22}},"36":{"start":{"line":172,"column":4},"end":{"line":176,"column":5}},"37":{"start":{"line":173,"column":6},"end":{"line":173,"column":17}},"38":{"start":{"line":174,"column":11},"end":{"line":176,"column":5}},"39":{"start":{"line":175,"column":6},"end":{"line":175,"column":26}},"40":{"start":{"line":178,"column":17},"end":{"line":178,"column":95}},"41":{"start":{"line":179,"column":24},"end":{"line":179,"column":97}},"42":{"start":{"line":181,"column":4},"end":{"line":185,"column":6}},"43":{"start":{"line":192,"column":18},"end":{"line":192,"column":40}},"44":{"start":{"line":193,"column":19},"end":{"line":193,"column":41}},"45":{"start":{"line":195,"column":4},"end":{"line":197,"column":5}},"46":{"start":{"line":196,"column":6},"end":{"line":196,"column":61}},"47":{"start":{"line":199,"column":17},"end":{"line":199,"column":22}},"48":{"start":{"line":200,"column":4},"end":{"line":204,"column":5}},"49":{"start":{"line":201,"column":6},"end":{"line":201,"column":17}},"50":{"start":{"line":202,"column":11},"end":{"line":204,"column":5}},"51":{"start":{"line":203,"column":6},"end":{"line":203,"column":26}},"52":{"start":{"line":206,"column":17},"end":{"line":206,"column":59}},"53":{"start":{"line":207,"column":24},"end":{"line":207,"column":61}},"54":{"start":{"line":209,"column":4},"end":{"line":213,"column":6}},"55":{"start":{"line":222,"column":20},"end":{"line":222,"column":28}},"56":{"start":{"line":223,"column":4},"end":{"line":241,"column":5}},"57":{"start":{"line":225,"column":20},"end":{"line":225,"column":44}},"58":{"start":{"line":226,"column":22},"end":{"line":226,"column":52}},"59":{"start":{"line":227,"column":6},"end":{"line":231,"column":9}},"60":{"start":{"line":232,"column":11},"end":{"line":241,"column":5}},"61":{"start":{"line":234,"column":20},"end":{"line":234,"column":53}},"62":{"start":{"line":235,"column":22},"end":{"line":235,"column":52}},"63":{"start":{"line":236,"column":6},"end":{"line":240,"column":9}},"64":{"start":{"line":243,"column":4},"end":{"line":243,"column":63}},"65":{"start":{"line":252,"column":18},"end":{"line":252,"column":40}},"66":{"start":{"line":253,"column":20},"end":{"line":253,"column":42}},"67":{"start":{"line":254,"column":19},"end":{"line":254,"column":41}},"68":{"start":{"line":256,"column":4},"end":{"line":261,"column":7}},"69":{"start":{"line":268,"column":19},"end":{"line":268,"column":44}},"70":{"start":{"line":269,"column":24},"end":{"line":269,"column":74}},"71":{"start":{"line":270,"column":4},"end":{"line":270,"column":77}},"72":{"start":{"line":277,"column":34},"end":{"line":277,"column":36}},"73":{"start":{"line":280,"column":20},"end":{"line":280,"column":39}},"74":{"start":{"line":281,"column":4},"end":{"line":311,"column":5}},"75":{"start":{"line":282,"column":23},"end":{"line":282,"column":47}},"76":{"start":{"line":285,"column":6},"end":{"line":298,"column":7}},"77":{"start":{"line":286,"column":8},"end":{"line":286,"column":67}},"78":{"start":{"line":287,"column":8},"end":{"line":297,"column":9}},"79":{"start":{"line":288,"column":28},"end":{"line":288,"column":52}},"80":{"start":{"line":289,"column":10},"end":{"line":296,"column":11}},"81":{"start":{"line":290,"column":12},"end":{"line":292,"column":14}},"82":{"start":{"line":293,"column":12},"end":{"line":295,"column":14}},"83":{"start":{"line":300,"column":6},"end":{"line":310,"column":7}},"84":{"start":{"line":301,"column":8},"end":{"line":301,"column":71}},"85":{"start":{"line":302,"column":8},"end":{"line":309,"column":9}},"86":{"start":{"line":303,"column":28},"end":{"line":303,"column":52}},"87":{"start":{"line":304,"column":10},"end":{"line":308,"column":11}},"88":{"start":{"line":305,"column":12},"end":{"line":307,"column":14}},"89":{"start":{"line":314,"column":4},"end":{"line":316,"column":5}},"90":{"start":{"line":315,"column":6},"end":{"line":315,"column":63}},"91":{"start":{"line":318,"column":4},"end":{"line":318,"column":35}},"92":{"start":{"line":325,"column":4},"end":{"line":331,"column":5}},"93":{"start":{"line":326,"column":6},"end":{"line":330,"column":8}},"94":{"start":{"line":333,"column":19},"end":{"line":333,"column":40}},"95":{"start":{"line":334,"column":4},"end":{"line":338,"column":6}},"96":{"start":{"line":345,"column":4},"end":{"line":347,"column":5}},"97":{"start":{"line":346,"column":6},"end":{"line":346,"column":18}},"98":{"start":{"line":349,"column":35},"end":{"line":349,"column":50}},"99":{"start":{"line":350,"column":18},"end":{"line":350,"column":40}},"100":{"start":{"line":351,"column":20},"end":{"line":351,"column":44}},"101":{"start":{"line":353,"column":4},"end":{"line":355,"column":5}},"102":{"start":{"line":354,"column":6},"end":{"line":354,"column":18}},"103":{"start":{"line":357,"column":4},"end":{"line":357,"column":50}},"104":{"start":{"line":364,"column":19},"end":{"line":364,"column":46}},"105":{"start":{"line":365,"column":4},"end":{"line":365,"column":46}},"106":{"start":{"line":372,"column":4},"end":{"line":374,"column":5}},"107":{"start":{"line":373,"column":6},"end":{"line":373,"column":59}},"108":{"start":{"line":376,"column":20},"end":{"line":376,"column":46}},"109":{"start":{"line":377,"column":34},"end":{"line":377,"column":36}},"110":{"start":{"line":380,"column":4},"end":{"line":396,"column":5}},"111":{"start":{"line":381,"column":19},"end":{"line":381,"column":40}},"112":{"start":{"line":382,"column":6},"end":{"line":389,"column":7}},"113":{"start":{"line":383,"column":8},"end":{"line":388,"column":10}},"114":{"start":{"line":390,"column":6},"end":{"line":395,"column":7}},"115":{"start":{"line":391,"column":8},"end":{"line":394,"column":10}},"116":{"start":{"line":399,"column":4},"end":{"line":418,"column":5}},"117":{"start":{"line":400,"column":19},"end":{"line":400,"column":53}},"118":{"start":{"line":401,"column":6},"end":{"line":409,"column":7}},"119":{"start":{"line":402,"column":8},"end":{"line":408,"column":10}},"120":{"start":{"line":410,"column":6},"end":{"line":417,"column":7}},"121":{"start":{"line":411,"column":8},"end":{"line":416,"column":10}},"122":{"start":{"line":421,"column":4},"end":{"line":423,"column":5}},"123":{"start":{"line":422,"column":6},"end":{"line":422,"column":31}},"124":{"start":{"line":424,"column":4},"end":{"line":426,"column":5}},"125":{"start":{"line":425,"column":6},"end":{"line":425,"column":35}},"126":{"start":{"line":428,"column":4},"end":{"line":428,"column":35}},"127":{"start":{"line":20,"column":0},"end":{"line":20,"column":13}},"128":{"start":{"line":22,"column":26},"end":{"line":59,"column":4}},"129":{"start":{"line":436,"column":25},"end":{"line":437,"column":29}},"130":{"start":{"line":437,"column":2},"end":{"line":437,"column":29}},"131":{"start":{"line":436,"column":13},"end":{"line":436,"column":25}},"132":{"start":{"line":438,"column":28},"end":{"line":439,"column":32}},"133":{"start":{"line":439,"column":2},"end":{"line":439,"column":32}},"134":{"start":{"line":438,"column":13},"end":{"line":438,"column":28}},"135":{"start":{"line":440,"column":36},"end":{"line":441,"column":39}},"136":{"start":{"line":441,"column":2},"end":{"line":441,"column":39}},"137":{"start":{"line":440,"column":13},"end":{"line":440,"column":36}},"138":{"start":{"line":442,"column":42},"end":{"line":443,"column":46}},"139":{"start":{"line":443,"column":2},"end":{"line":443,"column":46}},"140":{"start":{"line":442,"column":13},"end":{"line":442,"column":42}}},"fnMap":{"0":{"name":"(anonymous_0)","decl":{"start":{"line":64,"column":2},"end":{"line":64,"column":8}},"loc":{"start":{"line":64,"column":32},"end":{"line":113,"column":3}}},"1":{"name":"(anonymous_1)","decl":{"start":{"line":118,"column":10},"end":{"line":118,"column":16}},"loc":{"start":{"line":120,"column":18},"end":{"line":136,"column":3}}},"2":{"name":"(anonymous_2)","decl":{"start":{"line":141,"column":10},"end":{"line":141,"column":16}},"loc":{"start":{"line":141,"column":54},"end":{"line":157,"column":3}}},"3":{"name":"(anonymous_3)","decl":{"start":{"line":162,"column":10},"end":{"line":162,"column":16}},"loc":{"start":{"line":162,"column":54},"end":{"line":186,"column":3}}},"4":{"name":"(anonymous_4)","decl":{"start":{"line":191,"column":10},"end":{"line":191,"column":16}},"loc":{"start":{"line":191,"column":58},"end":{"line":214,"column":3}}},"5":{"name":"(anonymous_5)","decl":{"start":{"line":219,"column":10},"end":{"line":219,"column":16}},"loc":{"start":{"line":220,"column":27},"end":{"line":244,"column":3}}},"6":{"name":"(anonymous_6)","decl":{"start":{"line":249,"column":10},"end":{"line":249,"column":16}},"loc":{"start":{"line":250,"column":27},"end":{"line":262,"column":3}}},"7":{"name":"(anonymous_7)","decl":{"start":{"line":267,"column":10},"end":{"line":267,"column":16}},"loc":{"start":{"line":267,"column":65},"end":{"line":271,"column":3}}},"8":{"name":"(anonymous_8)","decl":{"start":{"line":276,"column":10},"end":{"line":276,"column":16}},"loc":{"start":{"line":276,"column":50},"end":{"line":319,"column":3}}},"9":{"name":"(anonymous_9)","decl":{"start":{"line":324,"column":2},"end":{"line":324,"column":8}},"loc":{"start":{"line":324,"column":35},"end":{"line":339,"column":3}}},"10":{"name":"(anonymous_10)","decl":{"start":{"line":344,"column":2},"end":{"line":344,"column":8}},"loc":{"start":{"line":344,"column":42},"end":{"line":358,"column":3}}},"11":{"name":"(anonymous_11)","decl":{"start":{"line":363,"column":2},"end":{"line":363,"column":8}},"loc":{"start":{"line":363,"column":45},"end":{"line":366,"column":3}}},"12":{"name":"(anonymous_12)","decl":{"start":{"line":371,"column":2},"end":{"line":371,"column":8}},"loc":{"start":{"line":371,"column":49},"end":{"line":429,"column":3}}},"13":{"name":"(anonymous_13)","decl":{"start":{"line":436,"column":25},"end":{"line":436,"column":26}},"loc":{"start":{"line":437,"column":2},"end":{"line":437,"column":29}}},"14":{"name":"(anonymous_14)","decl":{"start":{"line":438,"column":28},"end":{"line":438,"column":29}},"loc":{"start":{"line":439,"column":2},"end":{"line":439,"column":32}}},"15":{"name":"(anonymous_15)","decl":{"start":{"line":440,"column":36},"end":{"line":440,"column":37}},"loc":{"start":{"line":441,"column":2},"end":{"line":441,"column":39}}},"16":{"name":"(anonymous_16)","decl":{"start":{"line":442,"column":42},"end":{"line":442,"column":43}},"loc":{"start":{"line":443,"column":2},"end":{"line":443,"column":46}}}},"branchMap":{"0":{"loc":{"start":{"line":65,"column":4},"end":{"line":71,"column":5}},"type":"if","locations":[{"start":{"line":65,"column":4},"end":{"line":71,"column":5}}]},"1":{"loc":{"start":{"line":65,"column":8},"end":{"line":65,"column":43}},"type":"binary-expr","locations":[{"start":{"line":65,"column":8},"end":{"line":65,"column":14}},{"start":{"line":65,"column":18},"end":{"line":65,"column":43}}]},"2":{"loc":{"start":{"line":76,"column":4},"end":{"line":82,"column":5}},"type":"if","locations":[{"start":{"line":76,"column":4},"end":{"line":82,"column":5}}]},"3":{"loc":{"start":{"line":84,"column":4},"end":{"line":90,"column":5}},"type":"if","locations":[{"start":{"line":84,"column":4},"end":{"line":90,"column":5}}]},"4":{"loc":{"start":{"line":95,"column":6},"end":{"line":104,"column":7}},"type":"if","locations":[{"start":{"line":95,"column":6},"end":{"line":104,"column":7}}]},"5":{"loc":{"start":{"line":98,"column":10},"end":{"line":100,"column":11}},"type":"if","locations":[{"start":{"line":98,"column":10},"end":{"line":100,"column":11}}]},"6":{"loc":{"start":{"line":122,"column":4},"end":{"line":135,"column":5}},"type":"switch","locations":[{"start":{"line":123,"column":6},"end":{"line":124,"column":41}},{"start":{"line":125,"column":6},"end":{"line":126,"column":41}},{"start":{"line":127,"column":6},"end":{"line":128,"column":45}},{"start":{"line":129,"column":6},"end":{"line":130,"column":48}},{"start":{"line":131,"column":6},"end":{"line":132,"column":48}},{"start":{"line":133,"column":6},"end":{"line":134,"column":59}}]},"7":{"loc":{"start":{"line":145,"column":4},"end":{"line":147,"column":5}},"type":"if","locations":[{"start":{"line":145,"column":4},"end":{"line":147,"column":5}}]},"8":{"loc":{"start":{"line":145,"column":8},"end":{"line":145,"column":34}},"type":"binary-expr","locations":[{"start":{"line":145,"column":8},"end":{"line":145,"column":18}},{"start":{"line":145,"column":22},"end":{"line":145,"column":34}}]},"9":{"loc":{"start":{"line":167,"column":4},"end":{"line":169,"column":5}},"type":"if","locations":[{"start":{"line":167,"column":4},"end":{"line":169,"column":5}}]},"10":{"loc":{"start":{"line":167,"column":8},"end":{"line":167,"column":47}},"type":"binary-expr","locations":[{"start":{"line":167,"column":8},"end":{"line":167,"column":17}},{"start":{"line":167,"column":21},"end":{"line":167,"column":31}},{"start":{"line":167,"column":35},"end":{"line":167,"column":47}}]},"11":{"loc":{"start":{"line":172,"column":4},"end":{"line":176,"column":5}},"type":"if","locations":[{"start":{"line":172,"column":4},"end":{"line":176,"column":5}},{"start":{"line":174,"column":11},"end":{"line":176,"column":5}}]},"12":{"loc":{"start":{"line":172,"column":8},"end":{"line":172,"column":39}},"type":"binary-expr","locations":[{"start":{"line":172,"column":8},"end":{"line":172,"column":23}},{"start":{"line":172,"column":27},"end":{"line":172,"column":39}}]},"13":{"loc":{"start":{"line":174,"column":11},"end":{"line":176,"column":5}},"type":"if","locations":[{"start":{"line":174,"column":11},"end":{"line":176,"column":5}}]},"14":{"loc":{"start":{"line":174,"column":15},"end":{"line":174,"column":46}},"type":"binary-expr","locations":[{"start":{"line":174,"column":15},"end":{"line":174,"column":30}},{"start":{"line":174,"column":34},"end":{"line":174,"column":46}}]},"15":{"loc":{"start":{"line":195,"column":4},"end":{"line":197,"column":5}},"type":"if","locations":[{"start":{"line":195,"column":4},"end":{"line":197,"column":5}}]},"16":{"loc":{"start":{"line":195,"column":8},"end":{"line":195,"column":31}},"type":"binary-expr","locations":[{"start":{"line":195,"column":8},"end":{"line":195,"column":17}},{"start":{"line":195,"column":21},"end":{"line":195,"column":31}}]},"17":{"loc":{"start":{"line":200,"column":4},"end":{"line":204,"column":5}},"type":"if","locations":[{"start":{"line":200,"column":4},"end":{"line":204,"column":5}},{"start":{"line":202,"column":11},"end":{"line":204,"column":5}}]},"18":{"loc":{"start":{"line":200,"column":8},"end":{"line":200,"column":39}},"type":"binary-expr","locations":[{"start":{"line":200,"column":8},"end":{"line":200,"column":23}},{"start":{"line":200,"column":27},"end":{"line":200,"column":39}}]},"19":{"loc":{"start":{"line":202,"column":11},"end":{"line":204,"column":5}},"type":"if","locations":[{"start":{"line":202,"column":11},"end":{"line":204,"column":5}}]},"20":{"loc":{"start":{"line":202,"column":15},"end":{"line":202,"column":46}},"type":"binary-expr","locations":[{"start":{"line":202,"column":15},"end":{"line":202,"column":30}},{"start":{"line":202,"column":34},"end":{"line":202,"column":46}}]},"21":{"loc":{"start":{"line":223,"column":4},"end":{"line":241,"column":5}},"type":"if","locations":[{"start":{"line":223,"column":4},"end":{"line":241,"column":5}},{"start":{"line":232,"column":11},"end":{"line":241,"column":5}}]},"22":{"loc":{"start":{"line":232,"column":11},"end":{"line":241,"column":5}},"type":"if","locations":[{"start":{"line":232,"column":11},"end":{"line":241,"column":5}}]},"23":{"loc":{"start":{"line":268,"column":19},"end":{"line":268,"column":44}},"type":"cond-expr","locations":[{"start":{"line":268,"column":33},"end":{"line":268,"column":37}},{"start":{"line":268,"column":40},"end":{"line":268,"column":44}}]},"24":{"loc":{"start":{"line":269,"column":24},"end":{"line":269,"column":74}},"type":"cond-expr","locations":[{"start":{"line":269,"column":38},"end":{"line":269,"column":40}},{"start":{"line":269,"column":43},"end":{"line":269,"column":74}}]},"25":{"loc":{"start":{"line":269,"column":43},"end":{"line":269,"column":74}},"type":"cond-expr","locations":[{"start":{"line":269,"column":56},"end":{"line":269,"column":66}},{"start":{"line":269,"column":69},"end":{"line":269,"column":74}}]},"26":{"loc":{"start":{"line":281,"column":4},"end":{"line":311,"column":5}},"type":"if","locations":[{"start":{"line":281,"column":4},"end":{"line":311,"column":5}}]},"27":{"loc":{"start":{"line":281,"column":8},"end":{"line":281,"column":37}},"type":"binary-expr","locations":[{"start":{"line":281,"column":8},"end":{"line":281,"column":15}},{"start":{"line":281,"column":19},"end":{"line":281,"column":37}}]},"28":{"loc":{"start":{"line":285,"column":6},"end":{"line":298,"column":7}},"type":"if","locations":[{"start":{"line":285,"column":6},"end":{"line":298,"column":7}}]},"29":{"loc":{"start":{"line":285,"column":10},"end":{"line":285,"column":41}},"type":"binary-expr","locations":[{"start":{"line":285,"column":10},"end":{"line":285,"column":23}},{"start":{"line":285,"column":27},"end":{"line":285,"column":41}}]},"30":{"loc":{"start":{"line":287,"column":8},"end":{"line":297,"column":9}},"type":"if","locations":[{"start":{"line":287,"column":8},"end":{"line":297,"column":9}}]},"31":{"loc":{"start":{"line":289,"column":10},"end":{"line":296,"column":11}},"type":"if","locations":[{"start":{"line":289,"column":10},"end":{"line":296,"column":11}}]},"32":{"loc":{"start":{"line":300,"column":6},"end":{"line":310,"column":7}},"type":"if","locations":[{"start":{"line":300,"column":6},"end":{"line":310,"column":7}}]},"33":{"loc":{"start":{"line":300,"column":10},"end":{"line":300,"column":41}},"type":"binary-expr","locations":[{"start":{"line":300,"column":10},"end":{"line":300,"column":23}},{"start":{"line":300,"column":27},"end":{"line":300,"column":41}}]},"34":{"loc":{"start":{"line":302,"column":8},"end":{"line":309,"column":9}},"type":"if","locations":[{"start":{"line":302,"column":8},"end":{"line":309,"column":9}}]},"35":{"loc":{"start":{"line":304,"column":10},"end":{"line":308,"column":11}},"type":"if","locations":[{"start":{"line":304,"column":10},"end":{"line":308,"column":11}}]},"36":{"loc":{"start":{"line":314,"column":4},"end":{"line":316,"column":5}},"type":"if","locations":[{"start":{"line":314,"column":4},"end":{"line":316,"column":5}}]},"37":{"loc":{"start":{"line":325,"column":4},"end":{"line":331,"column":5}},"type":"if","locations":[{"start":{"line":325,"column":4},"end":{"line":331,"column":5}}]},"38":{"loc":{"start":{"line":325,"column":8},"end":{"line":325,"column":43}},"type":"binary-expr","locations":[{"start":{"line":325,"column":8},"end":{"line":325,"column":14}},{"start":{"line":325,"column":18},"end":{"line":325,"column":43}}]},"39":{"loc":{"start":{"line":337,"column":18},"end":{"line":337,"column":41}},"type":"cond-expr","locations":[{"start":{"line":337,"column":36},"end":{"line":337,"column":39}},{"start":{"line":337,"column":36},"end":{"line":337,"column":41}}]},"40":{"loc":{"start":{"line":337,"column":18},"end":{"line":337,"column":39}},"type":"binary-expr","locations":[{"start":{"line":337,"column":18},"end":{"line":337,"column":39}},{"start":{"line":337,"column":36},"end":{"line":337,"column":39}}]},"41":{"loc":{"start":{"line":345,"column":4},"end":{"line":347,"column":5}},"type":"if","locations":[{"start":{"line":345,"column":4},"end":{"line":347,"column":5}}]},"42":{"loc":{"start":{"line":345,"column":8},"end":{"line":345,"column":36}},"type":"binary-expr","locations":[{"start":{"line":345,"column":8},"end":{"line":345,"column":13}},{"start":{"line":345,"column":17},"end":{"line":345,"column":36}}]},"43":{"loc":{"start":{"line":353,"column":4},"end":{"line":355,"column":5}},"type":"if","locations":[{"start":{"line":353,"column":4},"end":{"line":355,"column":5}}]},"44":{"loc":{"start":{"line":353,"column":8},"end":{"line":353,"column":38}},"type":"binary-expr","locations":[{"start":{"line":353,"column":8},"end":{"line":353,"column":20}},{"start":{"line":353,"column":24},"end":{"line":353,"column":38}}]},"45":{"loc":{"start":{"line":365,"column":11},"end":{"line":365,"column":45}},"type":"cond-expr","locations":[{"start":{"line":365,"column":28},"end":{"line":365,"column":40}},{"start":{"line":365,"column":43},"end":{"line":365,"column":45}}]},"46":{"loc":{"start":{"line":372,"column":4},"end":{"line":374,"column":5}},"type":"if","locations":[{"start":{"line":372,"column":4},"end":{"line":374,"column":5}}]},"47":{"loc":{"start":{"line":380,"column":4},"end":{"line":396,"column":5}},"type":"if","locations":[{"start":{"line":380,"column":4},"end":{"line":396,"column":5}}]},"48":{"loc":{"start":{"line":382,"column":6},"end":{"line":389,"column":7}},"type":"if","locations":[{"start":{"line":382,"column":6},"end":{"line":389,"column":7}}]},"49":{"loc":{"start":{"line":382,"column":10},"end":{"line":382,"column":33}},"type":"binary-expr","locations":[{"start":{"line":382,"column":10},"end":{"line":382,"column":19}},{"start":{"line":382,"column":23},"end":{"line":382,"column":33}}]},"50":{"loc":{"start":{"line":390,"column":6},"end":{"line":395,"column":7}},"type":"if","locations":[{"start":{"line":390,"column":6},"end":{"line":395,"column":7}}]},"51":{"loc":{"start":{"line":390,"column":10},"end":{"line":390,"column":33}},"type":"binary-expr","locations":[{"start":{"line":390,"column":10},"end":{"line":390,"column":19}},{"start":{"line":390,"column":23},"end":{"line":390,"column":33}}]},"52":{"loc":{"start":{"line":399,"column":4},"end":{"line":418,"column":5}},"type":"if","locations":[{"start":{"line":399,"column":4},"end":{"line":418,"column":5}}]},"53":{"loc":{"start":{"line":401,"column":6},"end":{"line":409,"column":7}},"type":"if","locations":[{"start":{"line":401,"column":6},"end":{"line":409,"column":7}}]},"54":{"loc":{"start":{"line":401,"column":10},"end":{"line":401,"column":33}},"type":"binary-expr","locations":[{"start":{"line":401,"column":10},"end":{"line":401,"column":19}},{"start":{"line":401,"column":23},"end":{"line":401,"column":33}}]},"55":{"loc":{"start":{"line":410,"column":6},"end":{"line":417,"column":7}},"type":"if","locations":[{"start":{"line":410,"column":6},"end":{"line":417,"column":7}}]},"56":{"loc":{"start":{"line":410,"column":10},"end":{"line":410,"column":33}},"type":"binary-expr","locations":[{"start":{"line":410,"column":10},"end":{"line":410,"column":19}},{"start":{"line":410,"column":23},"end":{"line":410,"column":33}}]},"57":{"loc":{"start":{"line":421,"column":4},"end":{"line":423,"column":5}},"type":"if","locations":[{"start":{"line":421,"column":4},"end":{"line":423,"column":5}}]},"58":{"loc":{"start":{"line":424,"column":4},"end":{"line":426,"column":5}},"type":"if","locations":[{"start":{"line":424,"column":4},"end":{"line":426,"column":5}}]}},"s":{"0":46,"1":3,"2":43,"3":43,"4":3,"5":40,"6":2,"7":38,"8":164,"9":164,"10":28,"11":28,"12":28,"13":28,"14":0,"15":10,"16":28,"17":11,"18":13,"19":3,"20":0,"21":1,"22":0,"23":11,"24":11,"25":11,"26":0,"27":11,"28":11,"29":11,"30":14,"31":14,"32":14,"33":14,"34":0,"35":14,"36":14,"37":2,"38":12,"39":4,"40":14,"41":14,"42":14,"43":3,"44":3,"45":3,"46":0,"47":3,"48":3,"49":0,"50":3,"51":1,"52":3,"53":3,"54":3,"55":0,"56":0,"57":0,"58":0,"59":0,"60":0,"61":0,"62":0,"63":0,"64":0,"65":1,"66":1,"67":1,"68":1,"69":15,"70":15,"71":15,"72":10,"73":10,"74":10,"75":10,"76":10,"77":4,"78":4,"79":3,"80":3,"81":1,"82":1,"83":10,"84":6,"85":6,"86":5,"87":5,"88":3,"89":10,"90":4,"91":10,"92":4,"93":0,"94":4,"95":4,"96":6,"97":2,"98":4,"99":4,"100":4,"101":4,"102":0,"103":4,"104":0,"105":0,"106":5,"107":1,"108":4,"109":4,"110":4,"111":1,"112":1,"113":1,"114":1,"115":1,"116":4,"117":1,"118":1,"119":1,"120":1,"121":1,"122":4,"123":1,"124":4,"125":1,"126":4,"127":1,"128":1,"129":1,"130":42,"131":1,"132":1,"133":4,"134":1,"135":1,"136":6,"137":1,"138":1,"139":5,"140":1},"f":{"0":46,"1":28,"2":11,"3":14,"4":3,"5":0,"6":1,"7":15,"8":10,"9":4,"10":6,"11":0,"12":5,"13":42,"14":4,"15":6,"16":5},"b":{"0":[3],"1":[46,43],"2":[3],"3":[2],"4":[28],"5":[28],"6":[11,13,3,0,1,0],"7":[0],"8":[11,11],"9":[0],"10":[14,14,14],"11":[2,12],"12":[14,8],"13":[4],"14":[12,6],"15":[0],"16":[3,3],"17":[0,3],"18":[3,2],"19":[1],"20":[3,1],"21":[0,0],"22":[0],"23":[8,7],"24":[3,12],"25":[6,6],"26":[10],"27":[10,10],"28":[4],"29":[10,9],"30":[3],"31":[1],"32":[6],"33":[10,10],"34":[5],"35":[3],"36":[4],"37":[0],"38":[4,4],"39":[3,1],"40":[4,4],"41":[2],"42":[6,5],"43":[0],"44":[4,4],"45":[0,0],"46":[1],"47":[1],"48":[1],"49":[1,1],"50":[1],"51":[1,1],"52":[1],"53":[1],"54":[1,1],"55":[1],"56":[1,1],"57":[1],"58":[1]}}
}
