TN:
SF:server\services\dateParsingService.ts
FN:175,(anonymous_9)
FN:195,(anonymous_10)
FN:348,(anonymous_11)
FN:370,(anonymous_12)
FN:416,(anonymous_13)
FN:437,(anonymous_14)
FN:466,(anonymous_15)
FN:475,(anonymous_16)
FN:502,(anonymous_17)
FN:541,(anonymous_18)
FN:589,(anonymous_19)
FN:698,(anonymous_20)
FN:709,(anonymous_21)
FN:758,(anonymous_22)
FN:777,(anonymous_23)
FN:785,(anonymous_24)
FN:827,(anonymous_25)
FN:838,(anonymous_26)
FNF:18
FNH:14
FNDA:0,(anonymous_9)
FNDA:8,(anonymous_10)
FNDA:4,(anonymous_11)
FNDA:8,(anonymous_12)
FNDA:4,(anonymous_13)
FNDA:5,(anonymous_14)
FNDA:40,(anonymous_15)
FNDA:55,(anonymous_16)
FNDA:3,(anonymous_17)
FNDA:8,(anonymous_18)
FNDA:43,(anonymous_19)
FNDA:8,(anonymous_20)
FNDA:0,(anonymous_21)
FNDA:0,(anonymous_22)
FNDA:0,(anonymous_23)
FNDA:8,(anonymous_24)
FNDA:35,(anonymous_25)
FNDA:1,(anonymous_26)
DA:1,2
DA:5,2
DA:20,2
DA:128,2
DA:147,2
DA:156,2
DA:166,2
DA:171,2
DA:177,0
DA:180,0
DA:187,0
DA:189,0
DA:200,8
DA:206,8
DA:209,8
DA:210,8
DA:211,1
DA:212,1
DA:215,1
DA:219,8
DA:220,8
DA:221,8
DA:222,8
DA:226,8
DA:231,8
DA:232,2
DA:234,2
DA:238,2
DA:243,6
DA:244,6
DA:246,0
DA:249,6
DA:251,6
DA:252,4
DA:253,4
DA:256,4
DA:260,0
DA:263,0
DA:265,0
DA:270,0
DA:273,0
DA:279,0
DA:280,0
DA:283,0
DA:290,4
DA:294,4
DA:298,2
DA:299,2
DA:300,2
DA:301,2
DA:306,4
DA:309,4
DA:315,4
DA:320,4
DA:321,0
DA:327,8
DA:330,8
DA:336,8
DA:342,8
DA:349,4
DA:352,4
DA:353,2
DA:354,4
DA:355,2
DA:356,4
DA:357,2
DA:358,4
DA:359,2
DA:360,4
DA:361,2
DA:363,4
DA:375,8
DA:378,8
DA:379,2
DA:380,2
DA:381,2
DA:393,6
DA:397,0
DA:398,0
DA:399,0
DA:410,6
DA:422,4
DA:423,0
DA:430,4
DA:441,5
DA:444,5
DA:445,5
DA:446,0
DA:450,5
DA:451,40
DA:452,40
DA:457,40
DA:460,5
DA:467,40
DA:468,40
DA:469,40
DA:480,55
DA:481,55
DA:484,55
DA:491,55
DA:506,3
DA:509,3
DA:510,3
DA:511,0
DA:514,3
DA:515,3
DA:518,3
DA:519,3
DA:523,3
DA:525,3
DA:526,15
DA:527,15
DA:532,15
DA:535,3
DA:547,8
DA:548,50
DA:549,50
DA:550,1
DA:559,7
DA:560,35
DA:561,35
DA:562,0
DA:571,7
DA:572,21
DA:573,21
DA:574,0
DA:582,7
DA:594,43
DA:598,43
DA:605,43
DA:637,43
DA:638,129
DA:639,4257
DA:640,4257
DA:642,76
DA:645,76
DA:650,51
DA:651,25
DA:652,8
DA:655,76
DA:657,76
DA:658,76
DA:664,43
DA:665,43
DA:666,43
DA:668,43
DA:669,129
DA:670,42
DA:671,42
DA:672,42
DA:677,43
DA:678,43
DA:679,39
DA:680,22
DA:681,17
DA:682,12
DA:684,5
DA:688,43
DA:699,8
DA:715,0
DA:716,0
DA:717,0
DA:720,0
DA:721,0
DA:722,0
DA:725,0
DA:729,0
DA:732,0
DA:738,0
DA:739,0
DA:742,0
DA:749,0
DA:752,0
DA:760,0
DA:762,0
DA:763,0
DA:764,0
DA:766,0
DA:767,0
DA:771,0
DA:778,0
DA:790,8
DA:791,8
DA:794,8
DA:795,3
DA:803,8
DA:807,3
DA:810,3
DA:820,8
DA:832,35
DA:839,1
DA:844,2
LF:192
LH:148
BRDA:197,0,0,6
BRDA:210,1,0,1
BRDA:220,2,0,8
BRDA:231,3,0,2
BRDA:231,3,1,6
BRDA:244,4,0,0
BRDA:251,5,0,4
BRDA:256,6,0,0
BRDA:256,6,1,4
BRDA:260,7,0,0
BRDA:260,7,1,0
BRDA:263,8,0,0
BRDA:263,8,1,0
BRDA:294,9,0,2
BRDA:295,10,0,4
BRDA:295,10,1,2
BRDA:300,11,0,2
BRDA:300,12,0,2
BRDA:300,12,1,2
BRDA:320,13,0,0
BRDA:330,14,0,8
BRDA:331,15,0,8
BRDA:331,15,1,4
BRDA:331,15,2,3
BRDA:331,15,3,0
BRDA:331,15,4,0
BRDA:352,16,0,2
BRDA:354,17,0,2
BRDA:356,18,0,2
BRDA:358,19,0,2
BRDA:360,20,0,2
BRDA:378,21,0,2
BRDA:380,22,0,2
BRDA:393,23,0,0
BRDA:394,24,0,6
BRDA:394,24,1,6
BRDA:398,25,0,0
BRDA:422,26,0,0
BRDA:445,27,0,0
BRDA:484,28,0,0
BRDA:484,28,1,55
BRDA:510,29,0,0
BRDA:549,30,0,1
BRDA:561,31,0,0
BRDA:573,32,0,0
BRDA:640,33,0,76
BRDA:645,34,0,51
BRDA:645,34,1,25
BRDA:651,35,0,8
BRDA:655,36,0,0
BRDA:669,37,0,42
BRDA:678,38,0,39
BRDA:679,39,0,22
BRDA:679,39,1,17
BRDA:681,40,0,12
BRDA:681,40,1,5
BRDA:689,41,0,39
BRDA:689,41,1,4
BRDA:711,42,0,0
BRDA:716,43,0,0
BRDA:721,44,0,0
BRDA:725,45,0,0
BRDA:762,46,0,0
BRDA:766,47,0,0
BRDA:766,48,0,0
BRDA:766,48,1,0
BRDA:766,48,2,0
BRDA:766,48,3,0
BRDA:787,49,0,0
BRDA:794,50,0,3
BRDA:803,51,0,3
BRDA:804,52,0,8
BRDA:804,52,1,6
BRDA:807,53,0,1
BRDA:807,53,1,2
BRF:75
BRH:46
end_of_record
TN:
SF:src\services\networkStatus.ts
FN:10,(anonymous_7)
FN:23,(anonymous_8)
FN:27,(anonymous_9)
FN:14,(anonymous_10)
FN:31,(anonymous_11)
FN:38,(anonymous_12)
FN:39,(anonymous_13)
FN:48,(anonymous_14)
FN:53,(anonymous_15)
FN:58,(anonymous_16)
FN:62,(anonymous_18)
FN:81,(anonymous_19)
FN:85,(anonymous_20)
FN:89,(anonymous_21)
FN:94,(anonymous_22)
FN:99,(anonymous_23)
FN:105,(anonymous_25)
FNF:17
FNH:12
FNDA:1,(anonymous_7)
FNDA:0,(anonymous_8)
FNDA:0,(anonymous_9)
FNDA:1,(anonymous_10)
FNDA:2,(anonymous_11)
FNDA:1,(anonymous_12)
FNDA:0,(anonymous_13)
FNDA:1,(anonymous_14)
FNDA:0,(anonymous_15)
FNDA:2,(anonymous_16)
FNDA:0,(anonymous_18)
FNDA:2,(anonymous_19)
FNDA:1,(anonymous_20)
FNDA:1,(anonymous_21)
FNDA:1,(anonymous_22)
FNDA:2,(anonymous_23)
FNDA:1,(anonymous_25)
DA:4,1
DA:5,1
DA:6,1
DA:7,1
DA:8,1
DA:11,1
DA:16,1
DA:17,1
DA:20,1
DA:23,1
DA:24,0
DA:27,1
DA:28,0
DA:32,2
DA:33,1
DA:34,1
DA:39,1
DA:40,0
DA:41,0
DA:43,0
DA:49,1
DA:50,0
DA:53,1
DA:54,0
DA:59,2
DA:61,2
DA:62,2
DA:64,2
DA:70,1
DA:73,1
DA:76,1
DA:82,2
DA:86,1
DA:89,1
DA:90,1
DA:95,1
DA:100,2
DA:101,2
DA:106,1
DA:107,1
DA:109,1
DA:110,1
DA:111,1
DA:114,1
DA:118,1
LF:45
LH:38
BRDA:32,0,0,1
BRDA:49,1,0,0
BRDA:109,2,0,1
BRF:3
BRH:2
end_of_record
TN:
SF:src\utils\timeParser.ts
FN:64,(anonymous_0)
FN:118,(anonymous_1)
FN:141,(anonymous_2)
FN:162,(anonymous_3)
FN:191,(anonymous_4)
FN:219,(anonymous_5)
FN:249,(anonymous_6)
FN:267,(anonymous_7)
FN:276,(anonymous_8)
FN:324,(anonymous_9)
FN:344,(anonymous_10)
FN:363,(anonymous_11)
FN:371,(anonymous_12)
FN:436,(anonymous_13)
FN:438,(anonymous_14)
FN:440,(anonymous_15)
FN:442,(anonymous_16)
FNF:17
FNH:15
FNDA:46,(anonymous_0)
FNDA:28,(anonymous_1)
FNDA:11,(anonymous_2)
FNDA:14,(anonymous_3)
FNDA:3,(anonymous_4)
FNDA:0,(anonymous_5)
FNDA:1,(anonymous_6)
FNDA:15,(anonymous_7)
FNDA:10,(anonymous_8)
FNDA:4,(anonymous_9)
FNDA:6,(anonymous_10)
FNDA:0,(anonymous_11)
FNDA:5,(anonymous_12)
FNDA:42,(anonymous_13)
FNDA:4,(anonymous_14)
FNDA:6,(anonymous_15)
FNDA:5,(anonymous_16)
DA:20,1
DA:22,1
DA:65,46
DA:66,3
DA:73,43
DA:76,43
DA:77,3
DA:84,40
DA:85,2
DA:93,38
DA:94,164
DA:95,164
DA:96,28
DA:97,28
DA:98,28
DA:99,28
DA:102,0
DA:108,10
DA:122,28
DA:124,11
DA:126,13
DA:128,3
DA:130,0
DA:132,1
DA:134,0
DA:142,11
DA:143,11
DA:145,11
DA:146,0
DA:149,11
DA:150,11
DA:152,11
DA:163,14
DA:164,14
DA:165,14
DA:167,14
DA:168,0
DA:171,14
DA:172,14
DA:173,2
DA:174,12
DA:175,4
DA:178,14
DA:179,14
DA:181,14
DA:192,3
DA:193,3
DA:195,3
DA:196,0
DA:199,3
DA:200,3
DA:201,0
DA:202,3
DA:203,1
DA:206,3
DA:207,3
DA:209,3
DA:222,0
DA:223,0
DA:225,0
DA:226,0
DA:227,0
DA:232,0
DA:234,0
DA:235,0
DA:236,0
DA:243,0
DA:252,1
DA:253,1
DA:254,1
DA:256,1
DA:268,15
DA:269,15
DA:270,15
DA:277,10
DA:280,10
DA:281,10
DA:282,10
DA:285,10
DA:286,4
DA:287,4
DA:288,3
DA:289,3
DA:290,1
DA:293,1
DA:300,10
DA:301,6
DA:302,6
DA:303,5
DA:304,5
DA:305,3
DA:314,10
DA:315,4
DA:318,10
DA:325,4
DA:326,0
DA:333,4
DA:334,4
DA:345,6
DA:346,2
DA:349,4
DA:350,4
DA:351,4
DA:353,4
DA:354,0
DA:357,4
DA:364,0
DA:365,0
DA:372,5
DA:373,1
DA:376,4
DA:377,4
DA:380,4
DA:381,1
DA:382,1
DA:383,1
DA:390,1
DA:391,1
DA:399,4
DA:400,1
DA:401,1
DA:402,1
DA:410,1
DA:411,1
DA:421,4
DA:422,1
DA:424,4
DA:425,1
DA:428,4
DA:436,1
DA:437,42
DA:438,1
DA:439,4
DA:440,1
DA:441,6
DA:442,1
DA:443,5
LF:137
LH:116
BRDA:65,0,0,3
BRDA:65,1,0,46
BRDA:65,1,1,43
BRDA:76,2,0,3
BRDA:84,3,0,2
BRDA:95,4,0,28
BRDA:98,5,0,28
BRDA:122,6,0,11
BRDA:122,6,1,13
BRDA:122,6,2,3
BRDA:122,6,3,0
BRDA:122,6,4,1
BRDA:122,6,5,0
BRDA:145,7,0,0
BRDA:145,8,0,11
BRDA:145,8,1,11
BRDA:167,9,0,0
BRDA:167,10,0,14
BRDA:167,10,1,14
BRDA:167,10,2,14
BRDA:172,11,0,2
BRDA:172,11,1,12
BRDA:172,12,0,14
BRDA:172,12,1,8
BRDA:174,13,0,4
BRDA:174,14,0,12
BRDA:174,14,1,6
BRDA:195,15,0,0
BRDA:195,16,0,3
BRDA:195,16,1,3
BRDA:200,17,0,0
BRDA:200,17,1,3
BRDA:200,18,0,3
BRDA:200,18,1,2
BRDA:202,19,0,1
BRDA:202,20,0,3
BRDA:202,20,1,1
BRDA:223,21,0,0
BRDA:223,21,1,0
BRDA:232,22,0,0
BRDA:268,23,0,8
BRDA:268,23,1,7
BRDA:269,24,0,3
BRDA:269,24,1,12
BRDA:269,25,0,6
BRDA:269,25,1,6
BRDA:281,26,0,10
BRDA:281,27,0,10
BRDA:281,27,1,10
BRDA:285,28,0,4
BRDA:285,29,0,10
BRDA:285,29,1,9
BRDA:287,30,0,3
BRDA:289,31,0,1
BRDA:300,32,0,6
BRDA:300,33,0,10
BRDA:300,33,1,10
BRDA:302,34,0,5
BRDA:304,35,0,3
BRDA:314,36,0,4
BRDA:325,37,0,0
BRDA:325,38,0,4
BRDA:325,38,1,4
BRDA:337,39,0,3
BRDA:337,39,1,1
BRDA:337,40,0,4
BRDA:337,40,1,4
BRDA:345,41,0,2
BRDA:345,42,0,6
BRDA:345,42,1,5
BRDA:353,43,0,0
BRDA:353,44,0,4
BRDA:353,44,1,4
BRDA:365,45,0,0
BRDA:365,45,1,0
BRDA:372,46,0,1
BRDA:380,47,0,1
BRDA:382,48,0,1
BRDA:382,49,0,1
BRDA:382,49,1,1
BRDA:390,50,0,1
BRDA:390,51,0,1
BRDA:390,51,1,1
BRDA:399,52,0,1
BRDA:401,53,0,1
BRDA:401,54,0,1
BRDA:401,54,1,1
BRDA:410,55,0,1
BRDA:410,56,0,1
BRDA:410,56,1,1
BRDA:421,57,0,1
BRDA:424,58,0,1
BRF:92
BRH:79
end_of_record
