{"C:\\Users\\Jimmy\\Documents\\KiroHackathon\\taskiro\\server\\index.ts": {"path":"C:\\Users\\Jimmy\\Documents\\KiroHackathon\\taskiro\\server\\index.ts","statementMap":{"0":{"start":{"line":1,"column":0},"end":{"line":1,"column":30}},"1":{"start":{"line":2,"column":0},"end":{"line":2,"column":24}},"2":{"start":{"line":3,"column":0},"end":{"line":3,"column":28}},"3":{"start":{"line":4,"column":0},"end":{"line":4,"column":43}},"4":{"start":{"line":5,"column":0},"end":{"line":5,"column":28}},"5":{"start":{"line":6,"column":0},"end":{"line":6,"column":46}},"6":{"start":{"line":7,"column":0},"end":{"line":7,"column":39}},"7":{"start":{"line":8,"column":0},"end":{"line":8,"column":40}},"8":{"start":{"line":9,"column":0},"end":{"line":9,"column":49}},"9":{"start":{"line":10,"column":0},"end":{"line":10,"column":37}},"10":{"start":{"line":11,"column":0},"end":{"line":11,"column":57}},"11":{"start":{"line":14,"column":0},"end":{"line":14,"column":16}},"12":{"start":{"line":16,"column":12},"end":{"line":16,"column":21}},"13":{"start":{"line":17,"column":15},"end":{"line":17,"column":33}},"14":{"start":{"line":18,"column":13},"end":{"line":18,"column":37}},"15":{"start":{"line":21,"column":0},"end":{"line":21,"column":18}},"16":{"start":{"line":22,"column":0},"end":{"line":27,"column":2}},"17":{"start":{"line":30,"column":16},"end":{"line":34,"column":2}},"18":{"start":{"line":35,"column":0},"end":{"line":35,"column":17}},"19":{"start":{"line":38,"column":0},"end":{"line":38,"column":41}},"20":{"start":{"line":39,"column":0},"end":{"line":39,"column":48}},"21":{"start":{"line":42,"column":0},"end":{"line":44,"column":3}},"22":{"start":{"line":43,"column":2},"end":{"line":43,"column":78}},"23":{"start":{"line":47,"column":0},"end":{"line":47,"column":33}},"24":{"start":{"line":48,"column":0},"end":{"line":48,"column":34}},"25":{"start":{"line":49,"column":0},"end":{"line":49,"column":43}},"26":{"start":{"line":50,"column":0},"end":{"line":50,"column":31}},"27":{"start":{"line":53,"column":0},"end":{"line":53,"column":22}},"28":{"start":{"line":56,"column":0},"end":{"line":64,"column":3}},"29":{"start":{"line":57,"column":2},"end":{"line":63,"column":5}},"30":{"start":{"line":67,"column":0},"end":{"line":71,"column":3}},"31":{"start":{"line":68,"column":2},"end":{"line":68,"column":45}},"32":{"start":{"line":69,"column":2},"end":{"line":69,"column":29}},"33":{"start":{"line":70,"column":2},"end":{"line":70,"column":18}},"34":{"start":{"line":73,"column":0},"end":{"line":77,"column":3}},"35":{"start":{"line":74,"column":2},"end":{"line":74,"column":45}},"36":{"start":{"line":75,"column":2},"end":{"line":75,"column":29}},"37":{"start":{"line":76,"column":2},"end":{"line":76,"column":18}},"38":{"start":{"line":79,"column":0},"end":{"line":82,"column":3}},"39":{"start":{"line":80,"column":2},"end":{"line":80,"column":48}},"40":{"start":{"line":81,"column":2},"end":{"line":81,"column":63}},"41":{"start":{"line":84,"column":0},"end":{"line":84,"column":19}}},"fnMap":{"0":{"name":"(anonymous_1)","decl":{"start":{"line":42,"column":19},"end":{"line":42,"column":20}},"loc":{"start":{"line":42,"column":32},"end":{"line":44,"column":1}}},"1":{"name":"(anonymous_2)","decl":{"start":{"line":56,"column":13},"end":{"line":56,"column":14}},"loc":{"start":{"line":56,"column":26},"end":{"line":64,"column":1}}},"2":{"name":"(anonymous_3)","decl":{"start":{"line":67,"column":21},"end":{"line":67,"column":26}},"loc":{"start":{"line":67,"column":32},"end":{"line":71,"column":1}}},"3":{"name":"(anonymous_4)","decl":{"start":{"line":73,"column":22},"end":{"line":73,"column":27}},"loc":{"start":{"line":73,"column":33},"end":{"line":77,"column":1}}},"4":{"name":"(anonymous_5)","decl":{"start":{"line":79,"column":17},"end":{"line":79,"column":20}},"loc":{"start":{"line":79,"column":22},"end":{"line":82,"column":1}}}},"branchMap":{"0":{"loc":{"start":{"line":18,"column":13},"end":{"line":18,"column":37}},"type":"binary-expr","locations":[{"start":{"line":18,"column":13},"end":{"line":18,"column":29}},{"start":{"line":18,"column":33},"end":{"line":18,"column":37}}]},"1":{"loc":{"start":{"line":24,"column":12},"end":{"line":24,"column":63}},"type":"binary-expr","locations":[{"start":{"line":24,"column":12},"end":{"line":24,"column":36}},{"start":{"line":24,"column":40},"end":{"line":24,"column":63}}]}},"s":{"0":0,"1":0,"2":0,"3":0,"4":0,"5":0,"6":0,"7":0,"8":0,"9":0,"10":0,"11":0,"12":0,"13":0,"14":0,"15":0,"16":0,"17":0,"18":0,"19":0,"20":0,"21":0,"22":0,"23":0,"24":0,"25":0,"26":0,"27":0,"28":0,"29":0,"30":0,"31":0,"32":0,"33":0,"34":0,"35":0,"36":0,"37":0,"38":0,"39":0,"40":0,"41":0},"f":{"0":0,"1":0,"2":0,"3":0,"4":0},"b":{"0":[0,0],"1":[0,0]}}
,"C:\\Users\\Jimmy\\Documents\\KiroHackathon\\taskiro\\server\\test-auth.ts": {"path":"C:\\Users\\Jimmy\\Documents\\KiroHackathon\\taskiro\\server\\test-auth.ts","statementMap":{"0":{"start":{"line":1,"column":0},"end":{"line":1,"column":46}},"1":{"start":{"line":2,"column":0},"end":{"line":2,"column":30}},"2":{"start":{"line":4,"column":15},"end":{"line":4,"column":33}},"3":{"start":{"line":7,"column":2},"end":{"line":7,"column":58}},"4":{"start":{"line":9,"column":2},"end":{"line":46,"column":3}},"5":{"start":{"line":11,"column":21},"end":{"line":11,"column":38}},"6":{"start":{"line":12,"column":27},"end":{"line":12,"column":58}},"7":{"start":{"line":13,"column":20},"end":{"line":13,"column":66}},"8":{"start":{"line":15,"column":4},"end":{"line":15,"column":54}},"9":{"start":{"line":18,"column":4},"end":{"line":18,"column":60}},"10":{"start":{"line":21,"column":22},"end":{"line":21,"column":44}},"11":{"start":{"line":22,"column":29},"end":{"line":22,"column":59}},"12":{"start":{"line":24,"column":4},"end":{"line":28,"column":5}},"13":{"start":{"line":25,"column":6},"end":{"line":25,"column":46}},"14":{"start":{"line":27,"column":6},"end":{"line":27,"column":43}},"15":{"start":{"line":30,"column":4},"end":{"line":30,"column":68}},"16":{"start":{"line":31,"column":4},"end":{"line":31,"column":46}},"17":{"start":{"line":32,"column":4},"end":{"line":32,"column":63}},"18":{"start":{"line":33,"column":4},"end":{"line":33,"column":53}},"19":{"start":{"line":34,"column":4},"end":{"line":34,"column":65}},"20":{"start":{"line":35,"column":4},"end":{"line":35,"column":57}},"21":{"start":{"line":36,"column":4},"end":{"line":36,"column":63}},"22":{"start":{"line":38,"column":4},"end":{"line":38,"column":33}},"23":{"start":{"line":39,"column":4},"end":{"line":39,"column":71}},"24":{"start":{"line":40,"column":4},"end":{"line":40,"column":64}},"25":{"start":{"line":41,"column":4},"end":{"line":41,"column":60}},"26":{"start":{"line":43,"column":4},"end":{"line":43,"column":60}},"27":{"start":{"line":45,"column":4},"end":{"line":45,"column":31}},"28":{"start":{"line":49,"column":0},"end":{"line":49,"column":25}}},"fnMap":{"0":{"name":"testAuthImplementation","decl":{"start":{"line":6,"column":15},"end":{"line":6,"column":37}},"loc":{"start":{"line":6,"column":37},"end":{"line":47,"column":1}}}},"branchMap":{"0":{"loc":{"start":{"line":24,"column":4},"end":{"line":28,"column":5}},"type":"if","locations":[{"start":{"line":24,"column":4},"end":{"line":28,"column":5}},{"start":{"line":26,"column":11},"end":{"line":28,"column":5}}]},"1":{"loc":{"start":{"line":24,"column":8},"end":{"line":24,"column":37}},"type":"binary-expr","locations":[{"start":{"line":24,"column":8},"end":{"line":24,"column":17}},{"start":{"line":24,"column":21},"end":{"line":24,"column":37}}]}},"s":{"0":0,"1":0,"2":0,"3":0,"4":0,"5":0,"6":0,"7":0,"8":0,"9":0,"10":0,"11":0,"12":0,"13":0,"14":0,"15":0,"16":0,"17":0,"18":0,"19":0,"20":0,"21":0,"22":0,"23":0,"24":0,"25":0,"26":0,"27":0,"28":0},"f":{"0":0},"b":{"0":[0,0],"1":[0,0]}}
,"C:\\Users\\Jimmy\\Documents\\KiroHackathon\\taskiro\\server\\test-category-api.ts": {"path":"C:\\Users\\Jimmy\\Documents\\KiroHackathon\\taskiro\\server\\test-category-api.ts","statementMap":{"0":{"start":{"line":1,"column":0},"end":{"line":1,"column":30}},"1":{"start":{"line":2,"column":0},"end":{"line":2,"column":37}},"2":{"start":{"line":4,"column":12},"end":{"line":4,"column":21}},"3":{"start":{"line":5,"column":0},"end":{"line":5,"column":24}},"4":{"start":{"line":6,"column":0},"end":{"line":6,"column":31}},"5":{"start":{"line":8,"column":13},"end":{"line":8,"column":17}},"6":{"start":{"line":10,"column":0},"end":{"line":16,"column":3}},"7":{"start":{"line":11,"column":2},"end":{"line":11,"column":53}},"8":{"start":{"line":12,"column":2},"end":{"line":12,"column":63}},"9":{"start":{"line":15,"column":2},"end":{"line":15,"column":30}},"10":{"start":{"line":19,"column":20},"end":{"line":25,"column":4}},"11":{"start":{"line":27,"column":2},"end":{"line":48,"column":3}},"12":{"start":{"line":28,"column":4},"end":{"line":47,"column":5}},"13":{"start":{"line":29,"column":23},"end":{"line":37,"column":null}},"14":{"start":{"line":40,"column":21},"end":{"line":40,"column":42}},"15":{"start":{"line":42,"column":6},"end":{"line":42,"column":38}},"16":{"start":{"line":43,"column":6},"end":{"line":43,"column":64}},"17":{"start":{"line":44,"column":6},"end":{"line":44,"column":25}},"18":{"start":{"line":46,"column":6},"end":{"line":46,"column":55}},"19":{"start":{"line":50,"column":2},"end":{"line":50,"column":40}},"20":{"start":{"line":51,"column":2},"end":{"line":51,"column":18}}},"fnMap":{"0":{"name":"(anonymous_1)","decl":{"start":{"line":10,"column":17},"end":{"line":10,"column":20}},"loc":{"start":{"line":10,"column":22},"end":{"line":16,"column":1}}},"1":{"name":"testCategorySuggestionAPI","decl":{"start":{"line":18,"column":15},"end":{"line":18,"column":40}},"loc":{"start":{"line":18,"column":40},"end":{"line":52,"column":1}}}},"branchMap":{},"s":{"0":0,"1":0,"2":0,"3":0,"4":0,"5":0,"6":0,"7":0,"8":0,"9":0,"10":0,"11":0,"12":0,"13":0,"14":0,"15":0,"16":0,"17":0,"18":0,"19":0,"20":0},"f":{"0":0,"1":0},"b":{}}
,"C:\\Users\\Jimmy\\Documents\\KiroHackathon\\taskiro\\server\\test-category-extraction.ts": {"path":"C:\\Users\\Jimmy\\Documents\\KiroHackathon\\taskiro\\server\\test-category-extraction.ts","statementMap":{"0":{"start":{"line":1,"column":0},"end":{"line":1,"column":67}},"1":{"start":{"line":3,"column":0},"end":{"line":3,"column":59}},"2":{"start":{"line":6,"column":18},"end":{"line":72,"column":2}},"3":{"start":{"line":74,"column":0},"end":{"line":74,"column":51}},"4":{"start":{"line":76,"column":0},"end":{"line":90,"column":3}},"5":{"start":{"line":77,"column":2},"end":{"line":77,"column":60}},"6":{"start":{"line":78,"column":2},"end":{"line":78,"column":44}},"7":{"start":{"line":80,"column":17},"end":{"line":80,"column":73}},"8":{"start":{"line":82,"column":2},"end":{"line":82,"column":75}},"9":{"start":{"line":83,"column":2},"end":{"line":83,"column":63}},"10":{"start":{"line":84,"column":2},"end":{"line":84,"column":61}},"11":{"start":{"line":85,"column":2},"end":{"line":85,"column":74}},"12":{"start":{"line":87,"column":18},"end":{"line":87,"column":63}},"13":{"start":{"line":88,"column":2},"end":{"line":88,"column":58}},"14":{"start":{"line":89,"column":2},"end":{"line":89,"column":21}},"15":{"start":{"line":92,"column":0},"end":{"line":92,"column":50}},"16":{"start":{"line":94,"column":23},"end":{"line":100,"column":2}},"17":{"start":{"line":102,"column":0},"end":{"line":116,"column":3}},"18":{"start":{"line":103,"column":2},"end":{"line":103,"column":58}},"19":{"start":{"line":105,"column":17},"end":{"line":105,"column":53}},"20":{"start":{"line":107,"column":2},"end":{"line":107,"column":42}},"21":{"start":{"line":108,"column":2},"end":{"line":108,"column":56}},"22":{"start":{"line":109,"column":2},"end":{"line":109,"column":56}},"23":{"start":{"line":110,"column":2},"end":{"line":112,"column":4}},"24":{"start":{"line":113,"column":2},"end":{"line":113,"column":55}},"25":{"start":{"line":114,"column":2},"end":{"line":114,"column":61}},"26":{"start":{"line":115,"column":2},"end":{"line":115,"column":21}},"27":{"start":{"line":118,"column":0},"end":{"line":118,"column":55}},"28":{"start":{"line":120,"column":17},"end":{"line":120,"column":57}},"29":{"start":{"line":121,"column":0},"end":{"line":125,"column":3}},"30":{"start":{"line":122,"column":2},"end":{"line":124,"column":4}},"31":{"start":{"line":127,"column":0},"end":{"line":127,"column":56}}},"fnMap":{"0":{"name":"(anonymous_0)","decl":{"start":{"line":76,"column":18},"end":{"line":76,"column":19}},"loc":{"start":{"line":76,"column":38},"end":{"line":90,"column":1}}},"1":{"name":"(anonymous_1)","decl":{"start":{"line":102,"column":23},"end":{"line":102,"column":24}},"loc":{"start":{"line":102,"column":40},"end":{"line":116,"column":1}}},"2":{"name":"(anonymous_2)","decl":{"start":{"line":121,"column":33},"end":{"line":121,"column":34}},"loc":{"start":{"line":121,"column":55},"end":{"line":125,"column":1}}}},"branchMap":{"0":{"loc":{"start":{"line":82,"column":36},"end":{"line":82,"column":71}},"type":"binary-expr","locations":[{"start":{"line":82,"column":36},"end":{"line":82,"column":61}},{"start":{"line":82,"column":65},"end":{"line":82,"column":71}}]},"1":{"loc":{"start":{"line":83,"column":34},"end":{"line":83,"column":59}},"type":"binary-expr","locations":[{"start":{"line":83,"column":34},"end":{"line":83,"column":49}},{"start":{"line":83,"column":53},"end":{"line":83,"column":59}}]},"2":{"loc":{"start":{"line":88,"column":25},"end":{"line":88,"column":54}},"type":"cond-expr","locations":[{"start":{"line":88,"column":35},"end":{"line":88,"column":43}},{"start":{"line":88,"column":46},"end":{"line":88,"column":54}}]},"3":{"loc":{"start":{"line":108,"column":27},"end":{"line":108,"column":52}},"type":"binary-expr","locations":[{"start":{"line":108,"column":27},"end":{"line":108,"column":42}},{"start":{"line":108,"column":46},"end":{"line":108,"column":52}}]},"4":{"loc":{"start":{"line":109,"column":27},"end":{"line":109,"column":52}},"type":"binary-expr","locations":[{"start":{"line":109,"column":27},"end":{"line":109,"column":42}},{"start":{"line":109,"column":46},"end":{"line":109,"column":52}}]},"5":{"loc":{"start":{"line":111,"column":17},"end":{"line":111,"column":72}},"type":"cond-expr","locations":[{"start":{"line":111,"column":34},"end":{"line":111,"column":63}},{"start":{"line":111,"column":66},"end":{"line":111,"column":72}}]},"6":{"loc":{"start":{"line":113,"column":27},"end":{"line":113,"column":51}},"type":"binary-expr","locations":[{"start":{"line":113,"column":27},"end":{"line":113,"column":41}},{"start":{"line":113,"column":45},"end":{"line":113,"column":51}}]},"7":{"loc":{"start":{"line":123,"column":66},"end":{"line":123,"column":96}},"type":"cond-expr","locations":[{"start":{"line":123,"column":86},"end":{"line":123,"column":91}},{"start":{"line":123,"column":94},"end":{"line":123,"column":96}}]}},"s":{"0":0,"1":0,"2":0,"3":0,"4":0,"5":0,"6":0,"7":0,"8":0,"9":0,"10":0,"11":0,"12":0,"13":0,"14":0,"15":0,"16":0,"17":0,"18":0,"19":0,"20":0,"21":0,"22":0,"23":0,"24":0,"25":0,"26":0,"27":0,"28":0,"29":0,"30":0,"31":0},"f":{"0":0,"1":0,"2":0},"b":{"0":[0,0],"1":[0,0],"2":[0,0],"3":[0,0],"4":[0,0],"5":[0,0],"6":[0,0],"7":[0,0]}}
,"C:\\Users\\Jimmy\\Documents\\KiroHackathon\\taskiro\\server\\test-database-offline.ts": {"path":"C:\\Users\\Jimmy\\Documents\\KiroHackathon\\taskiro\\server\\test-database-offline.ts","statementMap":{"0":{"start":{"line":1,"column":0},"end":{"line":1,"column":50}},"1":{"start":{"line":2,"column":0},"end":{"line":2,"column":null}},"2":{"start":{"line":9,"column":2},"end":{"line":9,"column":72}},"3":{"start":{"line":11,"column":2},"end":{"line":110,"column":3}},"4":{"start":{"line":13,"column":4},"end":{"line":13,"column":49}},"5":{"start":{"line":15,"column":28},"end":{"line":15,"column":53}},"6":{"start":{"line":16,"column":26},"end":{"line":16,"column":61}},"7":{"start":{"line":18,"column":4},"end":{"line":24,"column":7}},"8":{"start":{"line":19,"column":6},"end":{"line":23,"column":7}},"9":{"start":{"line":20,"column":8},"end":{"line":20,"column":60}},"10":{"start":{"line":22,"column":8},"end":{"line":22,"column":62}},"11":{"start":{"line":26,"column":4},"end":{"line":32,"column":7}},"12":{"start":{"line":27,"column":6},"end":{"line":31,"column":7}},"13":{"start":{"line":28,"column":8},"end":{"line":28,"column":56}},"14":{"start":{"line":30,"column":8},"end":{"line":30,"column":58}},"15":{"start":{"line":35,"column":4},"end":{"line":35,"column":56}},"16":{"start":{"line":36,"column":4},"end":{"line":38,"column":6}},"17":{"start":{"line":39,"column":4},"end":{"line":41,"column":6}},"18":{"start":{"line":42,"column":4},"end":{"line":44,"column":6}},"19":{"start":{"line":45,"column":4},"end":{"line":47,"column":6}},"20":{"start":{"line":48,"column":4},"end":{"line":50,"column":6}},"21":{"start":{"line":53,"column":4},"end":{"line":53,"column":48}},"22":{"start":{"line":54,"column":4},"end":{"line":54,"column":77}},"23":{"start":{"line":55,"column":4},"end":{"line":55,"column":73}},"24":{"start":{"line":58,"column":4},"end":{"line":58,"column":56}},"25":{"start":{"line":61,"column":28},"end":{"line":61,"column":36}},"26":{"start":{"line":62,"column":26},"end":{"line":62,"column":35}},"27":{"start":{"line":64,"column":4},"end":{"line":66,"column":6}},"28":{"start":{"line":67,"column":4},"end":{"line":69,"column":6}},"29":{"start":{"line":71,"column":4},"end":{"line":71,"column":63}},"30":{"start":{"line":73,"column":4},"end":{"line":73,"column":38}},"31":{"start":{"line":74,"column":4},"end":{"line":74,"column":73}},"32":{"start":{"line":75,"column":4},"end":{"line":75,"column":73}},"33":{"start":{"line":76,"column":4},"end":{"line":76,"column":79}},"34":{"start":{"line":77,"column":4},"end":{"line":77,"column":75}},"35":{"start":{"line":78,"column":4},"end":{"line":78,"column":58}},"36":{"start":{"line":79,"column":4},"end":{"line":79,"column":66}},"37":{"start":{"line":81,"column":4},"end":{"line":81,"column":44}},"38":{"start":{"line":82,"column":4},"end":{"line":82,"column":66}},"39":{"start":{"line":83,"column":4},"end":{"line":83,"column":68}},"40":{"start":{"line":84,"column":4},"end":{"line":84,"column":62}},"41":{"start":{"line":85,"column":4},"end":{"line":85,"column":59}},"42":{"start":{"line":86,"column":4},"end":{"line":86,"column":52}},"43":{"start":{"line":87,"column":4},"end":{"line":87,"column":63}},"44":{"start":{"line":89,"column":4},"end":{"line":89,"column":39}},"45":{"start":{"line":90,"column":4},"end":{"line":90,"column":72}},"46":{"start":{"line":91,"column":4},"end":{"line":91,"column":70}},"47":{"start":{"line":92,"column":4},"end":{"line":92,"column":65}},"48":{"start":{"line":93,"column":4},"end":{"line":93,"column":70}},"49":{"start":{"line":94,"column":4},"end":{"line":94,"column":72}},"50":{"start":{"line":96,"column":4},"end":{"line":96,"column":50}},"51":{"start":{"line":97,"column":4},"end":{"line":97,"column":65}},"52":{"start":{"line":98,"column":4},"end":{"line":98,"column":49}},"53":{"start":{"line":99,"column":4},"end":{"line":99,"column":63}},"54":{"start":{"line":100,"column":4},"end":{"line":100,"column":53}},"55":{"start":{"line":102,"column":4},"end":{"line":102,"column":36}},"56":{"start":{"line":103,"column":4},"end":{"line":103,"column":73}},"57":{"start":{"line":104,"column":4},"end":{"line":104,"column":57}},"58":{"start":{"line":105,"column":4},"end":{"line":105,"column":69}},"59":{"start":{"line":106,"column":4},"end":{"line":106,"column":58}},"60":{"start":{"line":107,"column":4},"end":{"line":107,"column":71}},"61":{"start":{"line":109,"column":4},"end":{"line":109,"column":59}},"62":{"start":{"line":114,"column":0},"end":{"line":114,"column":28}}},"fnMap":{"0":{"name":"testDatabaseSchemaOffline","decl":{"start":{"line":8,"column":15},"end":{"line":8,"column":40}},"loc":{"start":{"line":8,"column":40},"end":{"line":111,"column":1}}},"1":{"name":"(anonymous_1)","decl":{"start":{"line":18,"column":28},"end":{"line":18,"column":29}},"loc":{"start":{"line":18,"column":41},"end":{"line":24,"column":5}}},"2":{"name":"(anonymous_2)","decl":{"start":{"line":26,"column":26},"end":{"line":26,"column":27}},"loc":{"start":{"line":26,"column":37},"end":{"line":32,"column":5}}}},"branchMap":{"0":{"loc":{"start":{"line":19,"column":6},"end":{"line":23,"column":7}},"type":"if","locations":[{"start":{"line":19,"column":6},"end":{"line":23,"column":7}},{"start":{"line":21,"column":13},"end":{"line":23,"column":7}}]},"1":{"loc":{"start":{"line":27,"column":6},"end":{"line":31,"column":7}},"type":"if","locations":[{"start":{"line":27,"column":6},"end":{"line":31,"column":7}},{"start":{"line":29,"column":13},"end":{"line":31,"column":7}}]}},"s":{"0":0,"1":0,"2":0,"3":0,"4":0,"5":0,"6":0,"7":0,"8":0,"9":0,"10":0,"11":0,"12":0,"13":0,"14":0,"15":0,"16":0,"17":0,"18":0,"19":0,"20":0,"21":0,"22":0,"23":0,"24":0,"25":0,"26":0,"27":0,"28":0,"29":0,"30":0,"31":0,"32":0,"33":0,"34":0,"35":0,"36":0,"37":0,"38":0,"39":0,"40":0,"41":0,"42":0,"43":0,"44":0,"45":0,"46":0,"47":0,"48":0,"49":0,"50":0,"51":0,"52":0,"53":0,"54":0,"55":0,"56":0,"57":0,"58":0,"59":0,"60":0,"61":0,"62":0},"f":{"0":0,"1":0,"2":0},"b":{"0":[0,0],"1":[0,0]}}
,"C:\\Users\\Jimmy\\Documents\\KiroHackathon\\taskiro\\server\\test-database.ts": {"path":"C:\\Users\\Jimmy\\Documents\\KiroHackathon\\taskiro\\server\\test-database.ts","statementMap":{"0":{"start":{"line":1,"column":0},"end":{"line":1,"column":46}},"1":{"start":{"line":2,"column":0},"end":{"line":2,"column":59}},"2":{"start":{"line":3,"column":0},"end":{"line":3,"column":null}},"3":{"start":{"line":9,"column":15},"end":{"line":9,"column":33}},"4":{"start":{"line":12,"column":2},"end":{"line":12,"column":57}},"5":{"start":{"line":14,"column":2},"end":{"line":112,"column":3}},"6":{"start":{"line":16,"column":4},"end":{"line":16,"column":53}},"7":{"start":{"line":17,"column":24},"end":{"line":17,"column":55}},"8":{"start":{"line":18,"column":4},"end":{"line":23,"column":5}},"9":{"start":{"line":19,"column":6},"end":{"line":19,"column":57}},"10":{"start":{"line":21,"column":6},"end":{"line":21,"column":53}},"11":{"start":{"line":22,"column":6},"end":{"line":22,"column":13}},"12":{"start":{"line":26,"column":4},"end":{"line":26,"column":51}},"13":{"start":{"line":28,"column":28},"end":{"line":28,"column":53}},"14":{"start":{"line":29,"column":26},"end":{"line":29,"column":61}},"15":{"start":{"line":31,"column":4},"end":{"line":37,"column":7}},"16":{"start":{"line":32,"column":6},"end":{"line":36,"column":7}},"17":{"start":{"line":33,"column":8},"end":{"line":33,"column":60}},"18":{"start":{"line":35,"column":8},"end":{"line":35,"column":62}},"19":{"start":{"line":39,"column":4},"end":{"line":45,"column":7}},"20":{"start":{"line":40,"column":6},"end":{"line":44,"column":7}},"21":{"start":{"line":41,"column":8},"end":{"line":41,"column":56}},"22":{"start":{"line":43,"column":8},"end":{"line":43,"column":58}},"23":{"start":{"line":48,"column":4},"end":{"line":48,"column":56}},"24":{"start":{"line":49,"column":4},"end":{"line":51,"column":6}},"25":{"start":{"line":52,"column":4},"end":{"line":54,"column":6}},"26":{"start":{"line":55,"column":4},"end":{"line":57,"column":6}},"27":{"start":{"line":58,"column":4},"end":{"line":60,"column":6}},"28":{"start":{"line":61,"column":4},"end":{"line":63,"column":6}},"29":{"start":{"line":66,"column":4},"end":{"line":66,"column":52}},"30":{"start":{"line":69,"column":4},"end":{"line":69,"column":62}},"31":{"start":{"line":70,"column":4},"end":{"line":70,"column":70}},"32":{"start":{"line":71,"column":4},"end":{"line":71,"column":62}},"33":{"start":{"line":72,"column":4},"end":{"line":75,"column":6}},"34":{"start":{"line":78,"column":4},"end":{"line":78,"column":63}},"35":{"start":{"line":79,"column":4},"end":{"line":81,"column":6}},"36":{"start":{"line":82,"column":4},"end":{"line":82,"column":67}},"37":{"start":{"line":83,"column":4},"end":{"line":83,"column":66}},"38":{"start":{"line":85,"column":4},"end":{"line":85,"column":63}},"39":{"start":{"line":87,"column":4},"end":{"line":87,"column":38}},"40":{"start":{"line":88,"column":4},"end":{"line":88,"column":73}},"41":{"start":{"line":89,"column":4},"end":{"line":89,"column":73}},"42":{"start":{"line":90,"column":4},"end":{"line":90,"column":79}},"43":{"start":{"line":91,"column":4},"end":{"line":91,"column":75}},"44":{"start":{"line":92,"column":4},"end":{"line":92,"column":58}},"45":{"start":{"line":93,"column":4},"end":{"line":93,"column":66}},"46":{"start":{"line":95,"column":4},"end":{"line":95,"column":44}},"47":{"start":{"line":96,"column":4},"end":{"line":96,"column":66}},"48":{"start":{"line":97,"column":4},"end":{"line":97,"column":68}},"49":{"start":{"line":98,"column":4},"end":{"line":98,"column":62}},"50":{"start":{"line":99,"column":4},"end":{"line":99,"column":59}},"51":{"start":{"line":100,"column":4},"end":{"line":100,"column":52}},"52":{"start":{"line":101,"column":4},"end":{"line":101,"column":63}},"53":{"start":{"line":103,"column":4},"end":{"line":103,"column":50}},"54":{"start":{"line":104,"column":4},"end":{"line":104,"column":54}},"55":{"start":{"line":105,"column":4},"end":{"line":105,"column":49}},"56":{"start":{"line":106,"column":4},"end":{"line":106,"column":52}},"57":{"start":{"line":107,"column":4},"end":{"line":107,"column":53}},"58":{"start":{"line":109,"column":4},"end":{"line":109,"column":59}},"59":{"start":{"line":111,"column":4},"end":{"line":111,"column":31}},"60":{"start":{"line":116,"column":0},"end":{"line":116,"column":21}}},"fnMap":{"0":{"name":"testDatabaseSchema","decl":{"start":{"line":11,"column":15},"end":{"line":11,"column":33}},"loc":{"start":{"line":11,"column":33},"end":{"line":113,"column":1}}},"1":{"name":"(anonymous_1)","decl":{"start":{"line":31,"column":28},"end":{"line":31,"column":29}},"loc":{"start":{"line":31,"column":41},"end":{"line":37,"column":5}}},"2":{"name":"(anonymous_2)","decl":{"start":{"line":39,"column":26},"end":{"line":39,"column":27}},"loc":{"start":{"line":39,"column":37},"end":{"line":45,"column":5}}}},"branchMap":{"0":{"loc":{"start":{"line":18,"column":4},"end":{"line":23,"column":5}},"type":"if","locations":[{"start":{"line":18,"column":4},"end":{"line":23,"column":5}},{"start":{"line":20,"column":11},"end":{"line":23,"column":5}}]},"1":{"loc":{"start":{"line":32,"column":6},"end":{"line":36,"column":7}},"type":"if","locations":[{"start":{"line":32,"column":6},"end":{"line":36,"column":7}},{"start":{"line":34,"column":13},"end":{"line":36,"column":7}}]},"2":{"loc":{"start":{"line":40,"column":6},"end":{"line":44,"column":7}},"type":"if","locations":[{"start":{"line":40,"column":6},"end":{"line":44,"column":7}},{"start":{"line":42,"column":13},"end":{"line":44,"column":7}}]}},"s":{"0":0,"1":0,"2":0,"3":0,"4":0,"5":0,"6":0,"7":0,"8":0,"9":0,"10":0,"11":0,"12":0,"13":0,"14":0,"15":0,"16":0,"17":0,"18":0,"19":0,"20":0,"21":0,"22":0,"23":0,"24":0,"25":0,"26":0,"27":0,"28":0,"29":0,"30":0,"31":0,"32":0,"33":0,"34":0,"35":0,"36":0,"37":0,"38":0,"39":0,"40":0,"41":0,"42":0,"43":0,"44":0,"45":0,"46":0,"47":0,"48":0,"49":0,"50":0,"51":0,"52":0,"53":0,"54":0,"55":0,"56":0,"57":0,"58":0,"59":0,"60":0},"f":{"0":0,"1":0,"2":0},"b":{"0":[0,0],"1":[0,0],"2":[0,0]}}
,"C:\\Users\\Jimmy\\Documents\\KiroHackathon\\taskiro\\server\\test-disambiguation.ts": {"path":"C:\\Users\\Jimmy\\Documents\\KiroHackathon\\taskiro\\server\\test-disambiguation.ts","statementMap":{"0":{"start":{"line":207,"column":9},"end":{"line":207,"column":17}},"1":{"start":{"line":207,"column":19},"end":{"line":207,"column":44}},"2":{"start":{"line":3,"column":0},"end":{"line":3,"column":67}},"3":{"start":{"line":11,"column":23},"end":{"line":11,"column":55}},"4":{"start":{"line":14,"column":19},"end":{"line":19,"column":11}},"5":{"start":{"line":25,"column":2},"end":{"line":27,"column":4}},"6":{"start":{"line":34,"column":2},"end":{"line":39,"column":5}},"7":{"start":{"line":46,"column":2},"end":{"line":46,"column":58}},"8":{"start":{"line":48,"column":18},"end":{"line":50,"column":null}},"9":{"start":{"line":53,"column":2},"end":{"line":56,"column":3}},"10":{"start":{"line":54,"column":4},"end":{"line":54,"column":58}},"11":{"start":{"line":55,"column":4},"end":{"line":55,"column":11}},"12":{"start":{"line":58,"column":22},"end":{"line":58,"column":44}},"13":{"start":{"line":59,"column":2},"end":{"line":59,"column":76}},"14":{"start":{"line":61,"column":2},"end":{"line":67,"column":5}},"15":{"start":{"line":62,"column":17},"end":{"line":62,"column":41}},"16":{"start":{"line":63,"column":21},"end":{"line":63,"column":66}},"17":{"start":{"line":64,"column":4},"end":{"line":66,"column":6}},"18":{"start":{"line":74,"column":2},"end":{"line":74,"column":63}},"19":{"start":{"line":76,"column":18},"end":{"line":78,"column":null}},"20":{"start":{"line":81,"column":2},"end":{"line":84,"column":3}},"21":{"start":{"line":82,"column":4},"end":{"line":82,"column":61}},"22":{"start":{"line":83,"column":4},"end":{"line":83,"column":11}},"23":{"start":{"line":86,"column":22},"end":{"line":86,"column":44}},"24":{"start":{"line":87,"column":2},"end":{"line":87,"column":79}},"25":{"start":{"line":89,"column":2},"end":{"line":93,"column":5}},"26":{"start":{"line":90,"column":4},"end":{"line":92,"column":6}},"27":{"start":{"line":100,"column":2},"end":{"line":100,"column":63}},"28":{"start":{"line":102,"column":22},"end":{"line":104,"column":null}},"29":{"start":{"line":107,"column":2},"end":{"line":107,"column":57}},"30":{"start":{"line":108,"column":2},"end":{"line":108,"column":69}},"31":{"start":{"line":109,"column":2},"end":{"line":111,"column":4}},"32":{"start":{"line":113,"column":2},"end":{"line":122,"column":3}},"33":{"start":{"line":117,"column":4},"end":{"line":121,"column":7}},"34":{"start":{"line":118,"column":6},"end":{"line":120,"column":8}},"35":{"start":{"line":129,"column":2},"end":{"line":146,"column":3}},"36":{"start":{"line":131,"column":6},"end":{"line":133,"column":null}},"37":{"start":{"line":136,"column":4},"end":{"line":139,"column":6}},"38":{"start":{"line":141,"column":4},"end":{"line":145,"column":6}},"39":{"start":{"line":153,"column":2},"end":{"line":153,"column":59}},"40":{"start":{"line":155,"column":20},"end":{"line":157,"column":null}},"41":{"start":{"line":160,"column":2},"end":{"line":167,"column":3}},"42":{"start":{"line":161,"column":4},"end":{"line":161,"column":45}},"43":{"start":{"line":162,"column":4},"end":{"line":164,"column":6}},"44":{"start":{"line":166,"column":4},"end":{"line":166,"column":59}},"45":{"start":{"line":170,"column":2},"end":{"line":179,"column":3}},"46":{"start":{"line":175,"column":25},"end":{"line":175,"column":55}},"47":{"start":{"line":176,"column":4},"end":{"line":178,"column":6}},"48":{"start":{"line":186,"column":2},"end":{"line":186,"column":55}},"49":{"start":{"line":187,"column":2},"end":{"line":187,"column":68}},"50":{"start":{"line":189,"column":2},"end":{"line":199,"column":3}},"51":{"start":{"line":190,"column":4},"end":{"line":190,"column":33}},"52":{"start":{"line":191,"column":4},"end":{"line":191,"column":35}},"53":{"start":{"line":192,"column":4},"end":{"line":192,"column":32}},"54":{"start":{"line":193,"column":4},"end":{"line":193,"column":32}},"55":{"start":{"line":195,"column":4},"end":{"line":195,"column":68}},"56":{"start":{"line":197,"column":4},"end":{"line":197,"column":55}},"57":{"start":{"line":198,"column":4},"end":{"line":198,"column":20}},"58":{"start":{"line":203,"column":0},"end":{"line":205,"column":1}},"59":{"start":{"line":204,"column":2},"end":{"line":204,"column":13}}},"fnMap":{"0":{"name":"calculateDaysDifference","decl":{"start":{"line":24,"column":9},"end":{"line":24,"column":32}},"loc":{"start":{"line":24,"column":57},"end":{"line":28,"column":1}}},"1":{"name":"formatDate","decl":{"start":{"line":33,"column":9},"end":{"line":33,"column":19}},"loc":{"start":{"line":33,"column":30},"end":{"line":40,"column":1}}},"2":{"name":"testNextWeekDisambiguation","decl":{"start":{"line":45,"column":9},"end":{"line":45,"column":35}},"loc":{"start":{"line":45,"column":35},"end":{"line":68,"column":1}}},"3":{"name":"(anonymous_3)","decl":{"start":{"line":61,"column":22},"end":{"line":61,"column":23}},"loc":{"start":{"line":61,"column":44},"end":{"line":67,"column":3}}},"4":{"name":"testEndOfMonthDisambiguation","decl":{"start":{"line":73,"column":9},"end":{"line":73,"column":37}},"loc":{"start":{"line":73,"column":37},"end":{"line":94,"column":1}}},"5":{"name":"(anonymous_5)","decl":{"start":{"line":89,"column":22},"end":{"line":89,"column":23}},"loc":{"start":{"line":89,"column":44},"end":{"line":93,"column":3}}},"6":{"name":"testParseInputIntegration","decl":{"start":{"line":99,"column":9},"end":{"line":99,"column":34}},"loc":{"start":{"line":99,"column":34},"end":{"line":123,"column":1}}},"7":{"name":"(anonymous_7)","decl":{"start":{"line":117,"column":42},"end":{"line":117,"column":43}},"loc":{"start":{"line":117,"column":61},"end":{"line":121,"column":5}}},"8":{"name":"simulateDisambiguationAPI","decl":{"start":{"line":128,"column":9},"end":{"line":128,"column":34}},"loc":{"start":{"line":128,"column":72},"end":{"line":147,"column":1}}},"9":{"name":"testAPIEndpointSimulation","decl":{"start":{"line":152,"column":9},"end":{"line":152,"column":34}},"loc":{"start":{"line":152,"column":34},"end":{"line":180,"column":1}}},"10":{"name":"runTests","decl":{"start":{"line":185,"column":9},"end":{"line":185,"column":17}},"loc":{"start":{"line":185,"column":17},"end":{"line":200,"column":1}}}},"branchMap":{"0":{"loc":{"start":{"line":53,"column":2},"end":{"line":56,"column":3}},"type":"if","locations":[{"start":{"line":53,"column":2},"end":{"line":56,"column":3}}]},"1":{"loc":{"start":{"line":81,"column":2},"end":{"line":84,"column":3}},"type":"if","locations":[{"start":{"line":81,"column":2},"end":{"line":84,"column":3}}]},"2":{"loc":{"start":{"line":110,"column":29},"end":{"line":110,"column":71}},"type":"binary-expr","locations":[{"start":{"line":110,"column":29},"end":{"line":110,"column":66}},{"start":{"line":110,"column":70},"end":{"line":110,"column":71}}]},"3":{"loc":{"start":{"line":113,"column":2},"end":{"line":122,"column":3}},"type":"if","locations":[{"start":{"line":113,"column":2},"end":{"line":122,"column":3}}]},"4":{"loc":{"start":{"line":114,"column":4},"end":{"line":115,"column":44}},"type":"binary-expr","locations":[{"start":{"line":114,"column":4},"end":{"line":114,"column":33}},{"start":{"line":115,"column":4},"end":{"line":115,"column":44}}]},"5":{"loc":{"start":{"line":144,"column":8},"end":{"line":144,"column":78}},"type":"cond-expr","locations":[{"start":{"line":144,"column":33},"end":{"line":144,"column":46}},{"start":{"line":144,"column":49},"end":{"line":144,"column":78}}]},"6":{"loc":{"start":{"line":160,"column":2},"end":{"line":167,"column":3}},"type":"if","locations":[{"start":{"line":160,"column":2},"end":{"line":167,"column":3}},{"start":{"line":165,"column":9},"end":{"line":167,"column":3}}]},"7":{"loc":{"start":{"line":163,"column":18},"end":{"line":163,"column":58}},"type":"binary-expr","locations":[{"start":{"line":163,"column":18},"end":{"line":163,"column":53}},{"start":{"line":163,"column":57},"end":{"line":163,"column":58}}]},"8":{"loc":{"start":{"line":170,"column":2},"end":{"line":179,"column":3}},"type":"if","locations":[{"start":{"line":170,"column":2},"end":{"line":179,"column":3}}]},"9":{"loc":{"start":{"line":171,"column":4},"end":{"line":173,"column":42}},"type":"binary-expr","locations":[{"start":{"line":171,"column":4},"end":{"line":171,"column":21}},{"start":{"line":172,"column":4},"end":{"line":172,"column":31}},{"start":{"line":173,"column":4},"end":{"line":173,"column":42}}]},"10":{"loc":{"start":{"line":203,"column":0},"end":{"line":205,"column":1}},"type":"if","locations":[{"start":{"line":203,"column":0},"end":{"line":205,"column":1}}]}},"s":{"0":0,"1":0,"2":0,"3":0,"4":0,"5":0,"6":0,"7":0,"8":0,"9":0,"10":0,"11":0,"12":0,"13":0,"14":0,"15":0,"16":0,"17":0,"18":0,"19":0,"20":0,"21":0,"22":0,"23":0,"24":0,"25":0,"26":0,"27":0,"28":0,"29":0,"30":0,"31":0,"32":0,"33":0,"34":0,"35":0,"36":0,"37":0,"38":0,"39":0,"40":0,"41":0,"42":0,"43":0,"44":0,"45":0,"46":0,"47":0,"48":0,"49":0,"50":0,"51":0,"52":0,"53":0,"54":0,"55":0,"56":0,"57":0,"58":0,"59":0},"f":{"0":0,"1":0,"2":0,"3":0,"4":0,"5":0,"6":0,"7":0,"8":0,"9":0,"10":0},"b":{"0":[0],"1":[0],"2":[0,0],"3":[0],"4":[0,0],"5":[0,0],"6":[0,0],"7":[0,0],"8":[0],"9":[0,0,0],"10":[0]}}
,"C:\\Users\\Jimmy\\Documents\\KiroHackathon\\taskiro\\server\\test-nlp-api-simple.ts": {"path":"C:\\Users\\Jimmy\\Documents\\KiroHackathon\\taskiro\\server\\test-nlp-api-simple.ts","statementMap":{"0":{"start":{"line":1,"column":0},"end":{"line":1,"column":67}},"1":{"start":{"line":3,"column":0},"end":{"line":3,"column":62}},"2":{"start":{"line":6,"column":21},"end":{"line":19,"column":2}},"3":{"start":{"line":21,"column":0},"end":{"line":56,"column":3}},"4":{"start":{"line":22,"column":2},"end":{"line":22,"column":56}},"5":{"start":{"line":23,"column":2},"end":{"line":23,"column":70}},"6":{"start":{"line":25,"column":2},"end":{"line":53,"column":3}},"7":{"start":{"line":26,"column":19},"end":{"line":26,"column":74}},"8":{"start":{"line":27,"column":4},"end":{"line":37,"column":6}},"9":{"start":{"line":38,"column":9},"end":{"line":53,"column":3}},"10":{"start":{"line":39,"column":23},"end":{"line":40,"column":null}},"11":{"start":{"line":42,"column":4},"end":{"line":52,"column":6}},"12":{"start":{"line":55,"column":2},"end":{"line":55,"column":23}},"13":{"start":{"line":58,"column":0},"end":{"line":58,"column":42}}},"fnMap":{"0":{"name":"(anonymous_0)","decl":{"start":{"line":21,"column":21},"end":{"line":21,"column":22}},"loc":{"start":{"line":21,"column":40},"end":{"line":56,"column":1}}}},"branchMap":{"0":{"loc":{"start":{"line":25,"column":2},"end":{"line":53,"column":3}},"type":"if","locations":[{"start":{"line":25,"column":2},"end":{"line":53,"column":3}},{"start":{"line":38,"column":9},"end":{"line":53,"column":3}}]},"1":{"loc":{"start":{"line":26,"column":49},"end":{"line":26,"column":73}},"type":"binary-expr","locations":[{"start":{"line":26,"column":49},"end":{"line":26,"column":67}},{"start":{"line":26,"column":71},"end":{"line":26,"column":73}}]},"2":{"loc":{"start":{"line":38,"column":9},"end":{"line":53,"column":3}},"type":"if","locations":[{"start":{"line":38,"column":9},"end":{"line":53,"column":3}}]},"3":{"loc":{"start":{"line":40,"column":6},"end":{"line":40,"column":29}},"type":"binary-expr","locations":[{"start":{"line":40,"column":6},"end":{"line":40,"column":23}},{"start":{"line":40,"column":27},"end":{"line":40,"column":29}}]}},"s":{"0":0,"1":0,"2":0,"3":0,"4":0,"5":0,"6":0,"7":0,"8":0,"9":0,"10":0,"11":0,"12":0,"13":0},"f":{"0":0},"b":{"0":[0,0],"1":[0,0],"2":[0],"3":[0,0]}}
,"C:\\Users\\Jimmy\\Documents\\KiroHackathon\\taskiro\\server\\test-task-api.ts": {"path":"C:\\Users\\Jimmy\\Documents\\KiroHackathon\\taskiro\\server\\test-task-api.ts","statementMap":{"0":{"start":{"line":5,"column":2},"end":{"line":5,"column":68}},"1":{"start":{"line":7,"column":2},"end":{"line":129,"column":3}},"2":{"start":{"line":9,"column":4},"end":{"line":9,"column":57}},"3":{"start":{"line":11,"column":26},"end":{"line":20,"column":6}},"4":{"start":{"line":22,"column":4},"end":{"line":24,"column":7}},"5":{"start":{"line":23,"column":6},"end":{"line":23,"column":38}},"6":{"start":{"line":27,"column":4},"end":{"line":27,"column":64}},"7":{"start":{"line":29,"column":30},"end":{"line":36,"column":6}},"8":{"start":{"line":38,"column":4},"end":{"line":40,"column":7}},"9":{"start":{"line":39,"column":6},"end":{"line":39,"column":38}},"10":{"start":{"line":43,"column":4},"end":{"line":43,"column":55}},"11":{"start":{"line":44,"column":4},"end":{"line":44,"column":65}},"12":{"start":{"line":45,"column":4},"end":{"line":45,"column":74}},"13":{"start":{"line":46,"column":4},"end":{"line":46,"column":60}},"14":{"start":{"line":47,"column":4},"end":{"line":47,"column":57}},"15":{"start":{"line":48,"column":4},"end":{"line":48,"column":64}},"16":{"start":{"line":49,"column":4},"end":{"line":49,"column":68}},"17":{"start":{"line":50,"column":4},"end":{"line":50,"column":52}},"18":{"start":{"line":53,"column":4},"end":{"line":53,"column":53}},"19":{"start":{"line":54,"column":4},"end":{"line":54,"column":66}},"20":{"start":{"line":55,"column":4},"end":{"line":55,"column":76}},"21":{"start":{"line":56,"column":4},"end":{"line":56,"column":71}},"22":{"start":{"line":57,"column":4},"end":{"line":57,"column":54}},"23":{"start":{"line":58,"column":4},"end":{"line":58,"column":50}},"24":{"start":{"line":61,"column":4},"end":{"line":61,"column":59}},"25":{"start":{"line":62,"column":4},"end":{"line":64,"column":6}},"26":{"start":{"line":65,"column":4},"end":{"line":65,"column":59}},"27":{"start":{"line":66,"column":4},"end":{"line":66,"column":57}},"28":{"start":{"line":67,"column":4},"end":{"line":67,"column":53}},"29":{"start":{"line":68,"column":4},"end":{"line":68,"column":68}},"30":{"start":{"line":69,"column":4},"end":{"line":69,"column":69}},"31":{"start":{"line":72,"column":4},"end":{"line":72,"column":50}},"32":{"start":{"line":73,"column":4},"end":{"line":73,"column":69}},"33":{"start":{"line":74,"column":4},"end":{"line":74,"column":61}},"34":{"start":{"line":75,"column":4},"end":{"line":75,"column":57}},"35":{"start":{"line":76,"column":4},"end":{"line":76,"column":74}},"36":{"start":{"line":77,"column":4},"end":{"line":77,"column":77}},"37":{"start":{"line":80,"column":4},"end":{"line":80,"column":54}},"38":{"start":{"line":81,"column":4},"end":{"line":81,"column":59}},"39":{"start":{"line":82,"column":4},"end":{"line":82,"column":54}},"40":{"start":{"line":83,"column":4},"end":{"line":83,"column":63}},"41":{"start":{"line":84,"column":4},"end":{"line":84,"column":67}},"42":{"start":{"line":86,"column":4},"end":{"line":86,"column":71}},"43":{"start":{"line":88,"column":4},"end":{"line":88,"column":35}},"44":{"start":{"line":89,"column":4},"end":{"line":91,"column":6}},"45":{"start":{"line":92,"column":4},"end":{"line":92,"column":78}},"46":{"start":{"line":93,"column":4},"end":{"line":93,"column":67}},"47":{"start":{"line":94,"column":4},"end":{"line":94,"column":68}},"48":{"start":{"line":95,"column":4},"end":{"line":95,"column":57}},"49":{"start":{"line":96,"column":4},"end":{"line":96,"column":66}},"50":{"start":{"line":98,"column":4},"end":{"line":98,"column":46}},"51":{"start":{"line":99,"column":4},"end":{"line":99,"column":80}},"52":{"start":{"line":100,"column":4},"end":{"line":100,"column":75}},"53":{"start":{"line":101,"column":4},"end":{"line":101,"column":65}},"54":{"start":{"line":102,"column":4},"end":{"line":102,"column":69}},"55":{"start":{"line":103,"column":4},"end":{"line":103,"column":69}},"56":{"start":{"line":104,"column":4},"end":{"line":104,"column":58}},"57":{"start":{"line":105,"column":4},"end":{"line":105,"column":54}},"58":{"start":{"line":106,"column":4},"end":{"line":106,"column":57}},"59":{"start":{"line":108,"column":4},"end":{"line":108,"column":39}},"60":{"start":{"line":109,"column":4},"end":{"line":109,"column":75}},"61":{"start":{"line":110,"column":4},"end":{"line":112,"column":6}},"62":{"start":{"line":113,"column":4},"end":{"line":113,"column":69}},"63":{"start":{"line":115,"column":4},"end":{"line":115,"column":47}},"64":{"start":{"line":116,"column":4},"end":{"line":116,"column":71}},"65":{"start":{"line":117,"column":4},"end":{"line":117,"column":63}},"66":{"start":{"line":118,"column":4},"end":{"line":118,"column":53}},"67":{"start":{"line":119,"column":4},"end":{"line":119,"column":59}},"68":{"start":{"line":121,"column":4},"end":{"line":121,"column":36}},"69":{"start":{"line":122,"column":4},"end":{"line":122,"column":73}},"70":{"start":{"line":123,"column":4},"end":{"line":123,"column":57}},"71":{"start":{"line":124,"column":4},"end":{"line":124,"column":66}},"72":{"start":{"line":125,"column":4},"end":{"line":125,"column":69}},"73":{"start":{"line":126,"column":4},"end":{"line":126,"column":70}},"74":{"start":{"line":128,"column":4},"end":{"line":128,"column":63}},"75":{"start":{"line":133,"column":0},"end":{"line":133,"column":24}}},"fnMap":{"0":{"name":"testTaskManagementAPI","decl":{"start":{"line":4,"column":15},"end":{"line":4,"column":36}},"loc":{"start":{"line":4,"column":36},"end":{"line":130,"column":1}}},"1":{"name":"(anonymous_1)","decl":{"start":{"line":22,"column":26},"end":{"line":22,"column":27}},"loc":{"start":{"line":22,"column":39},"end":{"line":24,"column":5}}},"2":{"name":"(anonymous_2)","decl":{"start":{"line":38,"column":30},"end":{"line":38,"column":31}},"loc":{"start":{"line":38,"column":43},"end":{"line":40,"column":5}}}},"branchMap":{},"s":{"0":0,"1":0,"2":0,"3":0,"4":0,"5":0,"6":0,"7":0,"8":0,"9":0,"10":0,"11":0,"12":0,"13":0,"14":0,"15":0,"16":0,"17":0,"18":0,"19":0,"20":0,"21":0,"22":0,"23":0,"24":0,"25":0,"26":0,"27":0,"28":0,"29":0,"30":0,"31":0,"32":0,"33":0,"34":0,"35":0,"36":0,"37":0,"38":0,"39":0,"40":0,"41":0,"42":0,"43":0,"44":0,"45":0,"46":0,"47":0,"48":0,"49":0,"50":0,"51":0,"52":0,"53":0,"54":0,"55":0,"56":0,"57":0,"58":0,"59":0,"60":0,"61":0,"62":0,"63":0,"64":0,"65":0,"66":0,"67":0,"68":0,"69":0,"70":0,"71":0,"72":0,"73":0,"74":0,"75":0},"f":{"0":0,"1":0,"2":0},"b":{}}
,"C:\\Users\\Jimmy\\Documents\\KiroHackathon\\taskiro\\server\\config\\parsingConfig.ts": {"path":"C:\\Users\\Jimmy\\Documents\\KiroHackathon\\taskiro\\server\\config\\parsingConfig.ts","statementMap":{"0":{"start":{"line":1,"column":13},"end":{"line":157,"column":11}}},"fnMap":{},"branchMap":{},"s":{"0":0},"f":{},"b":{}}
,"C:\\Users\\Jimmy\\Documents\\KiroHackathon\\taskiro\\server\\middleware\\auth.ts": {"path":"C:\\Users\\Jimmy\\Documents\\KiroHackathon\\taskiro\\server\\middleware\\auth.ts","statementMap":{"0":{"start":{"line":2,"column":0},"end":{"line":2,"column":31}},"1":{"start":{"line":3,"column":0},"end":{"line":3,"column":46}},"2":{"start":{"line":4,"column":0},"end":{"line":4,"column":45}},"3":{"start":{"line":6,"column":15},"end":{"line":6,"column":33}},"4":{"start":{"line":15,"column":33},"end":{"line":53,"column":1}},"5":{"start":{"line":20,"column":2},"end":{"line":52,"column":3}},"6":{"start":{"line":21,"column":23},"end":{"line":21,"column":48}},"7":{"start":{"line":22,"column":18},"end":{"line":22,"column":56}},"8":{"start":{"line":24,"column":4},"end":{"line":26,"column":5}},"9":{"start":{"line":25,"column":6},"end":{"line":25,"column":72}},"10":{"start":{"line":28,"column":22},"end":{"line":28,"column":44}},"11":{"start":{"line":29,"column":4},"end":{"line":31,"column":5}},"12":{"start":{"line":30,"column":6},"end":{"line":30,"column":74}},"13":{"start":{"line":33,"column":20},"end":{"line":33,"column":null}},"14":{"start":{"line":39,"column":17},"end":{"line":42,"column":6}},"15":{"start":{"line":44,"column":4},"end":{"line":46,"column":5}},"16":{"start":{"line":45,"column":6},"end":{"line":45,"column":65}},"17":{"start":{"line":48,"column":4},"end":{"line":48,"column":20}},"18":{"start":{"line":49,"column":4},"end":{"line":49,"column":11}},"19":{"start":{"line":51,"column":4},"end":{"line":51,"column":16}},"20":{"start":{"line":15,"column":13},"end":{"line":15,"column":33}},"21":{"start":{"line":55,"column":30},"end":{"line":72,"column":1}},"22":{"start":{"line":56,"column":20},"end":{"line":56,"column":42}},"23":{"start":{"line":57,"column":27},"end":{"line":57,"column":57}},"24":{"start":{"line":59,"column":2},"end":{"line":61,"column":3}},"25":{"start":{"line":60,"column":4},"end":{"line":60,"column":73}},"26":{"start":{"line":63,"column":22},"end":{"line":65,"column":4}},"27":{"start":{"line":67,"column":23},"end":{"line":69,"column":4}},"28":{"start":{"line":71,"column":2},"end":{"line":71,"column":39}},"29":{"start":{"line":55,"column":13},"end":{"line":55,"column":30}},"30":{"start":{"line":74,"column":34},"end":{"line":85,"column":1}},"31":{"start":{"line":75,"column":27},"end":{"line":75,"column":57}},"32":{"start":{"line":77,"column":2},"end":{"line":79,"column":3}},"33":{"start":{"line":78,"column":4},"end":{"line":78,"column":80}},"34":{"start":{"line":81,"column":2},"end":{"line":84,"column":4}},"35":{"start":{"line":74,"column":13},"end":{"line":74,"column":34}}},"fnMap":{"0":{"name":"(anonymous_1)","decl":{"start":{"line":15,"column":33},"end":{"line":15,"column":38}},"loc":{"start":{"line":19,"column":4},"end":{"line":53,"column":1}}},"1":{"name":"(anonymous_2)","decl":{"start":{"line":55,"column":30},"end":{"line":55,"column":31}},"loc":{"start":{"line":55,"column":64},"end":{"line":72,"column":1}}},"2":{"name":"(anonymous_3)","decl":{"start":{"line":74,"column":34},"end":{"line":74,"column":35}},"loc":{"start":{"line":74,"column":52},"end":{"line":85,"column":1}}}},"branchMap":{"0":{"loc":{"start":{"line":22,"column":18},"end":{"line":22,"column":56}},"type":"binary-expr","locations":[{"start":{"line":22,"column":18},"end":{"line":22,"column":28}},{"start":{"line":22,"column":32},"end":{"line":22,"column":56}}]},"1":{"loc":{"start":{"line":24,"column":4},"end":{"line":26,"column":5}},"type":"if","locations":[{"start":{"line":24,"column":4},"end":{"line":26,"column":5}}]},"2":{"loc":{"start":{"line":29,"column":4},"end":{"line":31,"column":5}},"type":"if","locations":[{"start":{"line":29,"column":4},"end":{"line":31,"column":5}}]},"3":{"loc":{"start":{"line":44,"column":4},"end":{"line":46,"column":5}},"type":"if","locations":[{"start":{"line":44,"column":4},"end":{"line":46,"column":5}}]},"4":{"loc":{"start":{"line":59,"column":2},"end":{"line":61,"column":3}},"type":"if","locations":[{"start":{"line":59,"column":2},"end":{"line":61,"column":3}}]},"5":{"loc":{"start":{"line":59,"column":6},"end":{"line":59,"column":37}},"type":"binary-expr","locations":[{"start":{"line":59,"column":6},"end":{"line":59,"column":16}},{"start":{"line":59,"column":20},"end":{"line":59,"column":37}}]},"6":{"loc":{"start":{"line":77,"column":2},"end":{"line":79,"column":3}},"type":"if","locations":[{"start":{"line":77,"column":2},"end":{"line":79,"column":3}}]}},"s":{"0":0,"1":0,"2":0,"3":0,"4":0,"5":0,"6":0,"7":0,"8":0,"9":0,"10":0,"11":0,"12":0,"13":0,"14":0,"15":0,"16":0,"17":0,"18":0,"19":0,"20":0,"21":0,"22":0,"23":0,"24":0,"25":0,"26":0,"27":0,"28":0,"29":0,"30":0,"31":0,"32":0,"33":0,"34":0,"35":0},"f":{"0":0,"1":0,"2":0},"b":{"0":[0,0],"1":[0],"2":[0],"3":[0],"4":[0],"5":[0,0],"6":[0]}}
,"C:\\Users\\Jimmy\\Documents\\KiroHackathon\\taskiro\\server\\middleware\\errorHandler.ts": {"path":"C:\\Users\\Jimmy\\Documents\\KiroHackathon\\taskiro\\server\\middleware\\errorHandler.ts","statementMap":{"0":{"start":{"line":2,"column":0},"end":{"line":2,"column":40}},"1":{"start":{"line":9,"column":28},"end":{"line":71,"column":1}},"2":{"start":{"line":15,"column":19},"end":{"line":15,"column":42}},"3":{"start":{"line":16,"column":16},"end":{"line":16,"column":56}},"4":{"start":{"line":17,"column":13},"end":{"line":17,"column":43}},"5":{"start":{"line":20,"column":2},"end":{"line":37,"column":3}},"6":{"start":{"line":21,"column":4},"end":{"line":36,"column":5}},"7":{"start":{"line":23,"column":8},"end":{"line":23,"column":25}},"8":{"start":{"line":24,"column":8},"end":{"line":24,"column":33}},"9":{"start":{"line":25,"column":8},"end":{"line":25,"column":66}},"10":{"start":{"line":26,"column":8},"end":{"line":26,"column":14}},"11":{"start":{"line":28,"column":8},"end":{"line":28,"column":25}},"12":{"start":{"line":29,"column":8},"end":{"line":29,"column":27}},"13":{"start":{"line":30,"column":8},"end":{"line":30,"column":37}},"14":{"start":{"line":31,"column":8},"end":{"line":31,"column":14}},"15":{"start":{"line":33,"column":8},"end":{"line":33,"column":25}},"16":{"start":{"line":34,"column":8},"end":{"line":34,"column":32}},"17":{"start":{"line":35,"column":8},"end":{"line":35,"column":46}},"18":{"start":{"line":40,"column":2},"end":{"line":43,"column":3}},"19":{"start":{"line":41,"column":4},"end":{"line":41,"column":21}},"20":{"start":{"line":42,"column":4},"end":{"line":42,"column":30}},"21":{"start":{"line":46,"column":2},"end":{"line":50,"column":3}},"22":{"start":{"line":47,"column":4},"end":{"line":47,"column":21}},"23":{"start":{"line":48,"column":4},"end":{"line":48,"column":27}},"24":{"start":{"line":49,"column":4},"end":{"line":49,"column":45}},"25":{"start":{"line":52,"column":2},"end":{"line":56,"column":3}},"26":{"start":{"line":53,"column":4},"end":{"line":53,"column":21}},"27":{"start":{"line":54,"column":4},"end":{"line":54,"column":27}},"28":{"start":{"line":55,"column":4},"end":{"line":55,"column":49}},"29":{"start":{"line":59,"column":2},"end":{"line":61,"column":3}},"30":{"start":{"line":60,"column":4},"end":{"line":60,"column":35}},"31":{"start":{"line":63,"column":2},"end":{"line":70,"column":5}},"32":{"start":{"line":9,"column":13},"end":{"line":9,"column":28}},"33":{"start":{"line":73,"column":27},"end":{"line":82,"column":1}},"34":{"start":{"line":78,"column":16},"end":{"line":78,"column":46}},"35":{"start":{"line":79,"column":2},"end":{"line":79,"column":32}},"36":{"start":{"line":80,"column":2},"end":{"line":80,"column":20}},"37":{"start":{"line":81,"column":2},"end":{"line":81,"column":15}},"38":{"start":{"line":73,"column":13},"end":{"line":73,"column":27}}},"fnMap":{"0":{"name":"(anonymous_0)","decl":{"start":{"line":9,"column":28},"end":{"line":9,"column":null}},"loc":{"start":{"line":14,"column":4},"end":{"line":71,"column":1}}},"1":{"name":"(anonymous_1)","decl":{"start":{"line":73,"column":27},"end":{"line":73,"column":null}},"loc":{"start":{"line":77,"column":14},"end":{"line":82,"column":1}}}},"branchMap":{"0":{"loc":{"start":{"line":15,"column":19},"end":{"line":15,"column":42}},"type":"binary-expr","locations":[{"start":{"line":15,"column":19},"end":{"line":15,"column":35}},{"start":{"line":15,"column":39},"end":{"line":15,"column":42}}]},"1":{"loc":{"start":{"line":16,"column":16},"end":{"line":16,"column":56}},"type":"binary-expr","locations":[{"start":{"line":16,"column":16},"end":{"line":16,"column":29}},{"start":{"line":16,"column":33},"end":{"line":16,"column":56}}]},"2":{"loc":{"start":{"line":17,"column":13},"end":{"line":17,"column":43}},"type":"binary-expr","locations":[{"start":{"line":17,"column":13},"end":{"line":17,"column":23}},{"start":{"line":17,"column":27},"end":{"line":17,"column":43}}]},"3":{"loc":{"start":{"line":20,"column":2},"end":{"line":37,"column":3}},"type":"if","locations":[{"start":{"line":20,"column":2},"end":{"line":37,"column":3}}]},"4":{"loc":{"start":{"line":21,"column":4},"end":{"line":36,"column":5}},"type":"switch","locations":[{"start":{"line":22,"column":6},"end":{"line":26,"column":14}},{"start":{"line":27,"column":6},"end":{"line":31,"column":14}},{"start":{"line":32,"column":6},"end":{"line":35,"column":46}}]},"5":{"loc":{"start":{"line":40,"column":2},"end":{"line":43,"column":3}},"type":"if","locations":[{"start":{"line":40,"column":2},"end":{"line":43,"column":3}}]},"6":{"loc":{"start":{"line":46,"column":2},"end":{"line":50,"column":3}},"type":"if","locations":[{"start":{"line":46,"column":2},"end":{"line":50,"column":3}}]},"7":{"loc":{"start":{"line":52,"column":2},"end":{"line":56,"column":3}},"type":"if","locations":[{"start":{"line":52,"column":2},"end":{"line":56,"column":3}}]},"8":{"loc":{"start":{"line":59,"column":2},"end":{"line":61,"column":3}},"type":"if","locations":[{"start":{"line":59,"column":2},"end":{"line":61,"column":3}}]},"9":{"loc":{"start":{"line":68,"column":10},"end":{"line":68,"column":74}},"type":"binary-expr","locations":[{"start":{"line":68,"column":10},"end":{"line":68,"column":48}},{"start":{"line":68,"column":52},"end":{"line":68,"column":74}}]}},"s":{"0":0,"1":0,"2":0,"3":0,"4":0,"5":0,"6":0,"7":0,"8":0,"9":0,"10":0,"11":0,"12":0,"13":0,"14":0,"15":0,"16":0,"17":0,"18":0,"19":0,"20":0,"21":0,"22":0,"23":0,"24":0,"25":0,"26":0,"27":0,"28":0,"29":0,"30":0,"31":0,"32":0,"33":0,"34":0,"35":0,"36":0,"37":0,"38":0},"f":{"0":0,"1":0},"b":{"0":[0,0],"1":[0,0],"2":[0,0],"3":[0],"4":[0,0,0],"5":[0],"6":[0],"7":[0],"8":[0],"9":[0,0]}}
,"C:\\Users\\Jimmy\\Documents\\KiroHackathon\\taskiro\\server\\middleware\\validation.ts": {"path":"C:\\Users\\Jimmy\\Documents\\KiroHackathon\\taskiro\\server\\middleware\\validation.ts","statementMap":{"0":{"start":{"line":1,"column":0},"end":{"line":1,"column":59}},"1":{"start":{"line":3,"column":0},"end":{"line":3,"column":45}},"2":{"start":{"line":5,"column":31},"end":{"line":24,"column":1}},"3":{"start":{"line":10,"column":17},"end":{"line":10,"column":38}},"4":{"start":{"line":12,"column":2},"end":{"line":21,"column":3}},"5":{"start":{"line":13,"column":26},"end":{"line":16,"column":7}},"6":{"start":{"line":13,"column":57},"end":{"line":16,"column":6}},"7":{"start":{"line":18,"column":18},"end":{"line":18,"column":75}},"8":{"start":{"line":19,"column":5},"end":{"line":19,"column":61}},"9":{"start":{"line":20,"column":4},"end":{"line":20,"column":16}},"10":{"start":{"line":23,"column":2},"end":{"line":23,"column":9}},"11":{"start":{"line":5,"column":13},"end":{"line":5,"column":31}},"12":{"start":{"line":26,"column":13},"end":{"line":41,"column":2}},"13":{"start":{"line":43,"column":13},"end":{"line":52,"column":2}},"14":{"start":{"line":54,"column":13},"end":{"line":58,"column":2}}},"fnMap":{"0":{"name":"(anonymous_0)","decl":{"start":{"line":5,"column":31},"end":{"line":5,"column":null}},"loc":{"start":{"line":9,"column":4},"end":{"line":24,"column":1}}},"1":{"name":"(anonymous_1)","decl":{"start":{"line":13,"column":45},"end":{"line":13,"column":46}},"loc":{"start":{"line":13,"column":57},"end":{"line":16,"column":6}}}},"branchMap":{"0":{"loc":{"start":{"line":12,"column":2},"end":{"line":21,"column":3}},"type":"if","locations":[{"start":{"line":12,"column":2},"end":{"line":21,"column":3}}]},"1":{"loc":{"start":{"line":14,"column":13},"end":{"line":14,"column":60}},"type":"cond-expr","locations":[{"start":{"line":14,"column":38},"end":{"line":14,"column":48}},{"start":{"line":14,"column":51},"end":{"line":14,"column":60}}]}},"s":{"0":0,"1":0,"2":0,"3":0,"4":0,"5":0,"6":0,"7":0,"8":0,"9":0,"10":0,"11":0,"12":0,"13":0,"14":0},"f":{"0":0,"1":0},"b":{"0":[0],"1":[0,0]}}
,"C:\\Users\\Jimmy\\Documents\\KiroHackathon\\taskiro\\server\\routes\\auth.ts": {"path":"C:\\Users\\Jimmy\\Documents\\KiroHackathon\\taskiro\\server\\routes\\auth.ts","statementMap":{"0":{"start":{"line":1,"column":0},"end":{"line":1,"column":67}},"1":{"start":{"line":2,"column":0},"end":{"line":2,"column":30}},"2":{"start":{"line":3,"column":0},"end":{"line":3,"column":43}},"3":{"start":{"line":5,"column":0},"end":{"line":5,"column":null}},"4":{"start":{"line":10,"column":0},"end":{"line":10,"column":null}},"5":{"start":{"line":16,"column":0},"end":{"line":16,"column":57}},"6":{"start":{"line":17,"column":0},"end":{"line":17,"column":68}},"7":{"start":{"line":19,"column":15},"end":{"line":19,"column":31}},"8":{"start":{"line":22,"column":27},"end":{"line":22,"column":29}},"9":{"start":{"line":25,"column":27},"end":{"line":29,"column":11}},"10":{"start":{"line":31,"column":34},"end":{"line":34,"column":11}},"11":{"start":{"line":36,"column":28},"end":{"line":39,"column":11}},"12":{"start":{"line":42,"column":20},"end":{"line":48,"column":2}},"13":{"start":{"line":51,"column":0},"end":{"line":102,"column":2}},"14":{"start":{"line":56,"column":4},"end":{"line":100,"column":5}},"15":{"start":{"line":57,"column":34},"end":{"line":57,"column":42}},"16":{"start":{"line":60,"column":27},"end":{"line":62,"column":8}},"17":{"start":{"line":64,"column":6},"end":{"line":70,"column":7}},"18":{"start":{"line":65,"column":8},"end":{"line":69,"column":10}},"19":{"start":{"line":73,"column":27},"end":{"line":73,"column":74}},"20":{"start":{"line":76,"column":19},"end":{"line":82,"column":8}},"21":{"start":{"line":85,"column":6},"end":{"line":85,"column":45}},"22":{"start":{"line":88,"column":44},"end":{"line":88,"column":79}},"23":{"start":{"line":90,"column":6},"end":{"line":97,"column":9}},"24":{"start":{"line":99,"column":6},"end":{"line":99,"column":18}},"25":{"start":{"line":105,"column":0},"end":{"line":157,"column":2}},"26":{"start":{"line":110,"column":4},"end":{"line":155,"column":5}},"27":{"start":{"line":111,"column":34},"end":{"line":111,"column":42}},"28":{"start":{"line":114,"column":19},"end":{"line":117,"column":8}},"29":{"start":{"line":119,"column":6},"end":{"line":125,"column":7}},"30":{"start":{"line":120,"column":8},"end":{"line":124,"column":10}},"31":{"start":{"line":128,"column":30},"end":{"line":128,"column":79}},"32":{"start":{"line":130,"column":6},"end":{"line":136,"column":7}},"33":{"start":{"line":131,"column":8},"end":{"line":135,"column":10}},"34":{"start":{"line":139,"column":44},"end":{"line":139,"column":79}},"35":{"start":{"line":143,"column":58},"end":{"line":143,"column":62}},"36":{"start":{"line":145,"column":6},"end":{"line":152,"column":9}},"37":{"start":{"line":154,"column":6},"end":{"line":154,"column":18}},"38":{"start":{"line":160,"column":0},"end":{"line":192,"column":2}},"39":{"start":{"line":164,"column":4},"end":{"line":190,"column":5}},"40":{"start":{"line":165,"column":31},"end":{"line":165,"column":39}},"41":{"start":{"line":168,"column":22},"end":{"line":168,"column":54}},"42":{"start":{"line":171,"column":19},"end":{"line":174,"column":8}},"43":{"start":{"line":176,"column":6},"end":{"line":178,"column":7}},"44":{"start":{"line":177,"column":8},"end":{"line":177,"column":67}},"45":{"start":{"line":181,"column":21},"end":{"line":181,"column":56}},"46":{"start":{"line":183,"column":6},"end":{"line":187,"column":9}},"47":{"start":{"line":189,"column":6},"end":{"line":189,"column":18}},"48":{"start":{"line":195,"column":0},"end":{"line":210,"column":2}},"49":{"start":{"line":199,"column":4},"end":{"line":208,"column":5}},"50":{"start":{"line":203,"column":6},"end":{"line":205,"column":9}},"51":{"start":{"line":207,"column":6},"end":{"line":207,"column":18}},"52":{"start":{"line":213,"column":0},"end":{"line":234,"column":2}},"53":{"start":{"line":217,"column":4},"end":{"line":232,"column":5}},"54":{"start":{"line":218,"column":19},"end":{"line":221,"column":8}},"55":{"start":{"line":223,"column":6},"end":{"line":225,"column":7}},"56":{"start":{"line":224,"column":8},"end":{"line":224,"column":67}},"57":{"start":{"line":227,"column":6},"end":{"line":229,"column":9}},"58":{"start":{"line":231,"column":6},"end":{"line":231,"column":18}},"59":{"start":{"line":236,"column":0},"end":{"line":236,"column":22}}},"fnMap":{"0":{"name":"(anonymous_1)","decl":{"start":{"line":55,"column":2},"end":{"line":55,"column":7}},"loc":{"start":{"line":55,"column":60},"end":{"line":101,"column":3}}},"1":{"name":"(anonymous_2)","decl":{"start":{"line":109,"column":2},"end":{"line":109,"column":7}},"loc":{"start":{"line":109,"column":60},"end":{"line":156,"column":3}}},"2":{"name":"(anonymous_3)","decl":{"start":{"line":163,"column":2},"end":{"line":163,"column":7}},"loc":{"start":{"line":163,"column":60},"end":{"line":191,"column":3}}},"3":{"name":"(anonymous_4)","decl":{"start":{"line":198,"column":2},"end":{"line":198,"column":7}},"loc":{"start":{"line":198,"column":74},"end":{"line":209,"column":3}}},"4":{"name":"(anonymous_5)","decl":{"start":{"line":216,"column":2},"end":{"line":216,"column":7}},"loc":{"start":{"line":216,"column":73},"end":{"line":233,"column":3}}}},"branchMap":{"0":{"loc":{"start":{"line":64,"column":6},"end":{"line":70,"column":7}},"type":"if","locations":[{"start":{"line":64,"column":6},"end":{"line":70,"column":7}}]},"1":{"loc":{"start":{"line":119,"column":6},"end":{"line":125,"column":7}},"type":"if","locations":[{"start":{"line":119,"column":6},"end":{"line":125,"column":7}}]},"2":{"loc":{"start":{"line":130,"column":6},"end":{"line":136,"column":7}},"type":"if","locations":[{"start":{"line":130,"column":6},"end":{"line":136,"column":7}}]},"3":{"loc":{"start":{"line":176,"column":6},"end":{"line":178,"column":7}},"type":"if","locations":[{"start":{"line":176,"column":6},"end":{"line":178,"column":7}}]},"4":{"loc":{"start":{"line":223,"column":6},"end":{"line":225,"column":7}},"type":"if","locations":[{"start":{"line":223,"column":6},"end":{"line":225,"column":7}}]}},"s":{"0":0,"1":0,"2":0,"3":0,"4":0,"5":0,"6":0,"7":0,"8":0,"9":0,"10":0,"11":0,"12":0,"13":0,"14":0,"15":0,"16":0,"17":0,"18":0,"19":0,"20":0,"21":0,"22":0,"23":0,"24":0,"25":0,"26":0,"27":0,"28":0,"29":0,"30":0,"31":0,"32":0,"33":0,"34":0,"35":0,"36":0,"37":0,"38":0,"39":0,"40":0,"41":0,"42":0,"43":0,"44":0,"45":0,"46":0,"47":0,"48":0,"49":0,"50":0,"51":0,"52":0,"53":0,"54":0,"55":0,"56":0,"57":0,"58":0,"59":0},"f":{"0":0,"1":0,"2":0,"3":0,"4":0},"b":{"0":[0],"1":[0],"2":[0],"3":[0],"4":[0]}}
,"C:\\Users\\Jimmy\\Documents\\KiroHackathon\\taskiro\\server\\routes\\categories.ts": {"path":"C:\\Users\\Jimmy\\Documents\\KiroHackathon\\taskiro\\server\\routes\\categories.ts","statementMap":{"0":{"start":{"line":1,"column":0},"end":{"line":1,"column":58}},"1":{"start":{"line":2,"column":0},"end":{"line":2,"column":48}},"2":{"start":{"line":3,"column":0},"end":{"line":3,"column":40}},"3":{"start":{"line":4,"column":0},"end":{"line":4,"column":77}},"4":{"start":{"line":5,"column":0},"end":{"line":5,"column":59}},"5":{"start":{"line":6,"column":0},"end":{"line":6,"column":57}},"6":{"start":{"line":7,"column":0},"end":{"line":7,"column":43}},"7":{"start":{"line":8,"column":0},"end":{"line":8,"column":null}},"8":{"start":{"line":14,"column":15},"end":{"line":14,"column":31}},"9":{"start":{"line":19,"column":0},"end":{"line":19,"column":30}},"10":{"start":{"line":22,"column":27},"end":{"line":40,"column":2}},"11":{"start":{"line":33,"column":6},"end":{"line":35,"column":7}},"12":{"start":{"line":34,"column":8},"end":{"line":34,"column":75}},"13":{"start":{"line":36,"column":6},"end":{"line":36,"column":18}},"14":{"start":{"line":43,"column":0},"end":{"line":73,"column":2}},"15":{"start":{"line":46,"column":4},"end":{"line":71,"column":5}},"16":{"start":{"line":47,"column":25},"end":{"line":66,"column":8}},"17":{"start":{"line":68,"column":6},"end":{"line":68,"column":31}},"18":{"start":{"line":70,"column":6},"end":{"line":70,"column":18}},"19":{"start":{"line":76,"column":0},"end":{"line":128,"column":2}},"20":{"start":{"line":80,"column":4},"end":{"line":126,"column":5}},"21":{"start":{"line":81,"column":30},"end":{"line":81,"column":38}},"22":{"start":{"line":84,"column":31},"end":{"line":89,"column":8}},"23":{"start":{"line":91,"column":6},"end":{"line":97,"column":7}},"24":{"start":{"line":92,"column":8},"end":{"line":96,"column":10}},"25":{"start":{"line":100,"column":23},"end":{"line":118,"column":8}},"26":{"start":{"line":120,"column":6},"end":{"line":123,"column":9}},"27":{"start":{"line":125,"column":6},"end":{"line":125,"column":18}},"28":{"start":{"line":131,"column":0},"end":{"line":166,"column":2}},"29":{"start":{"line":136,"column":4},"end":{"line":164,"column":5}},"30":{"start":{"line":137,"column":21},"end":{"line":137,"column":31}},"31":{"start":{"line":139,"column":23},"end":{"line":155,"column":8}},"32":{"start":{"line":157,"column":6},"end":{"line":159,"column":7}},"33":{"start":{"line":158,"column":8},"end":{"line":158,"column":75}},"34":{"start":{"line":161,"column":6},"end":{"line":161,"column":29}},"35":{"start":{"line":163,"column":6},"end":{"line":163,"column":18}},"36":{"start":{"line":169,"column":0},"end":{"line":237,"column":2}},"37":{"start":{"line":174,"column":4},"end":{"line":235,"column":5}},"38":{"start":{"line":175,"column":21},"end":{"line":175,"column":31}},"39":{"start":{"line":176,"column":30},"end":{"line":176,"column":38}},"40":{"start":{"line":179,"column":31},"end":{"line":184,"column":8}},"41":{"start":{"line":186,"column":6},"end":{"line":188,"column":7}},"42":{"start":{"line":187,"column":8},"end":{"line":187,"column":75}},"43":{"start":{"line":191,"column":6},"end":{"line":207,"column":7}},"44":{"start":{"line":192,"column":29},"end":{"line":198,"column":10}},"45":{"start":{"line":200,"column":8},"end":{"line":206,"column":9}},"46":{"start":{"line":201,"column":10},"end":{"line":205,"column":12}},"47":{"start":{"line":210,"column":30},"end":{"line":227,"column":8}},"48":{"start":{"line":229,"column":6},"end":{"line":232,"column":9}},"49":{"start":{"line":234,"column":6},"end":{"line":234,"column":18}},"50":{"start":{"line":240,"column":0},"end":{"line":325,"column":2}},"51":{"start":{"line":249,"column":4},"end":{"line":323,"column":5}},"52":{"start":{"line":250,"column":21},"end":{"line":250,"column":31}},"53":{"start":{"line":251,"column":48},"end":{"line":251,"column":56}},"54":{"start":{"line":254,"column":31},"end":{"line":266,"column":8}},"55":{"start":{"line":268,"column":6},"end":{"line":270,"column":7}},"56":{"start":{"line":269,"column":8},"end":{"line":269,"column":75}},"57":{"start":{"line":273,"column":6},"end":{"line":279,"column":7}},"58":{"start":{"line":274,"column":8},"end":{"line":278,"column":10}},"59":{"start":{"line":282,"column":6},"end":{"line":314,"column":9}},"60":{"start":{"line":283,"column":8},"end":{"line":308,"column":9}},"61":{"start":{"line":284,"column":10},"end":{"line":307,"column":11}},"62":{"start":{"line":286,"column":12},"end":{"line":295,"column":15}},"63":{"start":{"line":298,"column":12},"end":{"line":306,"column":15}},"64":{"start":{"line":311,"column":8},"end":{"line":313,"column":11}},"65":{"start":{"line":316,"column":6},"end":{"line":320,"column":9}},"66":{"start":{"line":322,"column":6},"end":{"line":322,"column":18}},"67":{"start":{"line":328,"column":0},"end":{"line":398,"column":2}},"68":{"start":{"line":333,"column":4},"end":{"line":396,"column":5}},"69":{"start":{"line":334,"column":21},"end":{"line":334,"column":31}},"70":{"start":{"line":335,"column":53},"end":{"line":335,"column":62}},"71":{"start":{"line":338,"column":23},"end":{"line":343,"column":8}},"72":{"start":{"line":345,"column":6},"end":{"line":347,"column":7}},"73":{"start":{"line":346,"column":8},"end":{"line":346,"column":75}},"74":{"start":{"line":355,"column":46},"end":{"line":358,"column":8}},"75":{"start":{"line":361,"column":6},"end":{"line":365,"column":7}},"76":{"start":{"line":362,"column":8},"end":{"line":362,"column":54}},"77":{"start":{"line":364,"column":8},"end":{"line":364,"column":48}},"78":{"start":{"line":367,"column":34},"end":{"line":382,"column":8}},"79":{"start":{"line":384,"column":6},"end":{"line":393,"column":9}},"80":{"start":{"line":395,"column":6},"end":{"line":395,"column":18}},"81":{"start":{"line":400,"column":0},"end":{"line":400,"column":22}}},"fnMap":{"0":{"name":"(anonymous_1)","decl":{"start":{"line":32,"column":12},"end":{"line":32,"column":13}},"loc":{"start":{"line":32,"column":22},"end":{"line":37,"column":5}}},"1":{"name":"(anonymous_2)","decl":{"start":{"line":45,"column":2},"end":{"line":45,"column":7}},"loc":{"start":{"line":45,"column":73},"end":{"line":72,"column":3}}},"2":{"name":"(anonymous_3)","decl":{"start":{"line":79,"column":2},"end":{"line":79,"column":7}},"loc":{"start":{"line":79,"column":73},"end":{"line":127,"column":3}}},"3":{"name":"(anonymous_4)","decl":{"start":{"line":135,"column":2},"end":{"line":135,"column":7}},"loc":{"start":{"line":135,"column":73},"end":{"line":165,"column":3}}},"4":{"name":"(anonymous_5)","decl":{"start":{"line":173,"column":2},"end":{"line":173,"column":7}},"loc":{"start":{"line":173,"column":73},"end":{"line":236,"column":3}}},"5":{"name":"(anonymous_6)","decl":{"start":{"line":248,"column":2},"end":{"line":248,"column":7}},"loc":{"start":{"line":248,"column":73},"end":{"line":324,"column":3}}},"6":{"name":"(anonymous_7)","decl":{"start":{"line":282,"column":32},"end":{"line":282,"column":37}},"loc":{"start":{"line":282,"column":45},"end":{"line":314,"column":7}}},"7":{"name":"(anonymous_8)","decl":{"start":{"line":332,"column":2},"end":{"line":332,"column":7}},"loc":{"start":{"line":332,"column":73},"end":{"line":397,"column":3}}}},"branchMap":{"0":{"loc":{"start":{"line":33,"column":6},"end":{"line":35,"column":7}},"type":"if","locations":[{"start":{"line":33,"column":6},"end":{"line":35,"column":7}}]},"1":{"loc":{"start":{"line":33,"column":10},"end":{"line":33,"column":39}},"type":"binary-expr","locations":[{"start":{"line":33,"column":10},"end":{"line":33,"column":15}},{"start":{"line":33,"column":19},"end":{"line":33,"column":39}}]},"2":{"loc":{"start":{"line":91,"column":6},"end":{"line":97,"column":7}},"type":"if","locations":[{"start":{"line":91,"column":6},"end":{"line":97,"column":7}}]},"3":{"loc":{"start":{"line":104,"column":17},"end":{"line":104,"column":69}},"type":"binary-expr","locations":[{"start":{"line":104,"column":17},"end":{"line":104,"column":22}},{"start":{"line":104,"column":26},"end":{"line":104,"column":69}}]},"4":{"loc":{"start":{"line":157,"column":6},"end":{"line":159,"column":7}},"type":"if","locations":[{"start":{"line":157,"column":6},"end":{"line":159,"column":7}}]},"5":{"loc":{"start":{"line":186,"column":6},"end":{"line":188,"column":7}},"type":"if","locations":[{"start":{"line":186,"column":6},"end":{"line":188,"column":7}}]},"6":{"loc":{"start":{"line":191,"column":6},"end":{"line":207,"column":7}},"type":"if","locations":[{"start":{"line":191,"column":6},"end":{"line":207,"column":7}}]},"7":{"loc":{"start":{"line":200,"column":8},"end":{"line":206,"column":9}},"type":"if","locations":[{"start":{"line":200,"column":8},"end":{"line":206,"column":9}}]},"8":{"loc":{"start":{"line":214,"column":17},"end":{"line":214,"column":48}},"type":"binary-expr","locations":[{"start":{"line":214,"column":17},"end":{"line":214,"column":22}},{"start":{"line":214,"column":26},"end":{"line":214,"column":48}}]},"9":{"loc":{"start":{"line":251,"column":14},"end":{"line":251,"column":43}},"type":"default-arg","locations":[{"start":{"line":251,"column":38},"end":{"line":251,"column":43}}]},"10":{"loc":{"start":{"line":268,"column":6},"end":{"line":270,"column":7}},"type":"if","locations":[{"start":{"line":268,"column":6},"end":{"line":270,"column":7}}]},"11":{"loc":{"start":{"line":273,"column":6},"end":{"line":279,"column":7}},"type":"if","locations":[{"start":{"line":273,"column":6},"end":{"line":279,"column":7}}]},"12":{"loc":{"start":{"line":283,"column":8},"end":{"line":308,"column":9}},"type":"if","locations":[{"start":{"line":283,"column":8},"end":{"line":308,"column":9}}]},"13":{"loc":{"start":{"line":284,"column":10},"end":{"line":307,"column":11}},"type":"if","locations":[{"start":{"line":284,"column":10},"end":{"line":307,"column":11}},{"start":{"line":296,"column":17},"end":{"line":307,"column":11}}]},"14":{"loc":{"start":{"line":335,"column":22},"end":{"line":335,"column":34}},"type":"default-arg","locations":[{"start":{"line":335,"column":30},"end":{"line":335,"column":34}}]},"15":{"loc":{"start":{"line":335,"column":36},"end":{"line":335,"column":48}},"type":"default-arg","locations":[{"start":{"line":335,"column":45},"end":{"line":335,"column":48}}]},"16":{"loc":{"start":{"line":345,"column":6},"end":{"line":347,"column":7}},"type":"if","locations":[{"start":{"line":345,"column":6},"end":{"line":347,"column":7}}]},"17":{"loc":{"start":{"line":361,"column":6},"end":{"line":365,"column":7}},"type":"if","locations":[{"start":{"line":361,"column":6},"end":{"line":365,"column":7}},{"start":{"line":363,"column":13},"end":{"line":365,"column":7}}]},"18":{"loc":{"start":{"line":361,"column":10},"end":{"line":361,"column":46}},"type":"binary-expr","locations":[{"start":{"line":361,"column":10},"end":{"line":361,"column":16}},{"start":{"line":361,"column":20},"end":{"line":361,"column":46}}]}},"s":{"0":0,"1":0,"2":0,"3":0,"4":0,"5":0,"6":0,"7":0,"8":0,"9":0,"10":0,"11":0,"12":0,"13":0,"14":0,"15":0,"16":0,"17":0,"18":0,"19":0,"20":0,"21":0,"22":0,"23":0,"24":0,"25":0,"26":0,"27":0,"28":0,"29":0,"30":0,"31":0,"32":0,"33":0,"34":0,"35":0,"36":0,"37":0,"38":0,"39":0,"40":0,"41":0,"42":0,"43":0,"44":0,"45":0,"46":0,"47":0,"48":0,"49":0,"50":0,"51":0,"52":0,"53":0,"54":0,"55":0,"56":0,"57":0,"58":0,"59":0,"60":0,"61":0,"62":0,"63":0,"64":0,"65":0,"66":0,"67":0,"68":0,"69":0,"70":0,"71":0,"72":0,"73":0,"74":0,"75":0,"76":0,"77":0,"78":0,"79":0,"80":0,"81":0},"f":{"0":0,"1":0,"2":0,"3":0,"4":0,"5":0,"6":0,"7":0},"b":{"0":[0],"1":[0,0],"2":[0],"3":[0,0],"4":[0],"5":[0],"6":[0],"7":[0],"8":[0,0],"9":[0],"10":[0],"11":[0],"12":[0],"13":[0,0],"14":[0],"15":[0],"16":[0],"17":[0,0],"18":[0,0]}}
,"C:\\Users\\Jimmy\\Documents\\KiroHackathon\\taskiro\\server\\routes\\nlp.ts": {"path":"C:\\Users\\Jimmy\\Documents\\KiroHackathon\\taskiro\\server\\routes\\nlp.ts","statementMap":{"0":{"start":{"line":1,"column":0},"end":{"line":1,"column":53}},"1":{"start":{"line":2,"column":0},"end":{"line":2,"column":59}},"2":{"start":{"line":3,"column":0},"end":{"line":3,"column":68}},"3":{"start":{"line":6,"column":15},"end":{"line":6,"column":31}},"4":{"start":{"line":12,"column":0},"end":{"line":55,"column":2}},"5":{"start":{"line":26,"column":19},"end":{"line":26,"column":40}},"6":{"start":{"line":27,"column":4},"end":{"line":33,"column":5}},"7":{"start":{"line":28,"column":6},"end":{"line":32,"column":9}},"8":{"start":{"line":35,"column":4},"end":{"line":53,"column":5}},"9":{"start":{"line":36,"column":53},"end":{"line":36,"column":61}},"10":{"start":{"line":37,"column":22},"end":{"line":37,"column":74}},"11":{"start":{"line":39,"column":21},"end":{"line":39,"column":66}},"12":{"start":{"line":41,"column":38},"end":{"line":44,"column":8}},"13":{"start":{"line":46,"column":6},"end":{"line":46,"column":25}},"14":{"start":{"line":48,"column":6},"end":{"line":48,"column":68}},"15":{"start":{"line":49,"column":6},"end":{"line":52,"column":9}},"16":{"start":{"line":62,"column":0},"end":{"line":105,"column":2}},"17":{"start":{"line":76,"column":19},"end":{"line":76,"column":40}},"18":{"start":{"line":77,"column":4},"end":{"line":83,"column":5}},"19":{"start":{"line":78,"column":6},"end":{"line":82,"column":9}},"20":{"start":{"line":85,"column":4},"end":{"line":103,"column":5}},"21":{"start":{"line":86,"column":42},"end":{"line":86,"column":50}},"22":{"start":{"line":87,"column":22},"end":{"line":87,"column":74}},"23":{"start":{"line":91,"column":8},"end":{"line":91,"column":79}},"24":{"start":{"line":93,"column":6},"end":{"line":96,"column":9}},"25":{"start":{"line":98,"column":6},"end":{"line":98,"column":57}},"26":{"start":{"line":99,"column":6},"end":{"line":102,"column":9}},"27":{"start":{"line":111,"column":0},"end":{"line":156,"column":2}},"28":{"start":{"line":125,"column":19},"end":{"line":125,"column":40}},"29":{"start":{"line":126,"column":4},"end":{"line":132,"column":5}},"30":{"start":{"line":127,"column":6},"end":{"line":131,"column":9}},"31":{"start":{"line":134,"column":4},"end":{"line":154,"column":5}},"32":{"start":{"line":135,"column":42},"end":{"line":135,"column":50}},"33":{"start":{"line":136,"column":22},"end":{"line":136,"column":74}},"34":{"start":{"line":138,"column":25},"end":{"line":140,"column":null}},"35":{"start":{"line":143,"column":6},"end":{"line":147,"column":9}},"36":{"start":{"line":149,"column":6},"end":{"line":149,"column":59}},"37":{"start":{"line":150,"column":6},"end":{"line":153,"column":9}},"38":{"start":{"line":163,"column":0},"end":{"line":199,"column":2}},"39":{"start":{"line":173,"column":19},"end":{"line":173,"column":40}},"40":{"start":{"line":174,"column":4},"end":{"line":180,"column":5}},"41":{"start":{"line":175,"column":6},"end":{"line":179,"column":9}},"42":{"start":{"line":182,"column":4},"end":{"line":197,"column":5}},"43":{"start":{"line":183,"column":23},"end":{"line":183,"column":31}},"44":{"start":{"line":185,"column":25},"end":{"line":185,"column":71}},"45":{"start":{"line":187,"column":6},"end":{"line":190,"column":9}},"46":{"start":{"line":192,"column":6},"end":{"line":192,"column":57}},"47":{"start":{"line":193,"column":6},"end":{"line":196,"column":9}},"48":{"start":{"line":201,"column":0},"end":{"line":201,"column":22}}},"fnMap":{"0":{"name":"(anonymous_1)","decl":{"start":{"line":25,"column":2},"end":{"line":25,"column":3}},"loc":{"start":{"line":25,"column":34},"end":{"line":54,"column":3}}},"1":{"name":"(anonymous_2)","decl":{"start":{"line":75,"column":2},"end":{"line":75,"colu
[...]
,"C:\\Users\\Jimmy\\Documents\\KiroHackathon\\taskiro\\server\\utils\\memoization.ts": {"path":"C:\\Users\\Jimmy\\Documents\\KiroHackathon\\taskiro\\server\\utils\\memoization.ts","statementMap":{"0":{"start":{"line":45,"column":0},"end":{"line":45,"column":16}},"1":{"start":{"line":5,"column":10},"end":{"line":5,"column":69}},"2":{"start":{"line":10,"column":4},"end":{"line":10,"column":21}},"3":{"start":{"line":14,"column":18},"end":{"line":14,"column":37}},"4":{"start":{"line":16,"column":4},"end":{"line":18,"column":5}},"5":{"start":{"line":17,"column":6},"end":{"line":17,"column":23}},"6":{"start":{"line":20,"column":4},"end":{"line":23,"column":5}},"7":{"start":{"line":21,"column":6},"end":{"line":21,"column":29}},"8":{"start":{"line":22,"column":6},"end":{"line":22,"column":23}},"9":{"start":{"line":25,"column":4},"end":{"line":25,"column":23}},"10":{"start":{"line":29,"column":4},"end":{"line":32,"column":7}},"11":{"start":{"line":36,"column":4},"end":{"line":36,"column":23}},"12":{"start":{"line":40,"column":4},"end":{"line":40,"column":27}},"13":{"start":{"line":4,"column":0},"end":{"line":4,"column":13}},"14":{"start":{"line":46,"column":16},"end":{"line":46,"column":46}},"15":{"start":{"line":48,"column":2},"end":{"line":67,"column":4}},"16":{"start":{"line":53,"column":19},"end":{"line":53,"column":35}},"17":{"start":{"line":55,"column":4},"end":{"line":66,"column":6}},"18":{"start":{"line":56,"column":18},"end":{"line":56,"column":38}},"19":{"start":{"line":57,"column":21},"end":{"line":57,"column":35}},"20":{"start":{"line":59,"column":6},"end":{"line":61,"column":7}},"21":{"start":{"line":60,"column":8},"end":{"line":60,"column":22}},"22":{"start":{"line":63,"column":21},"end":{"line":63,"column":45}},"23":{"start":{"line":64,"column":6},"end":{"line":64,"column":29}},"24":{"start":{"line":65,"column":6},"end":{"line":65,"column":20}}},"fnMap":{"0":{"name":"(anonymous_0)","decl":{"start":{"line":8,"column":2},"end":{"line":8,"column":14}},"loc":{"start":{"line":8,"column":35},"end":{"line":11,"column":3}}},"1":{"name":"(anonymous_1)","decl":{"start":{"line":13,"column":2},"end":{"line":13,"column":5}},"loc":{"start":{"line":13,"column":17},"end":{"line":26,"column":3}}},"2":{"name":"(anonymous_2)","decl":{"start":{"line":28,"column":2},"end":{"line":28,"column":5}},"loc":{"start":{"line":28,"column":27},"end":{"line":33,"column":3}}},"3":{"name":"(anonymous_3)","decl":{"start":{"line":35,"column":2},"end":{"line":35,"column":7}},"loc":{"start":{"line":35,"column":7},"end":{"line":37,"column":3}}},"4":{"name":"(anonymous_4)","decl":{"start":{"line":39,"column":2},"end":{"line":39,"column":6}},"loc":{"start":{"line":39,"column":6},"end":{"line":41,"column":3}}},"5":{"name":"memoize","decl":{"start":{"line":45,"column":16},"end":{"line":45,"column":23}},"loc":{"start":{"line":45,"column":41},"end":{"line":68,"column":1}}},"6":{"name":"(anonymous_6)","decl":{"start":{"line":48,"column":9},"end":{"line":48,"column":null}},"loc":{"start":{"line":51,"column":34},"end":{"line":67,"column":3}}},"7":{"name":"(anonymous_7)","decl":{"start":{"line":55,"column":23},"end":{"line":55,"column":33}},"loc":{"start":{"line":55,"column":51},"end":{"line":66,"column":5}}}},"branchMap":{"0":{"loc":{"start":{"line":8,"column":14},"end":{"line":8,"column":35}},"type":"default-arg","locations":[{"start":{"line":8,"column":22},"end":{"line":8,"column":35}}]},"1":{"loc":{"start":{"line":16,"column":4},"end":{"line":18,"column":5}},"type":"if","locations":[{"start":{"line":16,"column":4},"end":{"line":18,"column":5}}]},"2":{"loc":{"start":{"line":20,"column":4},"end":{"line":23,"column":5}},"type":"if","locations":[{"start":{"line":20,"column":4},"end":{"line":23,"column":5}}]},"3":{"loc":{"start":{"line":59,"column":6},"end":{"line":61,"column":7}},"type":"if","locations":[{"start":{"line":59,"column":6},"end":{"line":61,"column":7}}]}},"s":{"0":0,"1":0,"2":0,"3":0,"4":0,"5":0,"6":0,"7":0,"8":0,"9":0,"10":0,"11":0,"12":0,"13":0,"14":0,"15":0,"16":0,"17":0,"18":0,"19":0,"20":0,"21":0,"22":0,"23":0,"24":0},"f":{"0":0,"1":0,"2":0,"3":0,"4":0,"5":0,"6":0,"7":0},"b":{"0":[0],"1":[0],"2":[0],"3":[0]}}
,"C:\\Users\\Jimmy\\Documents\\KiroHackathon\\taskiro\\server\\utils\\queryParsers.ts": {"path":"C:\\Users\\Jimmy\\Documents\\KiroHackathon\\taskiro\\server\\utils\\queryParsers.ts","statementMap":{"0":{"start":{"line":1,"column":35},"end":{"line":12,"column":1}},"1":{"start":{"line":6,"column":2},"end":{"line":6,"column":53}},"2":{"start":{"line":6,"column":33},"end":{"line":6,"column":53}},"3":{"start":{"line":8,"column":17},"end":{"line":8,"column":36}},"4":{"start":{"line":9,"column":2},"end":{"line":9,"column":41}},"5":{"start":{"line":9,"column":21},"end":{"line":9,"column":41}},"6":{"start":{"line":11,"column":2},"end":{"line":11,"column":46}},"7":{"start":{"line":1,"column":13},"end":{"line":1,"column":35}},"8":{"start":{"line":14,"column":38},"end":{"line":19,"column":1}},"9":{"start":{"line":18,"column":2},"end":{"line":18,"column":58}},"10":{"start":{"line":14,"column":13},"end":{"line":14,"column":38}},"11":{"start":{"line":21,"column":39},"end":{"line":30,"column":1}},"12":{"start":{"line":25,"column":2},"end":{"line":25,"column":47}},"13":{"start":{"line":25,"column":34},"end":{"line":25,"column":47}},"14":{"start":{"line":26,"column":2},"end":{"line":28,"column":3}},"15":{"start":{"line":27,"column":4},"end":{"line":27,"column":42}},"16":{"start":{"line":29,"column":2},"end":{"line":29,"column":22}},"17":{"start":{"line":21,"column":13},"end":{"line":21,"column":39}},"18":{"start":{"line":37,"column":37},"end":{"line":43,"column":2}},"19":{"start":{"line":40,"column":25},"end":{"line":43,"column":2}},"20":{"start":{"line":37,"column":13},"end":{"line":37,"column":37}}},"fnMap":{"0":{"name":"(anonymous_0)","decl":{"start":{"line":1,"column":35},"end":{"line":1,"column":null}},"loc":{"start":{"line":5,"column":12},"end":{"line":12,"column":1}}},"1":{"name":"(anonymous_1)","decl":{"start":{"line":14,"column":38},"end":{"line":14,"column":null}},"loc":{"start":{"line":17,"column":12},"end":{"line":19,"column":1}}},"2":{"name":"(anonymous_2)","decl":{"start":{"line":21,"column":39},"end":{"line":21,"column":null}},"loc":{"start":{"line":24,"column":13},"end":{"line":30,"column":1}}},"3":{"name":"(anonymous_3)","decl":{"start":{"line":37,"column":37},"end":{"line":37,"column":38}},"loc":{"start":{"line":40,"column":25},"end":{"line":43,"column":2}}}},"branchMap":{"0":{"loc":{"start":{"line":6,"column":2},"end":{"line":6,"column":53}},"type":"if","locations":[{"start":{"line":6,"column":2},"end":{"line":6,"column":53}}]},"1":{"loc":{"start":{"line":9,"column":2},"end":{"line":9,"column":41}},"type":"if","locations":[{"start":{"line":9,"column":2},"end":{"line":9,"column":41}}]},"2":{"loc":{"start":{"line":11,"column":9},"end":{"line":11,"column":45}},"type":"cond-expr","locations":[{"start":{"line":11,"column":15},"end":{"line":11,"column":36}},{"start":{"line":11,"column":39},"end":{"line":11,"column":45}}]},"3":{"loc":{"start":{"line":18,"column":9},"end":{"line":18,"column":57}},"type":"cond-expr","locations":[{"start":{"line":18,"column":37},"end":{"line":18,"column":42}},{"start":{"line":18,"column":45},"end":{"line":18,"column":57}}]},"4":{"loc":{"start":{"line":25,"column":2},"end":{"line":25,"column":47}},"type":"if","locations":[{"start":{"line":25,"column":2},"end":{"line":25,"column":47}}]},"5":{"loc":{"start":{"line":26,"column":2},"end":{"line":28,"column":3}},"type":"if","locations":[{"start":{"line":26,"column":2},"end":{"line":28,"column":3}}]}},"s":{"0":0,"1":0,"2":0,"3":0,"4":0,"5":0,"6":0,"7":0,"8":0,"9":0,"10":0,"11":0,"12":0,"13":0,"14":0,"15":0,"16":0,"17":0,"18":0,"19":0,"20":0},"f":{"0":0,"1":0,"2":0,"3":0},"b":{"0":[0],"1":[0],"2":[0,0],"3":[0,0],"4":[0],"5":[0]}}
,"C:\\Users\\Jimmy\\Documents\\KiroHackathon\\taskiro\\server\\utils\\regexCache.ts": {"path":"C:\\Users\\Jimmy\\Documents\\KiroHackathon\\taskiro\\server\\utils\\regexCache.ts","statementMap":{"0":{"start":{"line":8,"column":21},"end":{"line":8,"column":45}},"1":{"start":{"line":10,"column":4},"end":{"line":15,"column":5}},"2":{"start":{"line":11,"column":6},"end":{"line":14,"column":8}},"3":{"start":{"line":17,"column":4},"end":{"line":17,"column":37}},"4":{"start":{"line":21,"column":21},"end":{"line":21,"column":46}},"5":{"start":{"line":23,"column":4},"end":{"line":25,"column":5}},"6":{"start":{"line":24,"column":6},"end":{"line":24,"column":59}},"7":{"start":{"line":27,"column":4},"end":{"line":27,"column":37}},"8":{"start":{"line":31,"column":4},"end":{"line":31,"column":55}},"9":{"start":{"line":35,"column":4},"end":{"line":35,"column":23}},"10":{"start":{"line":4,"column":0},"end":{"line":4,"column":13}},"11":{"start":{"line":5,"column":17},"end":{"line":5,"column":51}}},"fnMap":{"0":{"name":"(anonymous_0)","decl":{"start":{"line":7,"column":2},"end":{"line":7,"column":8}},"loc":{"start":{"line":7,"column":58},"end":{"line":18,"column":3}}},"1":{"name":"(anonymous_1)","decl":{"start":{"line":20,"column":2},"end":{"line":20,"column":8}},"loc":{"start":{"line":20,"column":54},"end":{"line":28,"column":3}}},"2":{"name":"(anonymous_2)","decl":{"start":{"line":30,"column":10},"end":{"line":30,"column":16}},"loc":{"start":{"line":30,"column":41},"end":{"line":32,"column":3}}},"3":{"name":"(anonymous_3)","decl":{"start":{"line":34,"column":2},"end":{"line":34,"column":8}},"loc":{"start":{"line":34,"column":19},"end":{"line":36,"column":3}}}},"branchMap":{"0":{"loc":{"start":{"line":7,"column":47},"end":{"line":7,"column":58}},"type":"default-arg","locations":[{"start":{"line":7,"column":55},"end":{"line":7,"column":58}}]},"1":{"loc":{"start":{"line":10,"column":4},"end":{"line":15,"column":5}},"type":"if","locations":[{"start":{"line":10,"column":4},"end":{"line":15,"column":5}}]},"2":{"loc":{"start":{"line":20,"column":42},"end":{"line":20,"column":54}},"type":"default-arg","locations":[{"start":{"line":20,"column":50},"end":{"line":20,"column":54}}]},"3":{"loc":{"start":{"line":23,"column":4},"end":{"line":25,"column":5}},"type":"if","locations":[{"start":{"line":23,"column":4},"end":{"line":25,"column":5}}]}},"s":{"0":0,"1":0,"2":0,"3":0,"4":0,"5":0,"6":0,"7":0,"8":0,"9":0,"10":0,"11":0},"f":{"0":0,"1":0,"2":0,"3":0},"b":{"0":[0],"1":[0],"2":[0],"3":[0]}}
,"C:\\Users\\Jimmy\\Documents\\KiroHackathon\\taskiro\\server\\utils\\responseFormatters.ts": {"path":"C:\\Users\\Jimmy\\Documents\\KiroHackathon\\taskiro\\server\\utils\\responseFormatters.ts","statementMap":{"0":{"start":{"line":24,"column":37},"end":{"line":28,"column":6}},"1":{"start":{"line":30,"column":4},"end":{"line":30,"column":49}},"2":{"start":{"line":40,"column":37},"end":{"line":45,"column":6}},"3":{"start":{"line":47,"column":4},"end":{"line":47,"column":49}},"4":{"start":{"line":55,"column":4},"end":{"line":55,"column":49}},"5":{"start":{"line":59,"column":34},"end":{"line":62,"column":6}},"6":{"start":{"line":64,"column":4},"end":{"line":64,"column":42}},"7":{"start":{"line":17,"column":0},"end":{"line":17,"column":13}},"8":{"start":{"line":68,"column":32},"end":{"line":77,"column":2}},"9":{"start":{"line":72,"column":22},"end":{"line":77,"column":2}},"10":{"start":{"line":68,"column":13},"end":{"line":68,"column":32}}},"fnMap":{"0":{"name":"(anonymous_0)","decl":{"start":{"line":18,"column":2},"end":{"line":18,"column":8}},"loc":{"start":{"line":22,"column":20},"end":{"line":31,"column":3}}},"1":{"name":"(anonymous_1)","decl":{"start":{"line":33,"column":2},"end":{"line":33,"column":8}},"loc":{"start":{"line":38,"column":20},"end":{"line":48,"column":3}}},"2":{"name":"(anonymous_2)","decl":{"start":{"line":50,"column":2},"end":{"line":50,"column":8}},"loc":{"start":{"line":53,"column":45},"end":{"line":56,"column":3}}},"3":{"name":"(anonymous_3)","decl":{"start":{"line":58,"column":2},"end":{"line":58,"column":8}},"loc":{"start":{"line":58,"column":73},"end":{"line":65,"column":3}}},"4":{"name":"(anonymous_4)","decl":{"start":{"line":68,"column":32},"end":{"line":68,"column":null}},"loc":{"start":{"line":72,"column":22},"end":{"line":77,"column":2}}}},"branchMap":{"0":{"loc":{"start":{"line":22,"column":4},"end":{"line":22,"column":20}},"type":"default-arg","locations":[{"start":{"line":22,"column":17},"end":{"line":22,"column":20}}]},"1":{"loc":{"start":{"line":27,"column":10},"end":{"line":27,"column":32}},"type":"binary-expr","locations":[{"start":{"line":27,"column":10},"end":{"line":27,"column":17}},{"start":{"line":27,"column":21},"end":{"line":27,"column":32}}]},"2":{"loc":{"start":{"line":38,"column":4},"end":{"line":38,"column":20}},"type":"default-arg","locations":[{"start":{"line":38,"column":17},"end":{"line":38,"column":20}}]},"3":{"loc":{"start":{"line":44,"column":10},"end":{"line":44,"column":32}},"type":"binary-expr","locations":[{"start":{"line":44,"column":10},"end":{"line":44,"column":17}},{"start":{"line":44,"column":21},"end":{"line":44,"column":32}}]},"4":{"loc":{"start":{"line":53,"column":4},"end":{"line":53,"column":45}},"type":"default-arg","locations":[{"start":{"line":53,"column":14},"end":{"line":53,"column":45}}]},"5":{"loc":{"start":{"line":58,"column":32},"end":{"line":58,"column":73}},"type":"default-arg","locations":[{"start":{"line":58,"column":42},"end":{"line":58,"column":73}}]}},"s":{"0":0,"1":0,"2":0,"3":0,"4":0,"5":0,"6":0,"7":0,"8":0,"9":0,"10":0},"f":{"0":0,"1":0,"2":0,"3":0,"4":0},"b":{"0":[0],"1":[0,0],"2":[0],"3":[0,0],"4":[0],"5":[0]}}
,"C:\\Users\\Jimmy\\Documents\\KiroHackathon\\taskiro\\server\\utils\\validation.ts": {"path":"C:\\Users\\Jimmy\\Documents\\KiroHackathon\\taskiro\\server\\utils\\validation.ts","statementMap":{"0":{"start":{"line":5,"column":0},"end":{"line":5,"column":16}},"1":{"start":{"line":10,"column":0},"end":{"line":10,"column":16}},"2":{"start":{"line":15,"column":0},"end":{"line":15,"column":16}},"3":{"start":{"line":20,"column":0},"end":{"line":20,"column":16}},"4":{"start":{"line":25,"column":0},"end":{"line":25,"column":16}},"5":{"start":{"line":29,"column":0},"end":{"line":29,"column":16}},"6":{"start":{"line":33,"column":0},"end":{"line":33,"column":16}},"7":{"start":{"line":56,"column":0},"end":{"line":56,"column":16}},"8":{"start":{"line":63,"column":0},"end":{"line":63,"column":16}},"9":{"start":{"line":1,"column":0},"end":{"line":1,"column":50}},"10":{"start":{"line":6,"column":24},"end":{"line":6,"column":58}},"11":{"start":{"line":7,"column":2},"end":{"line":7,"column":57}},"12":{"start":{"line":11,"column":22},"end":{"line":11,"column":52}},"13":{"start":{"line":12,"column":2},"end":{"line":12,"column":53}},"14":{"start":{"line":16,"column":21},"end":{"line":16,"column":49}},"15":{"start":{"line":17,"column":2},"end":{"line":17,"column":32}},"16":{"start":{"line":21,"column":21},"end":{"line":21,"column":57}},"17":{"start":{"line":22,"column":2},"end":{"line":22,"column":32}},"18":{"start":{"line":26,"column":2},"end":{"line":26,"column":40}},"19":{"start":{"line":30,"column":2},"end":{"line":30,"column":47}},"20":{"start":{"line":34,"column":2},"end":{"line":34,"column":39}},"21":{"start":{"line":38,"column":13},"end":{"line":53,"column":11}},"22":{"start":{"line":57,"column":2},"end":{"line":60,"column":4}},"23":{"start":{"line":64,"column":2},"end":{"line":66,"column":4}}},"fnMap":{"0":{"name":"isValidPriority","decl":{"start":{"line":5,"column":16},"end":{"line":5,"column":31}},"loc":{"start":{"line":5,"column":48},"end":{"line":8,"column":1}}},"1":{"name":"isValidStatus","decl":{"start":{"line":10,"column":16},"end":{"line":10,"column":29}},"loc":{"start":{"line":10,"column":44},"end":{"line":13,"column":1}}},"2":{"name":"isValidEmail","decl":{"start":{"line":15,"column":16},"end":{"line":15,"column":28}},"loc":{"start":{"line":15,"column":42},"end":{"line":18,"column":1}}},"3":{"name":"isValidColor","decl":{"start":{"line":20,"column":16},"end":{"line":20,"column":28}},"loc":{"start":{"line":20,"column":42},"end":{"line":23,"column":1}}},"4":{"name":"sanitizeTaskTitle","decl":{"start":{"line":25,"column":16},"end":{"line":25,"column":33}},"loc":{"start":{"line":25,"column":47},"end":{"line":27,"column":1}}},"5":{"name":"sanitizeTaskDescription","decl":{"start":{"line":29,"column":16},"end":{"line":29,"column":39}},"loc":{"start":{"line":29,"column":59},"end":{"line":31,"column":1}}},"6":{"name":"sanitizeCategoryName","decl":{"start":{"line":33,"column":16},"end":{"line":33,"column":36}},"loc":{"start":{"line":33,"column":49},"end":{"line":35,"column":1}}},"7":{"name":"isPriorityEnum","decl":{"start":{"line":56,"column":16},"end":{"line":56,"column":30}},"loc":{"start":{"line":56,"column":45},"end":{"line":61,"column":1}}},"8":{"name":"isStatusEnum","decl":{"start":{"line":63,"column":16},"end":{"line":63,"column":28}},"loc":{"start":{"line":63,"column":43},"end":{"line":67,"column":1}}}},"branchMap":{"0":{"loc":{"start":{"line":58,"column":4},"end":{"line":59,"column":55}},"type":"binary-expr","locations":[{"start":{"line":58,"column":4},"end":{"line":58,"column":29}},{"start":{"line":59,"column":4},"end":{"line":59,"column":55}}]},"1":{"loc":{"start":{"line":65,"column":4},"end":{"line":65,"column":80}},"type":"binary-expr","locations":[{"start":{"line":65,"column":4},"end":{"line":65,"column":29}},{"start":{"line":65,"column":33},"end":{"line":65,"column":80}}]}},"s":{"0":0,"1":0,"2":0,"3":0,"4":0,"5":0,"6":0,"7":0,"8":0,"9":0,"10":0,"11":0,"12":0,"13":0,"14":0,"15":0,"16":0,"17":0,"18":0,"19":0,"20":0,"21":0,"22":0,"23":0},"f":{"0":0,"1":0,"2":0,"3":0,"4":0,"5":0,"6":0,"7":0,"8":0},"b":{"0":[0,0],"1":[0,0]}}
,"C:\\Users\\Jimmy\\Documents\\KiroHackathon\\taskiro\\server\\validation\\categoryValidation.ts": {"path":"C:\\Users\\Jimmy\\Documents\\KiroHackathon\\taskiro\\server\\validation\\categoryValidation.ts","statementMap":{"0":{"start":{"line":1,"column":0},"end":{"line":1,"column":55}},"1":{"start":{"line":2,"column":0},"end":{"line":2,"column":59}},"2":{"start":{"line":3,"column":0},"end":{"line":3,"column":73}},"3":{"start":{"line":5,"column":13},"end":{"line":11,"column":2}},"4":{"start":{"line":13,"column":13},"end":{"line":31,"column":2}},"5":{"start":{"line":24,"column":6},"end":{"line":26,"column":7}},"6":{"start":{"line":25,"column":8},"end":{"line":25,"column":75}},"7":{"start":{"line":27,"column":6},"end":{"line":27,"column":18}},"8":{"start":{"line":33,"column":13},"end":{"line":36,"column":2}},"9":{"start":{"line":38,"column":13},"end":{"line":45,"column":2}},"10":{"start":{"line":47,"column":13},"end":{"line":65,"column":2}}},"fnMap":{"0":{"name":"(anonymous_0)","decl":{"start":{"line":23,"column":12},"end":{"line":23,"column":13}},"loc":{"start":{"line":23,"column":22},"end":{"line":28,"column":5}}}},"branchMap":{"0":{"loc":{"start":{"line":24,"column":6},"end":{"line":26,"column":7}},"type":"if","locations":[{"start":{"line":24,"column":6},"end":{"line":26,"column":7}}]},"1":{"loc":{"start":{"line":24,"column":10},"end":{"line":24,"column":39}},"type":"binary-expr","locations":[{"start":{"line":24,"column":10},"end":{"line":24,"column":15}},{"start":{"line":24,"column":19},"end":{"line":24,"column":39}}]}},"s":{"0":0,"1":0,"2":0,"3":0,"4":0,"5":0,"6":0,"7":0,"8":0,"9":0,"10":0},"f":{"0":0},"b":{"0":[0],"1":[0,0]}}
}
