TN:
SF:server\index.ts
FN:42,(anonymous_1)
FN:56,(anonymous_2)
FN:67,(anonymous_3)
FN:73,(anonymous_4)
FN:79,(anonymous_5)
FNF:5
FNH:0
FNDA:0,(anonymous_1)
FNDA:0,(anonymous_2)
FNDA:0,(anonymous_3)
FNDA:0,(anonymous_4)
FNDA:0,(anonymous_5)
DA:1,0
DA:2,0
DA:3,0
DA:4,0
DA:5,0
DA:6,0
DA:7,0
DA:8,0
DA:9,0
DA:10,0
DA:11,0
DA:14,0
DA:16,0
DA:17,0
DA:18,0
DA:21,0
DA:22,0
DA:30,0
DA:35,0
DA:38,0
DA:39,0
DA:42,0
DA:43,0
DA:47,0
DA:48,0
DA:49,0
DA:50,0
DA:53,0
DA:56,0
DA:57,0
DA:67,0
DA:68,0
DA:69,0
DA:70,0
DA:73,0
DA:74,0
DA:75,0
DA:76,0
DA:79,0
DA:80,0
DA:81,0
DA:84,0
LF:42
LH:0
BRDA:18,0,0,0
BRDA:18,0,1,0
BRDA:24,1,0,0
BRDA:24,1,1,0
BRF:4
BRH:0
end_of_record
TN:
SF:server\test-auth.ts
FN:6,testAuthImplementation
FNF:1
FNH:0
FNDA:0,testAuthImplementation
DA:1,0
DA:2,0
DA:4,0
DA:7,0
DA:9,0
DA:11,0
DA:12,0
DA:13,0
DA:15,0
DA:18,0
DA:21,0
DA:22,0
DA:24,0
DA:25,0
DA:27,0
DA:30,0
DA:31,0
DA:32,0
DA:33,0
DA:34,0
DA:35,0
DA:36,0
DA:38,0
DA:39,0
DA:40,0
DA:41,0
DA:43,0
DA:45,0
DA:49,0
LF:29
LH:0
BRDA:24,0,0,0
BRDA:24,0,1,0
BRDA:24,1,0,0
BRDA:24,1,1,0
BRF:4
BRH:0
end_of_record
TN:
SF:server\test-category-api.ts
FN:10,(anonymous_1)
FN:18,testCategorySuggestionAPI
FNF:2
FNH:0
FNDA:0,(anonymous_1)
FNDA:0,testCategorySuggestionAPI
DA:1,0
DA:2,0
DA:4,0
DA:5,0
DA:6,0
DA:8,0
DA:10,0
DA:11,0
DA:12,0
DA:15,0
DA:19,0
DA:27,0
DA:28,0
DA:29,0
DA:40,0
DA:42,0
DA:43,0
DA:44,0
DA:46,0
DA:50,0
DA:51,0
LF:21
LH:0
BRF:0
BRH:0
end_of_record
TN:
SF:server\test-category-extraction.ts
FN:76,(anonymous_0)
FN:102,(anonymous_1)
FN:121,(anonymous_2)
FNF:3
FNH:0
FNDA:0,(anonymous_0)
FNDA:0,(anonymous_1)
FNDA:0,(anonymous_2)
DA:1,0
DA:3,0
DA:6,0
DA:74,0
DA:76,0
DA:77,0
DA:78,0
DA:80,0
DA:82,0
DA:83,0
DA:84,0
DA:85,0
DA:87,0
DA:88,0
DA:89,0
DA:92,0
DA:94,0
DA:102,0
DA:103,0
DA:105,0
DA:107,0
DA:108,0
DA:109,0
DA:110,0
DA:113,0
DA:114,0
DA:115,0
DA:118,0
DA:120,0
DA:121,0
DA:122,0
DA:127,0
LF:32
LH:0
BRDA:82,0,0,0
BRDA:82,0,1,0
BRDA:83,1,0,0
BRDA:83,1,1,0
BRDA:88,2,0,0
BRDA:88,2,1,0
BRDA:108,3,0,0
BRDA:108,3,1,0
BRDA:109,4,0,0
BRDA:109,4,1,0
BRDA:111,5,0,0
BRDA:111,5,1,0
BRDA:113,6,0,0
BRDA:113,6,1,0
BRDA:123,7,0,0
BRDA:123,7,1,0
BRF:16
BRH:0
end_of_record
TN:
SF:server\test-database-offline.ts
FN:8,testDatabaseSchemaOffline
FN:18,(anonymous_1)
FN:26,(anonymous_2)
FNF:3
FNH:0
FNDA:0,testDatabaseSchemaOffline
FNDA:0,(anonymous_1)
FNDA:0,(anonymous_2)
DA:1,0
DA:2,0
DA:9,0
DA:11,0
DA:13,0
DA:15,0
DA:16,0
DA:18,0
DA:19,0
DA:20,0
DA:22,0
DA:26,0
DA:27,0
DA:28,0
DA:30,0
DA:35,0
DA:36,0
DA:39,0
DA:42,0
DA:45,0
DA:48,0
DA:53,0
DA:54,0
DA:55,0
DA:58,0
DA:61,0
DA:62,0
DA:64,0
DA:67,0
DA:71,0
DA:73,0
DA:74,0
DA:75,0
DA:76,0
DA:77,0
DA:78,0
DA:79,0
DA:81,0
DA:82,0
DA:83,0
DA:84,0
DA:85,0
DA:86,0
DA:87,0
DA:89,0
DA:90,0
DA:91,0
DA:92,0
DA:93,0
DA:94,0
DA:96,0
DA:97,0
DA:98,0
DA:99,0
DA:100,0
DA:102,0
DA:103,0
DA:104,0
DA:105,0
DA:106,0
DA:107,0
DA:109,0
DA:114,0
LF:63
LH:0
BRDA:19,0,0,0
BRDA:19,0,1,0
BRDA:27,1,0,0
BRDA:27,1,1,0
BRF:4
BRH:0
end_of_record
TN:
SF:server\test-database.ts
FN:11,testDatabaseSchema
FN:31,(anonymous_1)
FN:39,(anonymous_2)
FNF:3
FNH:0
FNDA:0,testDatabaseSchema
FNDA:0,(anonymous_1)
FNDA:0,(anonymous_2)
DA:1,0
DA:2,0
DA:3,0
DA:9,0
DA:12,0
DA:14,0
DA:16,0
DA:17,0
DA:18,0
DA:19,0
DA:21,0
DA:22,0
DA:26,0
DA:28,0
DA:29,0
DA:31,0
DA:32,0
DA:33,0
DA:35,0
DA:39,0
DA:40,0
DA:41,0
DA:43,0
DA:48,0
DA:49,0
DA:52,0
DA:55,0
DA:58,0
DA:61,0
DA:66,0
DA:69,0
DA:70,0
DA:71,0
DA:72,0
DA:78,0
DA:79,0
DA:82,0
DA:83,0
DA:85,0
DA:87,0
DA:88,0
DA:89,0
DA:90,0
DA:91,0
DA:92,0
DA:93,0
DA:95,0
DA:96,0
DA:97,0
DA:98,0
DA:99,0
DA:100,0
DA:101,0
DA:103,0
DA:104,0
DA:105,0
DA:106,0
DA:107,0
DA:109,0
DA:111,0
DA:116,0
LF:61
LH:0
BRDA:18,0,0,0
BRDA:18,0,1,0
BRDA:32,1,0,0
BRDA:32,1,1,0
BRDA:40,2,0,0
BRDA:40,2,1,0
BRF:6
BRH:0
end_of_record
TN:
SF:server\test-disambiguation.ts
FN:24,calculateDaysDifference
FN:33,formatDate
FN:45,testNextWeekDisambiguation
FN:61,(anonymous_3)
FN:73,testEndOfMonthDisambiguation
FN:89,(anonymous_5)
FN:99,testParseInputIntegration
FN:117,(anonymous_7)
FN:128,simulateDisambiguationAPI
FN:152,testAPIEndpointSimulation
FN:185,runTests
FNF:11
FNH:0
FNDA:0,calculateDaysDifference
FNDA:0,formatDate
FNDA:0,testNextWeekDisambiguation
FNDA:0,(anonymous_3)
FNDA:0,testEndOfMonthDisambiguation
FNDA:0,(anonymous_5)
FNDA:0,testParseInputIntegration
FNDA:0,(anonymous_7)
FNDA:0,simulateDisambiguationAPI
FNDA:0,testAPIEndpointSimulation
FNDA:0,runTests
DA:3,0
DA:11,0
DA:14,0
DA:25,0
DA:34,0
DA:46,0
DA:48,0
DA:53,0
DA:54,0
DA:55,0
DA:58,0
DA:59,0
DA:61,0
DA:62,0
DA:63,0
DA:64,0
DA:74,0
DA:76,0
DA:81,0
DA:82,0
DA:83,0
DA:86,0
DA:87,0
DA:89,0
DA:90,0
DA:100,0
DA:102,0
DA:107,0
DA:108,0
DA:109,0
DA:113,0
DA:117,0
DA:118,0
DA:129,0
DA:131,0
DA:136,0
DA:141,0
DA:153,0
DA:155,0
DA:160,0
DA:161,0
DA:162,0
DA:166,0
DA:170,0
DA:175,0
DA:176,0
DA:186,0
DA:187,0
DA:189,0
DA:190,0
DA:191,0
DA:192,0
DA:193,0
DA:195,0
DA:197,0
DA:198,0
DA:203,0
DA:204,0
DA:207,0
LF:59
LH:0
BRDA:53,0,0,0
BRDA:81,1,0,0
BRDA:110,2,0,0
BRDA:110,2,1,0
BRDA:113,3,0,0
BRDA:114,4,0,0
BRDA:114,4,1,0
BRDA:144,5,0,0
BRDA:144,5,1,0
BRDA:160,6,0,0
BRDA:160,6,1,0
BRDA:163,7,0,0
BRDA:163,7,1,0
BRDA:170,8,0,0
BRDA:171,9,0,0
BRDA:171,9,1,0
BRDA:171,9,2,0
BRDA:203,10,0,0
BRF:18
BRH:0
end_of_record
TN:
SF:server\test-nlp-api-simple.ts
FN:21,(anonymous_0)
FNF:1
FNH:0
FNDA:0,(anonymous_0)
DA:1,0
DA:3,0
DA:6,0
DA:21,0
DA:22,0
DA:23,0
DA:25,0
DA:26,0
DA:27,0
DA:38,0
DA:39,0
DA:42,0
DA:55,0
DA:58,0
LF:14
LH:0
BRDA:25,0,0,0
BRDA:25,0,1,0
BRDA:26,1,0,0
BRDA:26,1,1,0
BRDA:38,2,0,0
BRDA:40,3,0,0
BRDA:40,3,1,0
BRF:7
BRH:0
end_of_record
TN:
SF:server\test-task-api.ts
FN:4,testTaskManagementAPI
FN:22,(anonymous_1)
FN:38,(anonymous_2)
FNF:3
FNH:0
FNDA:0,testTaskManagementAPI
FNDA:0,(anonymous_1)
FNDA:0,(anonymous_2)
DA:5,0
DA:7,0
DA:9,0
DA:11,0
DA:22,0
DA:23,0
DA:27,0
DA:29,0
DA:38,0
DA:39,0
DA:43,0
DA:44,0
DA:45,0
DA:46,0
DA:47,0
DA:48,0
DA:49,0
DA:50,0
DA:53,0
DA:54,0
DA:55,0
DA:56,0
DA:57,0
DA:58,0
DA:61,0
DA:62,0
DA:65,0
DA:66,0
DA:67,0
DA:68,0
DA:69,0
DA:72,0
DA:73,0
DA:74,0
DA:75,0
DA:76,0
DA:77,0
DA:80,0
DA:81,0
DA:82,0
DA:83,0
DA:84,0
DA:86,0
DA:88,0
DA:89,0
DA:92,0
DA:93,0
DA:94,0
DA:95,0
DA:96,0
DA:98,0
DA:99,0
DA:100,0
DA:101,0
DA:102,0
DA:103,0
DA:104,0
DA:105,0
DA:106,0
DA:108,0
DA:109,0
DA:110,0
DA:113,0
DA:115,0
DA:116,0
DA:117,0
DA:118,0
DA:119,0
DA:121,0
DA:122,0
DA:123,0
DA:124,0
DA:125,0
DA:126,0
DA:128,0
DA:133,0
LF:76
LH:0
BRF:0
BRH:0
end_of_record
TN:
SF:server\config\parsingConfig.ts
FNF:0
FNH:0
DA:1,0
LF:1
LH:0
BRF:0
BRH:0
end_of_record
TN:
SF:server\middleware\auth.ts
FN:15,(anonymous_1)
FN:55,(anonymous_2)
FN:74,(anonymous_3)
FNF:3
FNH:0
FNDA:0,(anonymous_1)
FNDA:0,(anonymous_2)
FNDA:0,(anonymous_3)
DA:2,0
DA:3,0
DA:4,0
DA:6,0
DA:15,0
DA:20,0
DA:21,0
DA:22,0
DA:24,0
DA:25,0
DA:28,0
DA:29,0
DA:30,0
DA:33,0
DA:39,0
DA:44,0
DA:45,0
DA:48,0
DA:49,0
DA:51,0
DA:55,0
DA:56,0
DA:57,0
DA:59,0
DA:60,0
DA:63,0
DA:67,0
DA:71,0
DA:74,0
DA:75,0
DA:77,0
DA:78,0
DA:81,0
LF:33
LH:0
BRDA:22,0,0,0
BRDA:22,0,1,0
BRDA:24,1,0,0
BRDA:29,2,0,0
BRDA:44,3,0,0
BRDA:59,4,0,0
BRDA:59,5,0,0
BRDA:59,5,1,0
BRDA:77,6,0,0
BRF:9
BRH:0
end_of_record
TN:
SF:server\middleware\errorHandler.ts
FN:9,(anonymous_0)
FN:73,(anonymous_1)
FNF:2
FNH:0
FNDA:0,(anonymous_0)
FNDA:0,(anonymous_1)
DA:2,0
DA:9,0
DA:15,0
DA:16,0
DA:17,0
DA:20,0
DA:21,0
DA:23,0
DA:24,0
DA:25,0
DA:26,0
DA:28,0
DA:29,0
DA:30,0
DA:31,0
DA:33,0
DA:34,0
DA:35,0
DA:40,0
DA:41,0
DA:42,0
DA:46,0
DA:47,0
DA:48,0
DA:49,0
DA:52,0
DA:53,0
DA:54,0
DA:55,0
DA:59,0
DA:60,0
DA:63,0
DA:73,0
DA:78,0
DA:79,0
DA:80,0
DA:81,0
LF:37
LH:0
BRDA:15,0,0,0
BRDA:15,0,1,0
BRDA:16,1,0,0
BRDA:16,1,1,0
BRDA:17,2,0,0
BRDA:17,2,1,0
BRDA:20,3,0,0
BRDA:21,4,0,0
BRDA:21,4,1,0
BRDA:21,4,2,0
BRDA:40,5,0,0
BRDA:46,6,0,0
BRDA:52,7,0,0
BRDA:59,8,0,0
BRDA:68,9,0,0
BRDA:68,9,1,0
BRF:16
BRH:0
end_of_record
TN:
SF:server\middleware\validation.ts
FN:5,(anonymous_0)
FN:13,(anonymous_1)
FNF:2
FNH:0
FNDA:0,(anonymous_0)
FNDA:0,(anonymous_1)
DA:1,0
DA:3,0
DA:5,0
DA:10,0
DA:12,0
DA:13,0
DA:18,0
DA:19,0
DA:20,0
DA:23,0
DA:26,0
DA:43,0
DA:54,0
LF:13
LH:0
BRDA:12,0,0,0
BRDA:14,1,0,0
BRDA:14,1,1,0
BRF:3
BRH:0
end_of_record
TN:
SF:server\routes\auth.ts
FN:55,(anonymous_1)
FN:109,(anonymous_2)
FN:163,(anonymous_3)
FN:198,(anonymous_4)
FN:216,(anonymous_5)
FNF:5
FNH:0
FNDA:0,(anonymous_1)
FNDA:0,(anonymous_2)
FNDA:0,(anonymous_3)
FNDA:0,(anonymous_4)
FNDA:0,(anonymous_5)
DA:1,0
DA:2,0
DA:3,0
DA:5,0
DA:10,0
DA:16,0
DA:17,0
DA:19,0
DA:22,0
DA:25,0
DA:31,0
DA:36,0
DA:42,0
DA:51,0
DA:56,0
DA:57,0
DA:60,0
DA:64,0
DA:65,0
DA:73,0
DA:76,0
DA:85,0
DA:88,0
DA:90,0
DA:99,0
DA:105,0
DA:110,0
DA:111,0
DA:114,0
DA:119,0
DA:120,0
DA:128,0
DA:130,0
DA:131,0
DA:139,0
DA:143,0
DA:145,0
DA:154,0
DA:160,0
DA:164,0
DA:165,0
DA:168,0
DA:171,0
DA:176,0
DA:177,0
DA:181,0
DA:183,0
DA:189,0
DA:195,0
DA:199,0
DA:203,0
DA:207,0
DA:213,0
DA:217,0
DA:218,0
DA:223,0
DA:224,0
DA:227,0
DA:231,0
DA:236,0
LF:60
LH:0
BRDA:64,0,0,0
BRDA:119,1,0,0
BRDA:130,2,0,0
BRDA:176,3,0,0
BRDA:223,4,0,0
BRF:5
BRH:0
end_of_record
TN:
SF:server\routes\categories.ts
FN:32,(anonymous_1)
FN:45,(anonymous_2)
FN:79,(anonymous_3)
FN:135,(anonymous_4)
FN:173,(anonymous_5)
FN:248,(anonymous_6)
FN:282,(anonymous_7)
FN:332,(anonymous_8)
FNF:8
FNH:0
FNDA:0,(anonymous_1)
FNDA:0,(anonymous_2)
FNDA:0,(anonymous_3)
FNDA:0,(anonymous_4)
FNDA:0,(anonymous_5)
FNDA:0,(anonymous_6)
FNDA:0,(anonymous_7)
FNDA:0,(anonymous_8)
DA:1,0
DA:2,0
DA:3,0
DA:4,0
DA:5,0
DA:6,0
DA:7,0
DA:8,0
DA:14,0
DA:19,0
DA:22,0
DA:33,0
DA:34,0
DA:36,0
DA:43,0
DA:46,0
DA:47,0
DA:68,0
DA:70,0
DA:76,0
DA:80,0
DA:81,0
DA:84,0
DA:91,0
DA:92,0
DA:100,0
DA:120,0
DA:125,0
DA:131,0
DA:136,0
DA:137,0
DA:139,0
DA:157,0
DA:158,0
DA:161,0
DA:163,0
DA:169,0
DA:174,0
DA:175,0
DA:176,0
DA:179,0
DA:186,0
DA:187,0
DA:191,0
DA:192,0
DA:200,0
DA:201,0
DA:210,0
DA:229,0
DA:234,0
DA:240,0
DA:249,0
DA:250,0
DA:251,0
DA:254,0
DA:268,0
DA:269,0
DA:273,0
DA:274,0
DA:282,0
DA:283,0
DA:284,0
DA:286,0
DA:298,0
DA:311,0
DA:316,0
DA:322,0
DA:328,0
DA:333,0
DA:334,0
DA:335,0
DA:338,0
DA:345,0
DA:346,0
DA:355,0
DA:361,0
DA:362,0
DA:364,0
DA:367,0
DA:384,0
DA:395,0
DA:400,0
LF:82
LH:0
BRDA:33,0,0,0
BRDA:33,1,0,0
BRDA:33,1,1,0
BRDA:91,2,0,0
BRDA:104,3,0,0
BRDA:104,3,1,0
BRDA:157,4,0,0
BRDA:186,5,0,0
BRDA:191,6,0,0
BRDA:200,7,0,0
BRDA:214,8,0,0
BRDA:214,8,1,0
BRDA:251,9,0,0
BRDA:268,10,0,0
BRDA:273,11,0,0
BRDA:283,12,0,0
BRDA:284,13,0,0
BRDA:284,13,1,0
BRDA:335,14,0,0
BRDA:335,15,0,0
BRDA:345,16,0,0
BRDA:361,17,0,0
BRDA:361,17,1,0
BRDA:361,18,0,0
BRDA:361,18,1,0
BRF:25
BRH:0
end_of_record
TN:
SF:server\routes\nlp.ts
FN:25,(anonymous_1)
FN:75,(anonymous_2)
FN:124,(anonymous_3)
FN:172,(anonymous_4)
FNF:4
FNH:0
FNDA:0,(anonymous_1)
FNDA:0,(anonymous_2)
FNDA:0,(anonymous_3)
FNDA:0,(anonymous_4)
DA:1,0
DA:2,0
DA:3,0
DA:6,0
DA:12,0
DA:26,0
DA:27,0
DA:28,0
DA:35,0
DA:36,0
DA:37,0
DA:39,0
DA:41,0
DA:46,0
DA:48,0
DA:49,0
DA:62,0
DA:76,0
DA:77,0
DA:78,0
DA:85,0
DA:86,0
DA:87,0
DA:91,0
DA:93,0
DA:98,0
DA:99,0
DA:111,0
DA:125,0
DA:126,0
DA:127,0
DA:134,0
DA:135,0
DA:136,0
DA:138,0
DA:143,0
DA:149,0
DA:150,0
DA:163,0
DA:173,0
DA:174,0
DA:175,0
DA:182,0
DA:183,0
DA:185,0
DA:187,0
DA:192,0
DA:193,0
DA:201,0
LF:49
LH:0
BRDA:27,0,0,0
BRDA:37,1,0,0
BRDA:37,1,1,0
BRDA:77,2,0,0
BRDA:87,3,0,0
BRDA:87,3,1,0
BRDA:126,4,0,0
BRDA:136,5,0,0
BRDA:136,5,1,0
BRDA:174,6,0,0
BRF:10
BRH:0
end_of_record
TN:
SF:server\routes\tasks.ts
FN:50,(anonymous_1)
FN:68,(anonymous_2)
FN:154,(anonymous_3)
FN:212,(anonymous_4)
FN:242,(anonymous_5)
FN:363,(anonymous_6)
FN:404,(anonymous_7)
FN:468,(anonymous_8)
FN:516,(anonymous_9)
FNF:9
FNH:0
FNDA:0,(anonymous_1)
FNDA:0,(anonymous_2)
FNDA:0,(anonymous_3)
FNDA:0,(anonymous_4)
FNDA:0,(anonymous_5)
FNDA:0,(anonymous_6)
FNDA:0,(anonymous_7)
FNDA:0,(anonymous_8)
FNDA:0,(anonymous_9)
DA:1,0
DA:2,0
DA:3,0
DA:4,0
DA:5,0
DA:6,0
DA:7,0
DA:8,0
DA:16,0
DA:19,0
DA:22,0
DA:51,0
DA:52,0
DA:54,0
DA:66,0
DA:69,0
DA:77,0
DA:90,0
DA:95,0
DA:96,0
DA:98,0
DA:102,0
DA:103,0
DA:107,0
DA:108,0
DA:112,0
DA:113,0
DA:119,0
DA:133,0
DA:135,0
DA:145,0
DA:151,0
DA:155,0
DA:157,0
DA:160,0
DA:161,0
DA:168,0
DA:169,0
DA:178,0
DA:197,0
DA:202,0
DA:208,0
DA:213,0
DA:214,0
DA:216,0
DA:226,0
DA:227,0
DA:230,0
DA:232,0
DA:238,0
DA:243,0
DA:244,0
DA:253,0
DA:256,0
DA:263,0
DA:264,0
DA:268,0
DA:269,0
DA:276,0
DA:277,0
DA:298,0
DA:310,0
DA:311,0
DA:312,0
DA:315,0
DA:319,0
DA:323,0
DA:327,0
DA:331,0
DA:335,0
DA:340,0
DA:348,0
DA:353,0
DA:359,0
DA:364,0
DA:365,0
DA:368,0
DA:375,0
DA:376,0
DA:380,0
DA:391,0
DA:396,0
DA:402,0
DA:405,0
DA:406,0
DA:418,0
DA:424,0
DA:425,0
DA:429,0
DA:430,0
DA:436,0
DA:446,0
DA:448,0
DA:458,0
DA:464,0
DA:469,0
DA:470,0
DA:473,0
DA:481,0
DA:482,0
DA:490,0
DA:501,0
DA:506,0
DA:512,0
DA:517,0
DA:518,0
DA:521,0
DA:529,0
DA:530,0
DA:539,0
DA:548,0
DA:552,0
DA:553,0
DA:555,0
DA:558,0
DA:566,0
DA:571,0
DA:576,0
LF:118
LH:0
BRDA:51,0,0,0
BRDA:51,1,0,0
BRDA:51,1,1,0
BRDA:75,2,0,0
BRDA:76,3,0,0
BRDA:95,4,0,0
BRDA:95,4,1,0
BRDA:95,5,0,0
BRDA:95,5,1,0
BRDA:102,6,0,0
BRDA:102,7,0,0
BRDA:102,7,1,0
BRDA:107,8,0,0
BRDA:107,9,0,0
BRDA:107,9,1,0
BRDA:112,10,0,0
BRDA:160,11,0,0
BRDA:168,12,0,0
BRDA:182,13,0,0
BRDA:182,13,1,0
BRDA:185,14,0,0
BRDA:185,14,1,0
BRDA:186,15,0,0
BRDA:186,15,1,0
BRDA:187,16,0,0
BRDA:187,16,1,0
BRDA:190,17,0,0
BRDA:190,17,1,0
BRDA:226,18,0,0
BRDA:263,19,0,0
BRDA:268,20,0,0
BRDA:276,21,0,0
BRDA:300,22,0,0
BRDA:300,22,1,0
BRDA:301,23,0,0
BRDA:301,23,1,0
BRDA:302,24,0,0
BRDA:302,24,1,0
BRDA:303,25,0,0
BRDA:303,25,1,0
BRDA:306,26,0,0
BRDA:306,26,1,0
BRDA:310,27,0,0
BRDA:310,28,0,0
BRDA:310,28,1,0
BRDA:315,29,0,0
BRDA:316,30,0,0
BRDA:316,30,1,0
BRDA:323,31,0,0
BRDA:324,32,0,0
BRDA:324,32,1,0
BRDA:331,33,0,0
BRDA:332,34,0,0
BRDA:332,34,1,0
BRDA:375,35,0,0
BRDA:406,36,0,0
BRDA:406,37,0,0
BRDA:424,38,0,0
BRDA:424,39,0,0
BRDA:424,39,1,0
BRDA:429,40,0,0
BRDA:481,41,0,0
BRDA:529,42,0,0
BRDA:539,43,0,0
BRDA:539,43,1,0
BRDA:552,44,0,0
BRDA:552,44,1,0
BRDA:567,45,0,0
BRDA:567,45,1,0
BRF:69
BRH:0
end_of_record
TN:
SF:server\services\categoryService.ts
FN:39,(anonymous_0)
FN:47,(anonymous_1)
FN:60,(anonymous_2)
FN:88,(anonymous_3)
FN:124,(anonymous_4)
FN:154,(anonymous_5)
FN:181,(anonymous_6)
FNF:7
FNH:0
FNDA:0,(anonymous_0)
FNDA:0,(anonymous_1)
FNDA:0,(anonymous_2)
FNDA:0,(anonymous_3)
FNDA:0,(anonymous_4)
FNDA:0,(anonymous_5)
FNDA:0,(anonymous_6)
DA:1,0
DA:2,0
DA:3,0
DA:4,0
DA:24,0
DA:25,0
DA:40,0
DA:48,0
DA:53,0
DA:54,0
DA:57,0
DA:61,0
DA:62,0
DA:65,0
DA:69,0
DA:70,0
DA:77,0
DA:89,0
DA:90,0
DA:93,0
DA:96,0
DA:97,0
DA:105,0
DA:106,0
DA:114,0
DA:129,0
DA:132,0
DA:141,0
DA:142,0
DA:145,0
DA:146,0
DA:154,0
DA:155,0
DA:156,0
DA:157,0
DA:165,0
DA:172,0
DA:175,0
DA:190,0
DA:193,0
DA:195,0
DA:203,0
DA:218,0
LF:43
LH:0
BRDA:53,0,0,0
BRDA:69,1,0,0
BRDA:81,2,0,0
BRDA:81,2,1,0
BRDA:96,3,0,0
BRDA:105,4,0,0
BRDA:118,5,0,0
BRDA:118,5,1,0
BRDA:127,6,0,0
BRDA:129,7,0,0
BRDA:141,8,0,0
BRDA:145,9,0,0
BRDA:155,10,0,0
BRDA:156,11,0,0
BRDA:156,11,1,0
BRDA:184,12,0,0
BRDA:190,13,0,0
BRDA:190,14,0,0
BRDA:198,15,0,0
BRDA:198,15,1,0
BRF:20
BRH:0
end_of_record
TN:
SF:server\services\dateParsingService.ts
FN:175,(anonymous_9)
FN:281,(anonymous_10)
FN:303,(anonymous_11)
FN:342,(anonymous_12)
FN:362,(anonymous_13)
FN:381,(anonymous_14)
FN:390,(anonymous_15)
FN:405,(anonymous_16)
FN:433,(anonymous_17)
FN:481,(anonymous_18)
FN:590,(anonymous_19)
FN:601,(anonymous_20)
FN:612,(anonymous_21)
FN:631,(anonymous_22)
FN:639,(anonymous_23)
FN:677,(anonymous_24)
FN:688,(anonymous_25)
FNF:17
FNH:14
FNDA:8,(anonymous_9)
FNDA:4,(anonymous_10)
FNDA:8,(anonymous_11)
FNDA:4,(anonymous_12)
FNDA:5,(anonymous_13)
FNDA:40,(anonymous_14)
FNDA:55,(anonymous_15)
FNDA:3,(anonymous_16)
FNDA:8,(anonymous_17)
FNDA:43,(anonymous_18)
FNDA:8,(anonymous_19)
FNDA:0,(anonymous_20)
FNDA:0,(anonymous_21)
FNDA:0,(anonymous_22)
FNDA:8,(anonymous_23)
FNDA:35,(anonymous_24)
FNDA:1,(anonymous_25)
DA:1,2
DA:5,2
DA:20,2
DA:128,2
DA:147,2
DA:156,2
DA:166,2
DA:171,2
DA:179,8
DA:185,8
DA:188,8
DA:189,8
DA:190,1
DA:191,1
DA:194,1
DA:198,8
DA:199,8
DA:200,8
DA:201,8
DA:205,8
DA:209,8
DA:210,2
DA:212,2
DA:216,2
DA:221,6
DA:223,6
DA:224,4
DA:225,4
DA:228,4
DA:232,2
DA:233,2
DA:234,2
DA:235,2
DA:240,4
DA:243,4
DA:249,4
DA:253,4
DA:254,0
DA:260,8
DA:263,8
DA:269,8
DA:275,8
DA:282,4
DA:285,4
DA:286,2
DA:287,4
DA:288,2
DA:289,4
DA:290,2
DA:291,4
DA:292,2
DA:293,4
DA:294,2
DA:296,4
DA:307,8
DA:310,8
DA:311,2
DA:312,2
DA:313,2
DA:322,6
DA:326,0
DA:327,0
DA:328,0
DA:336,6
DA:347,4
DA:348,0
DA:355,4
DA:363,5
DA:366,5
DA:367,40
DA:368,40
DA:372,40
DA:375,5
DA:382,40
DA:383,40
DA:384,40
DA:391,55
DA:392,55
DA:394,55
DA:406,3
DA:407,3
DA:408,3
DA:411,3
DA:412,3
DA:416,3
DA:418,3
DA:419,15
DA:420,15
DA:424,15
DA:427,3
DA:439,8
DA:440,50
DA:441,50
DA:442,1
DA:451,7
DA:452,35
DA:453,35
DA:454,0
DA:463,7
DA:464,21
DA:465,21
DA:466,0
DA:474,7
DA:486,43
DA:490,43
DA:497,43
DA:529,43
DA:530,129
DA:531,4257
DA:532,4257
DA:534,76
DA:537,76
DA:542,51
DA:543,25
DA:544,8
DA:547,76
DA:549,76
DA:550,76
DA:556,43
DA:557,43
DA:558,43
DA:560,43
DA:561,129
DA:562,42
DA:563,42
DA:564,42
DA:569,43
DA:570,43
DA:571,39
DA:572,22
DA:573,17
DA:574,12
DA:576,5
DA:580,43
DA:591,8
DA:605,0
DA:606,0
DA:614,0
DA:616,0
DA:617,0
DA:618,0
DA:620,0
DA:621,0
DA:625,0
DA:632,0
DA:643,8
DA:644,8
DA:647,8
DA:648,3
DA:656,8
DA:660,3
DA:663,3
DA:670,8
DA:682,35
DA:689,1
DA:694,2
LF:156
LH:139
BRDA:177,0,0,6
BRDA:189,1,0,1
BRDA:199,2,0,8
BRDA:209,3,0,2
BRDA:209,3,1,6
BRDA:223,4,0,4
BRDA:228,5,0,2
BRDA:229,6,0,4
BRDA:229,6,1,2
BRDA:234,7,0,2
BRDA:234,8,0,2
BRDA:234,8,1,2
BRDA:253,9,0,0
BRDA:263,10,0,8
BRDA:264,11,0,8
BRDA:264,11,1,4
BRDA:264,11,2,3
BRDA:264,11,3,0
BRDA:264,11,4,0
BRDA:285,12,0,2
BRDA:287,13,0,2
BRDA:289,14,0,2
BRDA:291,15,0,2
BRDA:293,16,0,2
BRDA:310,17,0,2
BRDA:312,18,0,2
BRDA:322,19,0,0
BRDA:323,20,0,6
BRDA:323,20,1,6
BRDA:327,21,0,0
BRDA:347,22,0,0
BRDA:441,23,0,1
BRDA:453,24,0,0
BRDA:465,25,0,0
BRDA:532,26,0,76
BRDA:537,27,0,51
BRDA:537,27,1,25
BRDA:543,28,0,8
BRDA:547,29,0,0
BRDA:561,30,0,42
BRDA:570,31,0,39
BRDA:571,32,0,22
BRDA:571,32,1,17
BRDA:573,33,0,12
BRDA:573,33,1,5
BRDA:581,34,0,39
BRDA:581,34,1,4
BRDA:603,35,0,0
BRDA:606,36,0,0
BRDA:606,36,1,0
BRDA:616,37,0,0
BRDA:620,38,0,0
BRDA:620,39,0,0
BRDA:620,39,1,0
BRDA:620,39,2,0
BRDA:620,39,3,0
BRDA:641,40,0,0
BRDA:647,41,0,3
BRDA:656,42,0,3
BRDA:657,43,0,8
BRDA:657,43,1,6
BRDA:660,44,0,1
BRDA:660,44,1,2
BRF:63
BRH:44
end_of_record
TN:
SF:server\services\extractors\BaseExtractor.ts
FN:14,(anonymous_0)
FN:28,(anonymous_1)
FN:29,(anonymous_2)
FNF:3
FNH:0
FNDA:0,(anonymous_0)
FNDA:0,(anonymous_1)
FNDA:0,(anonymous_2)
DA:8,0
DA:15,0
DA:16,0
DA:18,0
DA:19,0
DA:20,0
DA:21,0
DA:25,0
DA:29,0
DA:30,0
DA:31,0
DA:32,0
DA:33,0
LF:13
LH:0
BRDA:20,0,0,0
BRDA:31,1,0,0
BRDA:32,2,0,0
BRF:3
BRH:0
end_of_record
TN:
SF:server\types\nlp.ts
FN:53,isPriority
FN:57,isValidConfidence
FN:61,isValidTimeFormat
FN:67,validateParsedInput
FNF:4
FNH:0
FNDA:0,isPriority
FNDA:0,isValidConfidence
FNDA:0,isValidTimeFormat
FNDA:0,validateParsedInput
DA:53,0
DA:54,0
DA:57,0
DA:58,0
DA:61,0
DA:62,0
DA:63,0
DA:67,0
DA:68,0
DA:70,0
DA:71,0
DA:74,0
DA:75,0
DA:78,0
DA:79,0
DA:82,0
DA:83,0
DA:86,0
DA:90,0
LF:19
LH:0
BRDA:58,0,0,0
BRDA:58,0,1,0
BRDA:58,0,2,0
BRDA:70,1,0,0
BRDA:70,2,0,0
BRDA:70,2,1,0
BRDA:74,3,0,0
BRDA:78,4,0,0
BRDA:78,5,0,0
BRDA:78,5,1,0
BRDA:82,6,0,0
BRDA:82,7,0,0
BRDA:82,7,1,0
BRF:13
BRH:0
end_of_record
TN:
SF:server\types\parsing.ts
FN:35,(anonymous_0)
FN:39,(anonymous_1)
FN:45,(anonymous_2)
FNF:3
FNH:0
FNDA:0,(anonymous_0)
FNDA:0,(anonymous_1)
FNDA:0,(anonymous_2)
DA:35,0
DA:36,0
DA:39,0
DA:40,0
DA:45,0
DA:46,0
DA:47,0
LF:7
LH:0
BRDA:36,0,0,0
BRDA:36,0,1,0
BRDA:41,1,0,0
BRDA:41,1,1,0
BRF:4
BRH:0
end_of_record
TN:
SF:server\utils\database.ts
FN:23,checkDatabaseConnection
FN:34,createDefaultCategories
FN:70,cleanupDatabase
FN:81,disconnectDatabase
FNF:4
FNH:0
FNDA:0,checkDatabaseConnection
FNDA:0,createDefaultCategories
FNDA:0,cleanupDatabase
FNDA:0,disconnectDatabase
DA:1,0
DA:9,0
DA:18,0
DA:19,0
DA:23,0
DA:24,0
DA:25,0
DA:26,0
DA:28,0
DA:29,0
DA:34,0
DA:35,0
DA:56,0
DA:57,0
DA:62,0
DA:64,0
DA:65,0
DA:70,0
DA:71,0
DA:73,0
DA:74,0
DA:75,0
DA:76,0
DA:81,0
DA:82,0
LF:25
LH:0
BRDA:10,0,0,0
BRDA:10,0,1,0
BRDA:13,1,0,0
BRDA:13,1,1,0
BRDA:18,2,0,0
BRDA:71,3,0,0
BRF:6
BRH:0
end_of_record
TN:
SF:server\utils\dateUtils.ts
FN:8,(anonymous_0)
FN:17,(anonymous_1)
FN:26,(anonymous_2)
FN:34,(anonymous_3)
FNF:4
FNH:0
FNDA:0,(anonymous_0)
FNDA:0,(anonymous_1)
FNDA:0,(anonymous_2)
FNDA:0,(anonymous_3)
DA:4,0
DA:9,0
DA:10,0
DA:11,0
DA:18,0
DA:19,0
DA:20,0
DA:27,0
DA:28,0
DA:35,0
LF:10
LH:0
BRDA:27,0,0,0
BRDA:27,0,1,0
BRDA:36,1,0,0
BRDA:36,1,1,0
BRF:4
BRH:0
end_of_record
TN:
SF:server\utils\memoization.ts
FN:8,(anonymous_0)
FN:13,(anonymous_1)
FN:28,(anonymous_2)
FN:35,(anonymous_3)
FN:39,(anonymous_4)
FN:45,memoize
FN:48,(anonymous_6)
FN:55,(anonymous_7)
FNF:8
FNH:0
FNDA:0,(anonymous_0)
FNDA:0,(anonymous_1)
FNDA:0,(anonymous_2)
FNDA:0,(anonymous_3)
FNDA:0,(anonymous_4)
FNDA:0,memoize
FNDA:0,(anonymous_6)
FNDA:0,(anonymous_7)
DA:4,0
DA:5,0
DA:10,0
DA:14,0
DA:16,0
DA:17,0
DA:20,0
DA:21,0
DA:22,0
DA:25,0
DA:29,0
DA:36,0
DA:40,0
DA:45,0
DA:46,0
DA:48,0
DA:53,0
DA:55,0
DA:56,0
DA:57,0
DA:59,0
DA:60,0
DA:63,0
DA:64,0
DA:65,0
LF:25
LH:0
BRDA:8,0,0,0
BRDA:16,1,0,0
BRDA:20,2,0,0
BRDA:59,3,0,0
BRF:4
BRH:0
end_of_record
TN:
SF:server\utils\queryParsers.ts
FN:1,(anonymous_0)
FN:14,(anonymous_1)
FN:21,(anonymous_2)
FN:37,(anonymous_3)
FNF:4
FNH:0
FNDA:0,(anonymous_0)
FNDA:0,(anonymous_1)
FNDA:0,(anonymous_2)
FNDA:0,(anonymous_3)
DA:1,0
DA:6,0
DA:8,0
DA:9,0
DA:11,0
DA:14,0
DA:18,0
DA:21,0
DA:25,0
DA:26,0
DA:27,0
DA:29,0
DA:37,0
DA:40,0
LF:14
LH:0
BRDA:6,0,0,0
BRDA:9,1,0,0
BRDA:11,2,0,0
BRDA:11,2,1,0
BRDA:18,3,0,0
BRDA:18,3,1,0
BRDA:25,4,0,0
BRDA:26,5,0,0
BRF:8
BRH:0
end_of_record
TN:
SF:server\utils\regexCache.ts
FN:7,(anonymous_0)
FN:20,(anonymous_1)
FN:30,(anonymous_2)
FN:34,(anonymous_3)
FNF:4
FNH:0
FNDA:0,(anonymous_0)
FNDA:0,(anonymous_1)
FNDA:0,(anonymous_2)
FNDA:0,(anonymous_3)
DA:4,0
DA:5,0
DA:8,0
DA:10,0
DA:11,0
DA:17,0
DA:21,0
DA:23,0
DA:24,0
DA:27,0
DA:31,0
DA:35,0
LF:12
LH:0
BRDA:7,0,0,0
BRDA:10,1,0,0
BRDA:20,2,0,0
BRDA:23,3,0,0
BRF:4
BRH:0
end_of_record
TN:
SF:server\utils\responseFormatters.ts
FN:18,(anonymous_0)
FN:33,(anonymous_1)
FN:50,(anonymous_2)
FN:58,(anonymous_3)
FN:68,(anonymous_4)
FNF:5
FNH:0
FNDA:0,(anonymous_0)
FNDA:0,(anonymous_1)
FNDA:0,(anonymous_2)
FNDA:0,(anonymous_3)
FNDA:0,(anonymous_4)
DA:17,0
DA:24,0
DA:30,0
DA:40,0
DA:47,0
DA:55,0
DA:59,0
DA:64,0
DA:68,0
DA:72,0
LF:10
LH:0
BRDA:22,0,0,0
BRDA:27,1,0,0
BRDA:27,1,1,0
BRDA:38,2,0,0
BRDA:44,3,0,0
BRDA:44,3,1,0
BRDA:53,4,0,0
BRDA:58,5,0,0
BRF:8
BRH:0
end_of_record
TN:
SF:server\utils\validation.ts
FN:5,isValidPriority
FN:10,isValidStatus
FN:15,isValidEmail
FN:20,isValidColor
FN:25,sanitizeTaskTitle
FN:29,sanitizeTaskDescription
FN:33,sanitizeCategoryName
FN:56,isPriorityEnum
FN:63,isStatusEnum
FNF:9
FNH:0
FNDA:0,isValidPriority
FNDA:0,isValidStatus
FNDA:0,isValidEmail
FNDA:0,isValidColor
FNDA:0,sanitizeTaskTitle
FNDA:0,sanitizeTaskDescription
FNDA:0,sanitizeCategoryName
FNDA:0,isPriorityEnum
FNDA:0,isStatusEnum
DA:1,0
DA:5,0
DA:6,0
DA:7,0
DA:10,0
DA:11,0
DA:12,0
DA:15,0
DA:16,0
DA:17,0
DA:20,0
DA:21,0
DA:22,0
DA:25,0
DA:26,0
DA:29,0
DA:30,0
DA:33,0
DA:34,0
DA:38,0
DA:56,0
DA:57,0
DA:63,0
DA:64,0
LF:24
LH:0
BRDA:58,0,0,0
BRDA:58,0,1,0
BRDA:65,1,0,0
BRDA:65,1,1,0
BRF:4
BRH:0
end_of_record
TN:
SF:server\validation\categoryValidation.ts
FN:23,(anonymous_0)
FNF:1
FNH:0
FNDA:0,(anonymous_0)
DA:1,0
DA:2,0
DA:3,0
DA:5,0
DA:13,0
DA:24,0
DA:25,0
DA:27,0
DA:33,0
DA:38,0
DA:47,0
LF:11
LH:0
BRDA:24,0,0,0
BRDA:24,1,0,0
BRDA:24,1,1,0
BRF:3
BRH:0
end_of_record
